WARNING:tensorflow:From /global/u2/a/arissa/RayLeaf/leaf/models/femnist/cnn.py:26: conv2d (from tensorflow.python.layers.convolutional) is deprecated and will be removed in a future version.
Instructions for updating:
Use `tf.keras.layers.Conv2D` instead.
WARNING:tensorflow:From /usr/common/software/tensorflow/intel-tensorflow/1.15.0-py37/lib/python3.7/site-packages/tensorflow_core/python/layers/convolutional.py:424: Layer.apply (from tensorflow.python.keras.engine.base_layer) is deprecated and will be removed in a future version.
Instructions for updating:
Please use `layer.__call__` method instead.
WARNING:tensorflow:From /global/u2/a/arissa/RayLeaf/leaf/models/femnist/cnn.py:27: max_pooling2d (from tensorflow.python.layers.pooling) is deprecated and will be removed in a future version.
Instructions for updating:
Use keras.layers.MaxPooling2D instead.
WARNING:tensorflow:From /global/u2/a/arissa/RayLeaf/leaf/models/femnist/cnn.py:36: dense (from tensorflow.python.layers.core) is deprecated and will be removed in a future version.
Instructions for updating:
Use keras.layers.Dense instead.
WARNING:tensorflow:From /usr/common/software/tensorflow/intel-tensorflow/1.15.0-py37/lib/python3.7/site-packages/tensorflow_core/python/ops/losses/losses_impl.py:121: where (from tensorflow.python.ops.array_ops) is deprecated and will be removed in a future version.
Instructions for updating:
Use tf.where in 2.0, which has the same broadcast rule as np.where
2021-03-12 02:51:50.248765: I tensorflow/core/platform/cpu_feature_guard.cc:145] This TensorFlow binary is optimized with Intel(R) MKL-DNN to use the following CPU instructions in performance critical operations:  SSE4.1 SSE4.2 AVX AVX2 FMA
To enable them in non-MKL-DNN operations, rebuild TensorFlow with the appropriate compiler flags.
2021-03-12 02:51:50.268138: I tensorflow/core/platform/profile_utils/cpu_utils.cc:94] CPU Frequency: 2300150000 Hz
2021-03-12 02:51:50.268637: I tensorflow/compiler/xla/service/service.cc:168] XLA service 0x555558a3f8d0 initialized for platform Host (this does not guarantee that XLA will be used). Devices:
2021-03-12 02:51:50.268736: I tensorflow/compiler/xla/service/service.cc:176]   StreamExecutor device (0): Host, Default Version
2021-03-12 02:51:50,977	INFO services.py:1092 -- View the Ray dashboard at [1m[32mhttp://127.0.0.1:8265[39m[22m
OMP: Info #154: KMP_AFFINITY: Initial OS proc set respected: 0-63
OMP: Info #213: KMP_AFFINITY: decoding x2APIC ids.
OMP: Info #276: KMP_AFFINITY: Affinity capable, using global cpuid leaf 11 info
OMP: Info #156: KMP_AFFINITY: 64 available OS procs
OMP: Info #157: KMP_AFFINITY: Uniform topology
OMP: Info #191: KMP_AFFINITY: 2 sockets x 16 cores/socket x 2 threads/core (32 total cores)
OMP: Info #215: KMP_AFFINITY: OS proc to physical thread map:
OMP: Info #171: KMP_AFFINITY: OS proc 0 maps to socket 0 core 0 thread 0 
OMP: Info #171: KMP_AFFINITY: OS proc 32 maps to socket 0 core 0 thread 1 
OMP: Info #171: KMP_AFFINITY: OS proc 1 maps to socket 0 core 1 thread 0 
OMP: Info #171: KMP_AFFINITY: OS proc 33 maps to socket 0 core 1 thread 1 
OMP: Info #171: KMP_AFFINITY: OS proc 2 maps to socket 0 core 2 thread 0 
OMP: Info #171: KMP_AFFINITY: OS proc 34 maps to socket 0 core 2 thread 1 
OMP: Info #171: KMP_AFFINITY: OS proc 3 maps to socket 0 core 3 thread 0 
OMP: Info #171: KMP_AFFINITY: OS proc 35 maps to socket 0 core 3 thread 1 
OMP: Info #171: KMP_AFFINITY: OS proc 4 maps to socket 0 core 4 thread 0 
OMP: Info #171: KMP_AFFINITY: OS proc 36 maps to socket 0 core 4 thread 1 
OMP: Info #171: KMP_AFFINITY: OS proc 5 maps to socket 0 core 5 thread 0 
OMP: Info #171: KMP_AFFINITY: OS proc 37 maps to socket 0 core 5 thread 1 
OMP: Info #171: KMP_AFFINITY: OS proc 6 maps to socket 0 core 6 thread 0 
OMP: Info #171: KMP_AFFINITY: OS proc 38 maps to socket 0 core 6 thread 1 
OMP: Info #171: KMP_AFFINITY: OS proc 7 maps to socket 0 core 7 thread 0 
OMP: Info #171: KMP_AFFINITY: OS proc 39 maps to socket 0 core 7 thread 1 
OMP: Info #171: KMP_AFFINITY: OS proc 8 maps to socket 0 core 8 thread 0 
OMP: Info #171: KMP_AFFINITY: OS proc 40 maps to socket 0 core 8 thread 1 
OMP: Info #171: KMP_AFFINITY: OS proc 9 maps to socket 0 core 9 thread 0 
OMP: Info #171: KMP_AFFINITY: OS proc 41 maps to socket 0 core 9 thread 1 
OMP: Info #171: KMP_AFFINITY: OS proc 10 maps to socket 0 core 10 thread 0 
OMP: Info #171: KMP_AFFINITY: OS proc 42 maps to socket 0 core 10 thread 1 
OMP: Info #171: KMP_AFFINITY: OS proc 11 maps to socket 0 core 11 thread 0 
OMP: Info #171: KMP_AFFINITY: OS proc 43 maps to socket 0 core 11 thread 1 
OMP: Info #171: KMP_AFFINITY: OS proc 12 maps to socket 0 core 12 thread 0 
OMP: Info #171: KMP_AFFINITY: OS proc 44 maps to socket 0 core 12 thread 1 
OMP: Info #171: KMP_AFFINITY: OS proc 13 maps to socket 0 core 13 thread 0 
OMP: Info #171: KMP_AFFINITY: OS proc 45 maps to socket 0 core 13 thread 1 
OMP: Info #171: KMP_AFFINITY: OS proc 14 maps to socket 0 core 14 thread 0 
OMP: Info #171: KMP_AFFINITY: OS proc 46 maps to socket 0 core 14 thread 1 
OMP: Info #171: KMP_AFFINITY: OS proc 15 maps to socket 0 core 15 thread 0 
OMP: Info #171: KMP_AFFINITY: OS proc 47 maps to socket 0 core 15 thread 1 
OMP: Info #171: KMP_AFFINITY: OS proc 16 maps to socket 1 core 0 thread 0 
OMP: Info #171: KMP_AFFINITY: OS proc 48 maps to socket 1 core 0 thread 1 
OMP: Info #171: KMP_AFFINITY: OS proc 17 maps to socket 1 core 1 thread 0 
OMP: Info #171: KMP_AFFINITY: OS proc 49 maps to socket 1 core 1 thread 1 
OMP: Info #171: KMP_AFFINITY: OS proc 18 maps to socket 1 core 2 thread 0 
OMP: Info #171: KMP_AFFINITY: OS proc 50 maps to socket 1 core 2 thread 1 
OMP: Info #171: KMP_AFFINITY: OS proc 19 maps to socket 1 core 3 thread 0 
OMP: Info #171: KMP_AFFINITY: OS proc 51 maps to socket 1 core 3 thread 1 
OMP: Info #171: KMP_AFFINITY: OS proc 20 maps to socket 1 core 4 thread 0 
OMP: Info #171: KMP_AFFINITY: OS proc 52 maps to socket 1 core 4 thread 1 
OMP: Info #171: KMP_AFFINITY: OS proc 21 maps to socket 1 core 5 thread 0 
OMP: Info #171: KMP_AFFINITY: OS proc 53 maps to socket 1 core 5 thread 1 
OMP: Info #171: KMP_AFFINITY: OS proc 22 maps to socket 1 core 6 thread 0 
OMP: Info #171: KMP_AFFINITY: OS proc 54 maps to socket 1 core 6 thread 1 
OMP: Info #171: KMP_AFFINITY: OS proc 23 maps to socket 1 core 7 thread 0 
OMP: Info #171: KMP_AFFINITY: OS proc 55 maps to socket 1 core 7 thread 1 
OMP: Info #171: KMP_AFFINITY: OS proc 24 maps to socket 1 core 8 thread 0 
OMP: Info #171: KMP_AFFINITY: OS proc 56 maps to socket 1 core 8 thread 1 
OMP: Info #171: KMP_AFFINITY: OS proc 25 maps to socket 1 core 9 thread 0 
OMP: Info #171: KMP_AFFINITY: OS proc 57 maps to socket 1 core 9 thread 1 
OMP: Info #171: KMP_AFFINITY: OS proc 26 maps to socket 1 core 10 thread 0 
OMP: Info #171: KMP_AFFINITY: OS proc 58 maps to socket 1 core 10 thread 1 
OMP: Info #171: KMP_AFFINITY: OS proc 27 maps to socket 1 core 11 thread 0 
OMP: Info #171: KMP_AFFINITY: OS proc 59 maps to socket 1 core 11 thread 1 
OMP: Info #171: KMP_AFFINITY: OS proc 28 maps to socket 1 core 12 thread 0 
OMP: Info #171: KMP_AFFINITY: OS proc 60 maps to socket 1 core 12 thread 1 
OMP: Info #171: KMP_AFFINITY: OS proc 29 maps to socket 1 core 13 thread 0 
OMP: Info #171: KMP_AFFINITY: OS proc 61 maps to socket 1 core 13 thread 1 
OMP: Info #171: KMP_AFFINITY: OS proc 30 maps to socket 1 core 14 thread 0 
OMP: Info #171: KMP_AFFINITY: OS proc 62 maps to socket 1 core 14 thread 1 
OMP: Info #171: KMP_AFFINITY: OS proc 31 maps to socket 1 core 15 thread 0 
OMP: Info #171: KMP_AFFINITY: OS proc 63 maps to socket 1 core 15 thread 1 
OMP: Info #251: KMP_AFFINITY: pid 47811 tid 47811 thread 0 bound to OS proc set 0
OMP: Info #251: KMP_AFFINITY: pid 47811 tid 49289 thread 1 bound to OS proc set 1
[2m[36m(pid=47959)[0m WARNING:tensorflow:From /global/u2/a/arissa/RayLeaf/leaf/models/femnist/cnn.py:26: conv2d (from tensorflow.python.layers.convolutional) is deprecated and will be removed in a future version.
[2m[36m(pid=47959)[0m Instructions for updating:
[2m[36m(pid=47959)[0m Use `tf.keras.layers.Conv2D` instead.
[2m[36m(pid=47959)[0m WARNING:tensorflow:From /usr/common/software/tensorflow/intel-tensorflow/1.15.0-py37/lib/python3.7/site-packages/tensorflow_core/python/layers/convolutional.py:424: Layer.apply (from tensorflow.python.keras.engine.base_layer) is deprecated and will be removed in a future version.
[2m[36m(pid=47959)[0m Instructions for updating:
[2m[36m(pid=47959)[0m Please use `layer.__call__` method instead.
[2m[36m(pid=47959)[0m WARNING:tensorflow:From /global/u2/a/arissa/RayLeaf/leaf/models/femnist/cnn.py:27: max_pooling2d (from tensorflow.python.layers.pooling) is deprecated and will be removed in a future version.
[2m[36m(pid=47959)[0m Instructions for updating:
[2m[36m(pid=47959)[0m Use keras.layers.MaxPooling2D instead.
[2m[36m(pid=47959)[0m WARNING:tensorflow:From /global/u2/a/arissa/RayLeaf/leaf/models/femnist/cnn.py:36: dense (from tensorflow.python.layers.core) is deprecated and will be removed in a future version.
[2m[36m(pid=47959)[0m Instructions for updating:
[2m[36m(pid=47959)[0m Use keras.layers.Dense instead.
[2m[36m(pid=47959)[0m WARNING:tensorflow:From /usr/common/software/tensorflow/intel-tensorflow/1.15.0-py37/lib/python3.7/site-packages/tensorflow_core/python/ops/losses/losses_impl.py:121: where (from tensorflow.python.ops.array_ops) is deprecated and will be removed in a future version.
[2m[36m(pid=47959)[0m Instructions for updating:
[2m[36m(pid=47959)[0m Use tf.where in 2.0, which has the same broadcast rule as np.where
[2m[36m(pid=47965)[0m WARNING:tensorflow:From /global/u2/a/arissa/RayLeaf/leaf/models/femnist/cnn.py:26: conv2d (from tensorflow.python.layers.convolutional) is deprecated and will be removed in a future version.
[2m[36m(pid=47965)[0m Instructions for updating:
[2m[36m(pid=47965)[0m Use `tf.keras.layers.Conv2D` instead.
[2m[36m(pid=47965)[0m WARNING:tensorflow:From /usr/common/software/tensorflow/intel-tensorflow/1.15.0-py37/lib/python3.7/site-packages/tensorflow_core/python/layers/convolutional.py:424: Layer.apply (from tensorflow.python.keras.engine.base_layer) is deprecated and will be removed in a future version.
[2m[36m(pid=47965)[0m Instructions for updating:
[2m[36m(pid=47965)[0m Please use `layer.__call__` method instead.
[2m[36m(pid=47965)[0m WARNING:tensorflow:From /global/u2/a/arissa/RayLeaf/leaf/models/femnist/cnn.py:27: max_pooling2d (from tensorflow.python.layers.pooling) is deprecated and will be removed in a future version.
[2m[36m(pid=47965)[0m Instructions for updating:
[2m[36m(pid=47965)[0m Use keras.layers.MaxPooling2D instead.
[2m[36m(pid=47965)[0m WARNING:tensorflow:From /global/u2/a/arissa/RayLeaf/leaf/models/femnist/cnn.py:36: dense (from tensorflow.python.layers.core) is deprecated and will be removed in a future version.
[2m[36m(pid=47965)[0m Instructions for updating:
[2m[36m(pid=47965)[0m Use keras.layers.Dense instead.
[2m[36m(pid=47965)[0m WARNING:tensorflow:From /usr/common/software/tensorflow/intel-tensorflow/1.15.0-py37/lib/python3.7/site-packages/tensorflow_core/python/ops/losses/losses_impl.py:121: where (from tensorflow.python.ops.array_ops) is deprecated and will be removed in a future version.
[2m[36m(pid=47965)[0m Instructions for updating:
[2m[36m(pid=47965)[0m Use tf.where in 2.0, which has the same broadcast rule as np.where
[2m[36m(pid=47959)[0m 2021-03-12 02:52:06.301580: I tensorflow/core/platform/cpu_feature_guard.cc:145] This TensorFlow binary is optimized with Intel(R) MKL-DNN to use the following CPU instructions in performance critical operations:  SSE4.1 SSE4.2 AVX AVX2 FMA
[2m[36m(pid=47959)[0m To enable them in non-MKL-DNN operations, rebuild TensorFlow with the appropriate compiler flags.
[2m[36m(pid=47959)[0m 2021-03-12 02:52:06.312474: I tensorflow/core/platform/profile_utils/cpu_utils.cc:94] CPU Frequency: 2300150000 Hz
[2m[36m(pid=47959)[0m 2021-03-12 02:52:06.312598: I tensorflow/compiler/xla/service/service.cc:168] XLA service 0x555558fa5400 initialized for platform Host (this does not guarantee that XLA will be used). Devices:
[2m[36m(pid=47959)[0m 2021-03-12 02:52:06.312615: I tensorflow/compiler/xla/service/service.cc:176]   StreamExecutor device (0): Host, Default Version
[2m[36m(pid=47978)[0m WARNING:tensorflow:From /global/u2/a/arissa/RayLeaf/leaf/models/femnist/cnn.py:26: conv2d (from tensorflow.python.layers.convolutional) is deprecated and will be removed in a future version.
[2m[36m(pid=47978)[0m Instructions for updating:
[2m[36m(pid=47978)[0m Use `tf.keras.layers.Conv2D` instead.
[2m[36m(pid=47978)[0m WARNING:tensorflow:From /usr/common/software/tensorflow/intel-tensorflow/1.15.0-py37/lib/python3.7/site-packages/tensorflow_core/python/layers/convolutional.py:424: Layer.apply (from tensorflow.python.keras.engine.base_layer) is deprecated and will be removed in a future version.
[2m[36m(pid=47978)[0m Instructions for updating:
[2m[36m(pid=47978)[0m Please use `layer.__call__` method instead.
[2m[36m(pid=47978)[0m WARNING:tensorflow:From /global/u2/a/arissa/RayLeaf/leaf/models/femnist/cnn.py:27: max_pooling2d (from tensorflow.python.layers.pooling) is deprecated and will be removed in a future version.
[2m[36m(pid=47978)[0m Instructions for updating:
[2m[36m(pid=47978)[0m Use keras.layers.MaxPooling2D instead.
[2m[36m(pid=47965)[0m 2021-03-12 02:52:06.362017: I tensorflow/core/platform/cpu_feature_guard.cc:145] This TensorFlow binary is optimized with Intel(R) MKL-DNN to use the following CPU instructions in performance critical operations:  SSE4.1 SSE4.2 AVX AVX2 FMA
[2m[36m(pid=47965)[0m To enable them in non-MKL-DNN operations, rebuild TensorFlow with the appropriate compiler flags.
[2m[36m(pid=47965)[0m 2021-03-12 02:52:06.370916: I tensorflow/core/platform/profile_utils/cpu_utils.cc:94] CPU Frequency: 2300150000 Hz
[2m[36m(pid=47965)[0m 2021-03-12 02:52:06.371018: I tensorflow/compiler/xla/service/service.cc:168] XLA service 0x55555d909890 initialized for platform Host (this does not guarantee that XLA will be used). Devices:
[2m[36m(pid=47965)[0m 2021-03-12 02:52:06.371031: I tensorflow/compiler/xla/service/service.cc:176]   StreamExecutor device (0): Host, Default Version
[2m[36m(pid=47978)[0m WARNING:tensorflow:From /global/u2/a/arissa/RayLeaf/leaf/models/femnist/cnn.py:36: dense (from tensorflow.python.layers.core) is deprecated and will be removed in a future version.
[2m[36m(pid=47978)[0m Instructions for updating:
[2m[36m(pid=47978)[0m Use keras.layers.Dense instead.
[2m[36m(pid=47978)[0m WARNING:tensorflow:From /usr/common/software/tensorflow/intel-tensorflow/1.15.0-py37/lib/python3.7/site-packages/tensorflow_core/python/ops/losses/losses_impl.py:121: where (from tensorflow.python.ops.array_ops) is deprecated and will be removed in a future version.
[2m[36m(pid=47978)[0m Instructions for updating:
[2m[36m(pid=47978)[0m Use tf.where in 2.0, which has the same broadcast rule as np.where
[2m[36m(pid=47970)[0m WARNING:tensorflow:From /global/u2/a/arissa/RayLeaf/leaf/models/femnist/cnn.py:26: conv2d (from tensorflow.python.layers.convolutional) is deprecated and will be removed in a future version.
[2m[36m(pid=47970)[0m Instructions for updating:
[2m[36m(pid=47970)[0m Use `tf.keras.layers.Conv2D` instead.
[2m[36m(pid=47970)[0m WARNING:tensorflow:From /usr/common/software/tensorflow/intel-tensorflow/1.15.0-py37/lib/python3.7/site-packages/tensorflow_core/python/layers/convolutional.py:424: Layer.apply (from tensorflow.python.keras.engine.base_layer) is deprecated and will be removed in a future version.
[2m[36m(pid=47970)[0m Instructions for updating:
[2m[36m(pid=47970)[0m Please use `layer.__call__` method instead.
[2m[36m(pid=47970)[0m WARNING:tensorflow:From /global/u2/a/arissa/RayLeaf/leaf/models/femnist/cnn.py:27: max_pooling2d (from tensorflow.python.layers.pooling) is deprecated and will be removed in a future version.
[2m[36m(pid=47970)[0m Instructions for updating:
[2m[36m(pid=47970)[0m Use keras.layers.MaxPooling2D instead.
[2m[36m(pid=47970)[0m WARNING:tensorflow:From /global/u2/a/arissa/RayLeaf/leaf/models/femnist/cnn.py:36: dense (from tensorflow.python.layers.core) is deprecated and will be removed in a future version.
[2m[36m(pid=47970)[0m Instructions for updating:
[2m[36m(pid=47970)[0m Use keras.layers.Dense instead.
[2m[36m(pid=47970)[0m WARNING:tensorflow:From /usr/common/software/tensorflow/intel-tensorflow/1.15.0-py37/lib/python3.7/site-packages/tensorflow_core/python/ops/losses/losses_impl.py:121: where (from tensorflow.python.ops.array_ops) is deprecated and will be removed in a future version.
[2m[36m(pid=47970)[0m Instructions for updating:
[2m[36m(pid=47970)[0m Use tf.where in 2.0, which has the same broadcast rule as np.where
[2m[36m(pid=47978)[0m 2021-03-12 02:52:06.541142: I tensorflow/core/platform/cpu_feature_guard.cc:145] This TensorFlow binary is optimized with Intel(R) MKL-DNN to use the following CPU instructions in performance critical operations:  SSE4.1 SSE4.2 AVX AVX2 FMA
[2m[36m(pid=47978)[0m To enable them in non-MKL-DNN operations, rebuild TensorFlow with the appropriate compiler flags.
[2m[36m(pid=47978)[0m 2021-03-12 02:52:06.552056: I tensorflow/core/platform/profile_utils/cpu_utils.cc:94] CPU Frequency: 2300150000 Hz
[2m[36m(pid=47978)[0m 2021-03-12 02:52:06.552172: I tensorflow/compiler/xla/service/service.cc:168] XLA service 0x555558fba190 initialized for platform Host (this does not guarantee that XLA will be used). Devices:
[2m[36m(pid=47978)[0m 2021-03-12 02:52:06.552188: I tensorflow/compiler/xla/service/service.cc:176]   StreamExecutor device (0): Host, Default Version
[2m[36m(pid=47969)[0m WARNING:tensorflow:From /global/u2/a/arissa/RayLeaf/leaf/models/femnist/cnn.py:26: conv2d (from tensorflow.python.layers.convolutional) is deprecated and will be removed in a future version.
[2m[36m(pid=47969)[0m Instructions for updating:
[2m[36m(pid=47969)[0m Use `tf.keras.layers.Conv2D` instead.
[2m[36m(pid=47969)[0m WARNING:tensorflow:From /usr/common/software/tensorflow/intel-tensorflow/1.15.0-py37/lib/python3.7/site-packages/tensorflow_core/python/layers/convolutional.py:424: Layer.apply (from tensorflow.python.keras.engine.base_layer) is deprecated and will be removed in a future version.
[2m[36m(pid=47969)[0m Instructions for updating:
[2m[36m(pid=47969)[0m Please use `layer.__call__` method instead.
[2m[36m(pid=47969)[0m WARNING:tensorflow:From /global/u2/a/arissa/RayLeaf/leaf/models/femnist/cnn.py:27: max_pooling2d (from tensorflow.python.layers.pooling) is deprecated and will be removed in a future version.
[2m[36m(pid=47969)[0m Instructions for updating:
[2m[36m(pid=47969)[0m Use keras.layers.MaxPooling2D instead.
[2m[36m(pid=47969)[0m WARNING:tensorflow:From /global/u2/a/arissa/RayLeaf/leaf/models/femnist/cnn.py:36: dense (from tensorflow.python.layers.core) is deprecated and will be removed in a future version.
[2m[36m(pid=47969)[0m Instructions for updating:
[2m[36m(pid=47969)[0m Use keras.layers.Dense instead.
[2m[36m(pid=47969)[0m WARNING:tensorflow:From /usr/common/software/tensorflow/intel-tensorflow/1.15.0-py37/lib/python3.7/site-packages/tensorflow_core/python/ops/losses/losses_impl.py:121: where (from tensorflow.python.ops.array_ops) is deprecated and will be removed in a future version.
[2m[36m(pid=47969)[0m Instructions for updating:
[2m[36m(pid=47969)[0m Use tf.where in 2.0, which has the same broadcast rule as np.where
[2m[36m(pid=47970)[0m 2021-03-12 02:52:06.653843: I tensorflow/core/platform/cpu_feature_guard.cc:145] This TensorFlow binary is optimized with Intel(R) MKL-DNN to use the following CPU instructions in performance critical operations:  SSE4.1 SSE4.2 AVX AVX2 FMA
[2m[36m(pid=47970)[0m To enable them in non-MKL-DNN operations, rebuild TensorFlow with the appropriate compiler flags.
[2m[36m(pid=47970)[0m 2021-03-12 02:52:06.662857: I tensorflow/core/platform/profile_utils/cpu_utils.cc:94] CPU Frequency: 2300150000 Hz
[2m[36m(pid=47970)[0m 2021-03-12 02:52:06.662954: I tensorflow/compiler/xla/service/service.cc:168] XLA service 0x55555d206910 initialized for platform Host (this does not guarantee that XLA will be used). Devices:
[2m[36m(pid=47970)[0m 2021-03-12 02:52:06.662968: I tensorflow/compiler/xla/service/service.cc:176]   StreamExecutor device (0): Host, Default Version
[2m[36m(pid=47969)[0m 2021-03-12 02:52:06.751068: I tensorflow/core/platform/cpu_feature_guard.cc:145] This TensorFlow binary is optimized with Intel(R) MKL-DNN to use the following CPU instructions in performance critical operations:  SSE4.1 SSE4.2 AVX AVX2 FMA
[2m[36m(pid=47969)[0m To enable them in non-MKL-DNN operations, rebuild TensorFlow with the appropriate compiler flags.
[2m[36m(pid=47969)[0m 2021-03-12 02:52:06.761424: I tensorflow/core/platform/profile_utils/cpu_utils.cc:94] CPU Frequency: 2300150000 Hz
[2m[36m(pid=47969)[0m 2021-03-12 02:52:06.761529: I tensorflow/compiler/xla/service/service.cc:168] XLA service 0x555558fb8710 initialized for platform Host (this does not guarantee that XLA will be used). Devices:
[2m[36m(pid=47969)[0m 2021-03-12 02:52:06.761557: I tensorflow/compiler/xla/service/service.cc:176]   StreamExecutor device (0): Host, Default Version
[2m[36m(pid=47959)[0m WARNING:tensorflow:From /global/u2/a/arissa/RayLeaf/leaf/models/model.py:49: Variable.load (from tensorflow.python.ops.variables) is deprecated and will be removed in a future version.
[2m[36m(pid=47959)[0m Instructions for updating:
[2m[36m(pid=47959)[0m Prefer Variable.assign which has equivalent behavior in 2.X.
[2m[36m(pid=47965)[0m WARNING:tensorflow:From /global/u2/a/arissa/RayLeaf/leaf/models/model.py:49: Variable.load (from tensorflow.python.ops.variables) is deprecated and will be removed in a future version.
[2m[36m(pid=47965)[0m Instructions for updating:
[2m[36m(pid=47965)[0m Prefer Variable.assign which has equivalent behavior in 2.X.
[2m[36m(pid=47978)[0m WARNING:tensorflow:From /global/u2/a/arissa/RayLeaf/leaf/models/model.py:49: Variable.load (from tensorflow.python.ops.variables) is deprecated and will be removed in a future version.
[2m[36m(pid=47978)[0m Instructions for updating:
[2m[36m(pid=47978)[0m Prefer Variable.assign which has equivalent behavior in 2.X.
[2m[36m(pid=47970)[0m WARNING:tensorflow:From /global/u2/a/arissa/RayLeaf/leaf/models/model.py:49: Variable.load (from tensorflow.python.ops.variables) is deprecated and will be removed in a future version.
[2m[36m(pid=47970)[0m Instructions for updating:
[2m[36m(pid=47970)[0m Prefer Variable.assign which has equivalent behavior in 2.X.
[2m[36m(pid=47969)[0m WARNING:tensorflow:From /global/u2/a/arissa/RayLeaf/leaf/models/model.py:49: Variable.load (from tensorflow.python.ops.variables) is deprecated and will be removed in a future version.
[2m[36m(pid=47969)[0m Instructions for updating:
[2m[36m(pid=47969)[0m Prefer Variable.assign which has equivalent behavior in 2.X.
[2m[36m(pid=47959)[0m OMP: Info #154: KMP_AFFINITY: Initial OS proc set respected: 0-63
[2m[36m(pid=47959)[0m OMP: Info #213: KMP_AFFINITY: decoding x2APIC ids.
[2m[36m(pid=47959)[0m OMP: Info #276: KMP_AFFINITY: Affinity capable, using global cpuid leaf 11 info
[2m[36m(pid=47959)[0m OMP: Info #156: KMP_AFFINITY: 64 available OS procs
[2m[36m(pid=47959)[0m OMP: Info #157: KMP_AFFINITY: Uniform topology
[2m[36m(pid=47959)[0m OMP: Info #191: KMP_AFFINITY: 2 sockets x 16 cores/socket x 2 threads/core (32 total cores)
[2m[36m(pid=47959)[0m OMP: Info #215: KMP_AFFINITY: OS proc to physical thread map:
[2m[36m(pid=47959)[0m OMP: Info #171: KMP_AFFINITY: OS proc 0 maps to socket 0 core 0 thread 0 
[2m[36m(pid=47959)[0m OMP: Info #171: KMP_AFFINITY: OS proc 32 maps to socket 0 core 0 thread 1 
[2m[36m(pid=47959)[0m OMP: Info #171: KMP_AFFINITY: OS proc 1 maps to socket 0 core 1 thread 0 
[2m[36m(pid=47959)[0m OMP: Info #171: KMP_AFFINITY: OS proc 33 maps to socket 0 core 1 thread 1 
[2m[36m(pid=47959)[0m OMP: Info #171: KMP_AFFINITY: OS proc 2 maps to socket 0 core 2 thread 0 
[2m[36m(pid=47959)[0m OMP: Info #171: KMP_AFFINITY: OS proc 34 maps to socket 0 core 2 thread 1 
[2m[36m(pid=47959)[0m OMP: Info #171: KMP_AFFINITY: OS proc 3 maps to socket 0 core 3 thread 0 
[2m[36m(pid=47959)[0m OMP: Info #171: KMP_AFFINITY: OS proc 35 maps to socket 0 core 3 thread 1 
[2m[36m(pid=47959)[0m OMP: Info #171: KMP_AFFINITY: OS proc 4 maps to socket 0 core 4 thread 0 
[2m[36m(pid=47959)[0m OMP: Info #171: KMP_AFFINITY: OS proc 36 maps to socket 0 core 4 thread 1 
[2m[36m(pid=47959)[0m OMP: Info #171: KMP_AFFINITY: OS proc 5 maps to socket 0 core 5 thread 0 
[2m[36m(pid=47959)[0m OMP: Info #171: KMP_AFFINITY: OS proc 37 maps to socket 0 core 5 thread 1 
[2m[36m(pid=47959)[0m OMP: Info #171: KMP_AFFINITY: OS proc 6 maps to socket 0 core 6 thread 0 
[2m[36m(pid=47959)[0m OMP: Info #171: KMP_AFFINITY: OS proc 38 maps to socket 0 core 6 thread 1 
[2m[36m(pid=47959)[0m OMP: Info #171: KMP_AFFINITY: OS proc 7 maps to socket 0 core 7 thread 0 
[2m[36m(pid=47959)[0m OMP: Info #171: KMP_AFFINITY: OS proc 39 maps to socket 0 core 7 thread 1 
[2m[36m(pid=47959)[0m OMP: Info #171: KMP_AFFINITY: OS proc 8 maps to socket 0 core 8 thread 0 
[2m[36m(pid=47959)[0m OMP: Info #171: KMP_AFFINITY: OS proc 40 maps to socket 0 core 8 thread 1 
[2m[36m(pid=47959)[0m OMP: Info #171: KMP_AFFINITY: OS proc 9 maps to socket 0 core 9 thread 0 
[2m[36m(pid=47959)[0m OMP: Info #171: KMP_AFFINITY: OS proc 41 maps to socket 0 core 9 thread 1 
[2m[36m(pid=47959)[0m OMP: Info #171: KMP_AFFINITY: OS proc 10 maps to socket 0 core 10 thread 0 
[2m[36m(pid=47959)[0m OMP: Info #171: KMP_AFFINITY: OS proc 42 maps to socket 0 core 10 thread 1 
[2m[36m(pid=47959)[0m OMP: Info #171: KMP_AFFINITY: OS proc 11 maps to socket 0 core 11 thread 0 
[2m[36m(pid=47959)[0m OMP: Info #171: KMP_AFFINITY: OS proc 43 maps to socket 0 core 11 thread 1 
[2m[36m(pid=47959)[0m OMP: Info #171: KMP_AFFINITY: OS proc 12 maps to socket 0 core 12 thread 0 
[2m[36m(pid=47959)[0m OMP: Info #171: KMP_AFFINITY: OS proc 44 maps to socket 0 core 12 thread 1 
[2m[36m(pid=47959)[0m OMP: Info #171: KMP_AFFINITY: OS proc 13 maps to socket 0 core 13 thread 0 
[2m[36m(pid=47959)[0m OMP: Info #171: KMP_AFFINITY: OS proc 45 maps to socket 0 core 13 thread 1 
[2m[36m(pid=47959)[0m OMP: Info #171: KMP_AFFINITY: OS proc 14 maps to socket 0 core 14 thread 0 
[2m[36m(pid=47959)[0m OMP: Info #171: KMP_AFFINITY: OS proc 46 maps to socket 0 core 14 thread 1 
[2m[36m(pid=47959)[0m OMP: Info #171: KMP_AFFINITY: OS proc 15 maps to socket 0 core 15 thread 0 
[2m[36m(pid=47959)[0m OMP: Info #171: KMP_AFFINITY: OS proc 47 maps to socket 0 core 15 thread 1 
[2m[36m(pid=47959)[0m OMP: Info #171: KMP_AFFINITY: OS proc 16 maps to socket 1 core 0 thread 0 
[2m[36m(pid=47959)[0m OMP: Info #171: KMP_AFFINITY: OS proc 48 maps to socket 1 core 0 thread 1 
[2m[36m(pid=47959)[0m OMP: Info #171: KMP_AFFINITY: OS proc 17 maps to socket 1 core 1 thread 0 
[2m[36m(pid=47959)[0m OMP: Info #171: KMP_AFFINITY: OS proc 49 maps to socket 1 core 1 thread 1 
[2m[36m(pid=47959)[0m OMP: Info #171: KMP_AFFINITY: OS proc 18 maps to socket 1 core 2 thread 0 
[2m[36m(pid=47959)[0m OMP: Info #171: KMP_AFFINITY: OS proc 50 maps to socket 1 core 2 thread 1 
[2m[36m(pid=47959)[0m OMP: Info #171: KMP_AFFINITY: OS proc 19 maps to socket 1 core 3 thread 0 
[2m[36m(pid=47959)[0m OMP: Info #171: KMP_AFFINITY: OS proc 51 maps to socket 1 core 3 thread 1 
[2m[36m(pid=47959)[0m OMP: Info #171: KMP_AFFINITY: OS proc 20 maps to socket 1 core 4 thread 0 
[2m[36m(pid=47959)[0m OMP: Info #171: KMP_AFFINITY: OS proc 52 maps to socket 1 core 4 thread 1 
[2m[36m(pid=47959)[0m OMP: Info #171: KMP_AFFINITY: OS proc 21 maps to socket 1 core 5 thread 0 
[2m[36m(pid=47959)[0m OMP: Info #171: KMP_AFFINITY: OS proc 53 maps to socket 1 core 5 thread 1 
[2m[36m(pid=47959)[0m OMP: Info #171: KMP_AFFINITY: OS proc 22 maps to socket 1 core 6 thread 0 
[2m[36m(pid=47959)[0m OMP: Info #171: KMP_AFFINITY: OS proc 54 maps to socket 1 core 6 thread 1 
[2m[36m(pid=47959)[0m OMP: Info #171: KMP_AFFINITY: OS proc 23 maps to socket 1 core 7 thread 0 
[2m[36m(pid=47959)[0m OMP: Info #171: KMP_AFFINITY: OS proc 55 maps to socket 1 core 7 thread 1 
[2m[36m(pid=47959)[0m OMP: Info #171: KMP_AFFINITY: OS proc 24 maps to socket 1 core 8 thread 0 
[2m[36m(pid=47959)[0m OMP: Info #171: KMP_AFFINITY: OS proc 56 maps to socket 1 core 8 thread 1 
[2m[36m(pid=47959)[0m OMP: Info #171: KMP_AFFINITY: OS proc 25 maps to socket 1 core 9 thread 0 
[2m[36m(pid=47959)[0m OMP: Info #171: KMP_AFFINITY: OS proc 57 maps to socket 1 core 9 thread 1 
[2m[36m(pid=47959)[0m OMP: Info #171: KMP_AFFINITY: OS proc 26 maps to socket 1 core 10 thread 0 
[2m[36m(pid=47959)[0m OMP: Info #171: KMP_AFFINITY: OS proc 58 maps to socket 1 core 10 thread 1 
[2m[36m(pid=47959)[0m OMP: Info #171: KMP_AFFINITY: OS proc 27 maps to socket 1 core 11 thread 0 
[2m[36m(pid=47959)[0m OMP: Info #171: KMP_AFFINITY: OS proc 59 maps to socket 1 core 11 thread 1 
[2m[36m(pid=47959)[0m OMP: Info #171: KMP_AFFINITY: OS proc 28 maps to socket 1 core 12 thread 0 
[2m[36m(pid=47959)[0m OMP: Info #171: KMP_AFFINITY: OS proc 60 maps to socket 1 core 12 thread 1 
[2m[36m(pid=47959)[0m OMP: Info #171: KMP_AFFINITY: OS proc 29 maps to socket 1 core 13 thread 0 
[2m[36m(pid=47959)[0m OMP: Info #171: KMP_AFFINITY: OS proc 61 maps to socket 1 core 13 thread 1 
[2m[36m(pid=47959)[0m OMP: Info #171: KMP_AFFINITY: OS proc 30 maps to socket 1 core 14 thread 0 
[2m[36m(pid=47959)[0m OMP: Info #171: KMP_AFFINITY: OS proc 62 maps to socket 1 core 14 thread 1 
[2m[36m(pid=47959)[0m OMP: Info #171: KMP_AFFINITY: OS proc 31 maps to socket 1 core 15 thread 0 
[2m[36m(pid=47959)[0m OMP: Info #171: KMP_AFFINITY: OS proc 63 maps to socket 1 core 15 thread 1 
[2m[36m(pid=47959)[0m OMP: Info #251: KMP_AFFINITY: pid 47959 tid 49219 thread 0 bound to OS proc set 0
[2m[36m(pid=47959)[0m OMP: Info #251: KMP_AFFINITY: pid 47959 tid 49219 thread 1 bound to OS proc set 1
[2m[36m(pid=47959)[0m OMP: Info #251: KMP_AFFINITY: pid 47959 tid 49257 thread 2 bound to OS proc set 2
[2m[36m(pid=47965)[0m OMP: Info #154: KMP_AFFINITY: Initial OS proc set respected: 0-63
[2m[36m(pid=47965)[0m OMP: Info #213: KMP_AFFINITY: decoding x2APIC ids.
[2m[36m(pid=47965)[0m OMP: Info #276: KMP_AFFINITY: Affinity capable, using global cpuid leaf 11 info
[2m[36m(pid=47965)[0m OMP: Info #156: KMP_AFFINITY: 64 available OS procs
[2m[36m(pid=47965)[0m OMP: Info #157: KMP_AFFINITY: Uniform topology
[2m[36m(pid=47965)[0m OMP: Info #191: KMP_AFFINITY: 2 sockets x 16 cores/socket x 2 threads/core (32 total cores)
[2m[36m(pid=47965)[0m OMP: Info #215: KMP_AFFINITY: OS proc to physical thread map:
[2m[36m(pid=47965)[0m OMP: Info #171: KMP_AFFINITY: OS proc 0 maps to socket 0 core 0 thread 0 
[2m[36m(pid=47965)[0m OMP: Info #171: KMP_AFFINITY: OS proc 32 maps to socket 0 core 0 thread 1 
[2m[36m(pid=47965)[0m OMP: Info #171: KMP_AFFINITY: OS proc 1 maps to socket 0 core 1 thread 0 
[2m[36m(pid=47965)[0m OMP: Info #171: KMP_AFFINITY: OS proc 33 maps to socket 0 core 1 thread 1 
[2m[36m(pid=47965)[0m OMP: Info #171: KMP_AFFINITY: OS proc 2 maps to socket 0 core 2 thread 0 
[2m[36m(pid=47965)[0m OMP: Info #171: KMP_AFFINITY: OS proc 34 maps to socket 0 core 2 thread 1 
[2m[36m(pid=47965)[0m OMP: Info #171: KMP_AFFINITY: OS proc 3 maps to socket 0 core 3 thread 0 
[2m[36m(pid=47965)[0m OMP: Info #171: KMP_AFFINITY: OS proc 35 maps to socket 0 core 3 thread 1 
[2m[36m(pid=47965)[0m OMP: Info #171: KMP_AFFINITY: OS proc 4 maps to socket 0 core 4 thread 0 
[2m[36m(pid=47965)[0m OMP: Info #171: KMP_AFFINITY: OS proc 36 maps to socket 0 core 4 thread 1 
[2m[36m(pid=47965)[0m OMP: Info #171: KMP_AFFINITY: OS proc 5 maps to socket 0 core 5 thread 0 
[2m[36m(pid=47965)[0m OMP: Info #171: KMP_AFFINITY: OS proc 37 maps to socket 0 core 5 thread 1 
[2m[36m(pid=47965)[0m OMP: Info #171: KMP_AFFINITY: OS proc 6 maps to socket 0 core 6 thread 0 
[2m[36m(pid=47965)[0m OMP: Info #171: KMP_AFFINITY: OS proc 38 maps to socket 0 core 6 thread 1 
[2m[36m(pid=47965)[0m OMP: Info #171: KMP_AFFINITY: OS proc 7 maps to socket 0 core 7 thread 0 
[2m[36m(pid=47965)[0m OMP: Info #171: KMP_AFFINITY: OS proc 39 maps to socket 0 core 7 thread 1 
[2m[36m(pid=47965)[0m OMP: Info #171: KMP_AFFINITY: OS proc 8 maps to socket 0 core 8 thread 0 
[2m[36m(pid=47965)[0m OMP: Info #171: KMP_AFFINITY: OS proc 40 maps to socket 0 core 8 thread 1 
[2m[36m(pid=47965)[0m OMP: Info #171: KMP_AFFINITY: OS proc 9 maps to socket 0 core 9 thread 0 
[2m[36m(pid=47965)[0m OMP: Info #171: KMP_AFFINITY: OS proc 41 maps to socket 0 core 9 thread 1 
[2m[36m(pid=47965)[0m OMP: Info #171: KMP_AFFINITY: OS proc 10 maps to socket 0 core 10 thread 0 
[2m[36m(pid=47965)[0m OMP: Info #171: KMP_AFFINITY: OS proc 42 maps to socket 0 core 10 thread 1 
[2m[36m(pid=47965)[0m OMP: Info #171: KMP_AFFINITY: OS proc 11 maps to socket 0 core 11 thread 0 
[2m[36m(pid=47965)[0m OMP: Info #171: KMP_AFFINITY: OS proc 43 maps to socket 0 core 11 thread 1 
[2m[36m(pid=47965)[0m OMP: Info #171: KMP_AFFINITY: OS proc 12 maps to socket 0 core 12 thread 0 
[2m[36m(pid=47965)[0m OMP: Info #171: KMP_AFFINITY: OS proc 44 maps to socket 0 core 12 thread 1 
[2m[36m(pid=47965)[0m OMP: Info #171: KMP_AFFINITY: OS proc 13 maps to socket 0 core 13 thread 0 
[2m[36m(pid=47965)[0m OMP: Info #171: KMP_AFFINITY: OS proc 45 maps to socket 0 core 13 thread 1 
[2m[36m(pid=47965)[0m OMP: Info #171: KMP_AFFINITY: OS proc 14 maps to socket 0 core 14 thread 0 
[2m[36m(pid=47965)[0m OMP: Info #171: KMP_AFFINITY: OS proc 46 maps to socket 0 core 14 thread 1 
[2m[36m(pid=47965)[0m OMP: Info #171: KMP_AFFINITY: OS proc 15 maps to socket 0 core 15 thread 0 
[2m[36m(pid=47965)[0m OMP: Info #171: KMP_AFFINITY: OS proc 47 maps to socket 0 core 15 thread 1 
[2m[36m(pid=47965)[0m OMP: Info #171: KMP_AFFINITY: OS proc 16 maps to socket 1 core 0 thread 0 
[2m[36m(pid=47965)[0m OMP: Info #171: KMP_AFFINITY: OS proc 48 maps to socket 1 core 0 thread 1 
[2m[36m(pid=47965)[0m OMP: Info #171: KMP_AFFINITY: OS proc 17 maps to socket 1 core 1 thread 0 
[2m[36m(pid=47965)[0m OMP: Info #171: KMP_AFFINITY: OS proc 49 maps to socket 1 core 1 thread 1 
[2m[36m(pid=47965)[0m OMP: Info #171: KMP_AFFINITY: OS proc 18 maps to socket 1 core 2 thread 0 
[2m[36m(pid=47965)[0m OMP: Info #171: KMP_AFFINITY: OS proc 50 maps to socket 1 core 2 thread 1 
[2m[36m(pid=47965)[0m OMP: Info #171: KMP_AFFINITY: OS proc 19 maps to socket 1 core 3 thread 0 
[2m[36m(pid=47965)[0m OMP: Info #171: KMP_AFFINITY: OS proc 51 maps to socket 1 core 3 thread 1 
[2m[36m(pid=47965)[0m OMP: Info #171: KMP_AFFINITY: OS proc 20 maps to socket 1 core 4 thread 0 
[2m[36m(pid=47965)[0m OMP: Info #171: KMP_AFFINITY: OS proc 52 maps to socket 1 core 4 thread 1 
[2m[36m(pid=47965)[0m OMP: Info #171: KMP_AFFINITY: OS proc 21 maps to socket 1 core 5 thread 0 
[2m[36m(pid=47965)[0m OMP: Info #171: KMP_AFFINITY: OS proc 53 maps to socket 1 core 5 thread 1 
[2m[36m(pid=47965)[0m OMP: Info #171: KMP_AFFINITY: OS proc 22 maps to socket 1 core 6 thread 0 
[2m[36m(pid=47965)[0m OMP: Info #171: KMP_AFFINITY: OS proc 54 maps to socket 1 core 6 thread 1 
[2m[36m(pid=47965)[0m OMP: Info #171: KMP_AFFINITY: OS proc 23 maps to socket 1 core 7 thread 0 
[2m[36m(pid=47965)[0m OMP: Info #171: KMP_AFFINITY: OS proc 55 maps to socket 1 core 7 thread 1 
[2m[36m(pid=47965)[0m OMP: Info #171: KMP_AFFINITY: OS proc 24 maps to socket 1 core 8 thread 0 
[2m[36m(pid=47965)[0m OMP: Info #171: KMP_AFFINITY: OS proc 56 maps to socket 1 core 8 thread 1 
[2m[36m(pid=47965)[0m OMP: Info #171: KMP_AFFINITY: OS proc 25 maps to socket 1 core 9 thread 0 
[2m[36m(pid=47965)[0m OMP: Info #171: KMP_AFFINITY: OS proc 57 maps to socket 1 core 9 thread 1 
[2m[36m(pid=47965)[0m OMP: Info #171: KMP_AFFINITY: OS proc 26 maps to socket 1 core 10 thread 0 
[2m[36m(pid=47965)[0m OMP: Info #171: KMP_AFFINITY: OS proc 58 maps to socket 1 core 10 thread 1 
[2m[36m(pid=47965)[0m OMP: Info #171: KMP_AFFINITY: OS proc 27 maps to socket 1 core 11 thread 0 
[2m[36m(pid=47965)[0m OMP: Info #171: KMP_AFFINITY: OS proc 59 maps to socket 1 core 11 thread 1 
[2m[36m(pid=47965)[0m OMP: Info #171: KMP_AFFINITY: OS proc 28 maps to socket 1 core 12 thread 0 
[2m[36m(pid=47965)[0m OMP: Info #171: KMP_AFFINITY: OS proc 60 maps to socket 1 core 12 thread 1 
[2m[36m(pid=47965)[0m OMP: Info #171: KMP_AFFINITY: OS proc 29 maps to socket 1 core 13 thread 0 
[2m[36m(pid=47965)[0m OMP: Info #171: KMP_AFFINITY: OS proc 61 maps to socket 1 core 13 thread 1 
[2m[36m(pid=47965)[0m OMP: Info #171: KMP_AFFINITY: OS proc 30 maps to socket 1 core 14 thread 0 
[2m[36m(pid=47965)[0m OMP: Info #171: KMP_AFFINITY: OS proc 62 maps to socket 1 core 14 thread 1 
[2m[36m(pid=47965)[0m OMP: Info #171: KMP_AFFINITY: OS proc 31 maps to socket 1 core 15 thread 0 
[2m[36m(pid=47965)[0m OMP: Info #171: KMP_AFFINITY: OS proc 63 maps to socket 1 core 15 thread 1 
[2m[36m(pid=47965)[0m OMP: Info #251: KMP_AFFINITY: pid 47965 tid 49228 thread 0 bound to OS proc set 0
[2m[36m(pid=47965)[0m OMP: Info #251: KMP_AFFINITY: pid 47965 tid 49228 thread 1 bound to OS proc set 1
[2m[36m(pid=47965)[0m OMP: Info #251: KMP_AFFINITY: pid 47965 tid 49260 thread 2 bound to OS proc set 2
[2m[36m(pid=47978)[0m OMP: Info #154: KMP_AFFINITY: Initial OS proc set respected: 0-63
[2m[36m(pid=47978)[0m OMP: Info #213: KMP_AFFINITY: decoding x2APIC ids.
[2m[36m(pid=47978)[0m OMP: Info #276: KMP_AFFINITY: Affinity capable, using global cpuid leaf 11 info
[2m[36m(pid=47978)[0m OMP: Info #156: KMP_AFFINITY: 64 available OS procs
[2m[36m(pid=47978)[0m OMP: Info #157: KMP_AFFINITY: Uniform topology
[2m[36m(pid=47978)[0m OMP: Info #191: KMP_AFFINITY: 2 sockets x 16 cores/socket x 2 threads/core (32 total cores)
[2m[36m(pid=47978)[0m OMP: Info #215: KMP_AFFINITY: OS proc to physical thread map:
[2m[36m(pid=47978)[0m OMP: Info #171: KMP_AFFINITY: OS proc 0 maps to socket 0 core 0 thread 0 
[2m[36m(pid=47978)[0m OMP: Info #171: KMP_AFFINITY: OS proc 32 maps to socket 0 core 0 thread 1 
[2m[36m(pid=47978)[0m OMP: Info #171: KMP_AFFINITY: OS proc 1 maps to socket 0 core 1 thread 0 
[2m[36m(pid=47978)[0m OMP: Info #171: KMP_AFFINITY: OS proc 33 maps to socket 0 core 1 thread 1 
[2m[36m(pid=47978)[0m OMP: Info #171: KMP_AFFINITY: OS proc 2 maps to socket 0 core 2 thread 0 
[2m[36m(pid=47978)[0m OMP: Info #171: KMP_AFFINITY: OS proc 34 maps to socket 0 core 2 thread 1 
[2m[36m(pid=47978)[0m OMP: Info #171: KMP_AFFINITY: OS proc 3 maps to socket 0 core 3 thread 0 
[2m[36m(pid=47978)[0m OMP: Info #171: KMP_AFFINITY: OS proc 35 maps to socket 0 core 3 thread 1 
[2m[36m(pid=47978)[0m OMP: Info #171: KMP_AFFINITY: OS proc 4 maps to socket 0 core 4 thread 0 
[2m[36m(pid=47978)[0m OMP: Info #171: KMP_AFFINITY: OS proc 36 maps to socket 0 core 4 thread 1 
[2m[36m(pid=47978)[0m OMP: Info #171: KMP_AFFINITY: OS proc 5 maps to socket 0 core 5 thread 0 
[2m[36m(pid=47978)[0m OMP: Info #171: KMP_AFFINITY: OS proc 37 maps to socket 0 core 5 thread 1 
[2m[36m(pid=47978)[0m OMP: Info #171: KMP_AFFINITY: OS proc 6 maps to socket 0 core 6 thread 0 
[2m[36m(pid=47978)[0m OMP: Info #171: KMP_AFFINITY: OS proc 38 maps to socket 0 core 6 thread 1 
[2m[36m(pid=47978)[0m OMP: Info #171: KMP_AFFINITY: OS proc 7 maps to socket 0 core 7 thread 0 
[2m[36m(pid=47978)[0m OMP: Info #171: KMP_AFFINITY: OS proc 39 maps to socket 0 core 7 thread 1 
[2m[36m(pid=47978)[0m OMP: Info #171: KMP_AFFINITY: OS proc 8 maps to socket 0 core 8 thread 0 
[2m[36m(pid=47978)[0m OMP: Info #171: KMP_AFFINITY: OS proc 40 maps to socket 0 core 8 thread 1 
[2m[36m(pid=47978)[0m OMP: Info #171: KMP_AFFINITY: OS proc 9 maps to socket 0 core 9 thread 0 
[2m[36m(pid=47978)[0m OMP: Info #171: KMP_AFFINITY: OS proc 41 maps to socket 0 core 9 thread 1 
[2m[36m(pid=47978)[0m OMP: Info #171: KMP_AFFINITY: OS proc 10 maps to socket 0 core 10 thread 0 
[2m[36m(pid=47978)[0m OMP: Info #171: KMP_AFFINITY: OS proc 42 maps to socket 0 core 10 thread 1 
[2m[36m(pid=47978)[0m OMP: Info #171: KMP_AFFINITY: OS proc 11 maps to socket 0 core 11 thread 0 
[2m[36m(pid=47978)[0m OMP: Info #171: KMP_AFFINITY: OS proc 43 maps to socket 0 core 11 thread 1 
[2m[36m(pid=47978)[0m OMP: Info #171: KMP_AFFINITY: OS proc 12 maps to socket 0 core 12 thread 0 
[2m[36m(pid=47978)[0m OMP: Info #171: KMP_AFFINITY: OS proc 44 maps to socket 0 core 12 thread 1 
[2m[36m(pid=47978)[0m OMP: Info #171: KMP_AFFINITY: OS proc 13 maps to socket 0 core 13 thread 0 
[2m[36m(pid=47978)[0m OMP: Info #171: KMP_AFFINITY: OS proc 45 maps to socket 0 core 13 thread 1 
[2m[36m(pid=47978)[0m OMP: Info #171: KMP_AFFINITY: OS proc 14 maps to socket 0 core 14 thread 0 
[2m[36m(pid=47978)[0m OMP: Info #171: KMP_AFFINITY: OS proc 46 maps to socket 0 core 14 thread 1 
[2m[36m(pid=47978)[0m OMP: Info #171: KMP_AFFINITY: OS proc 15 maps to socket 0 core 15 thread 0 
[2m[36m(pid=47978)[0m OMP: Info #171: KMP_AFFINITY: OS proc 47 maps to socket 0 core 15 thread 1 
[2m[36m(pid=47978)[0m OMP: Info #171: KMP_AFFINITY: OS proc 16 maps to socket 1 core 0 thread 0 
[2m[36m(pid=47978)[0m OMP: Info #171: KMP_AFFINITY: OS proc 48 maps to socket 1 core 0 thread 1 
[2m[36m(pid=47978)[0m OMP: Info #171: KMP_AFFINITY: OS proc 17 maps to socket 1 core 1 thread 0 
[2m[36m(pid=47978)[0m OMP: Info #171: KMP_AFFINITY: OS proc 49 maps to socket 1 core 1 thread 1 
[2m[36m(pid=47978)[0m OMP: Info #171: KMP_AFFINITY: OS proc 18 maps to socket 1 core 2 thread 0 
[2m[36m(pid=47978)[0m OMP: Info #171: KMP_AFFINITY: OS proc 50 maps to socket 1 core 2 thread 1 
[2m[36m(pid=47978)[0m OMP: Info #171: KMP_AFFINITY: OS proc 19 maps to socket 1 core 3 thread 0 
[2m[36m(pid=47978)[0m OMP: Info #171: KMP_AFFINITY: OS proc 51 maps to socket 1 core 3 thread 1 
[2m[36m(pid=47978)[0m OMP: Info #171: KMP_AFFINITY: OS proc 20 maps to socket 1 core 4 thread 0 
[2m[36m(pid=47978)[0m OMP: Info #171: KMP_AFFINITY: OS proc 52 maps to socket 1 core 4 thread 1 
[2m[36m(pid=47978)[0m OMP: Info #171: KMP_AFFINITY: OS proc 21 maps to socket 1 core 5 thread 0 
[2m[36m(pid=47978)[0m OMP: Info #171: KMP_AFFINITY: OS proc 53 maps to socket 1 core 5 thread 1 
[2m[36m(pid=47978)[0m OMP: Info #171: KMP_AFFINITY: OS proc 22 maps to socket 1 core 6 thread 0 
[2m[36m(pid=47978)[0m OMP: Info #171: KMP_AFFINITY: OS proc 54 maps to socket 1 core 6 thread 1 
[2m[36m(pid=47978)[0m OMP: Info #171: KMP_AFFINITY: OS proc 23 maps to socket 1 core 7 thread 0 
[2m[36m(pid=47978)[0m OMP: Info #171: KMP_AFFINITY: OS proc 55 maps to socket 1 core 7 thread 1 
[2m[36m(pid=47978)[0m OMP: Info #171: KMP_AFFINITY: OS proc 24 maps to socket 1 core 8 thread 0 
[2m[36m(pid=47978)[0m OMP: Info #171: KMP_AFFINITY: OS proc 56 maps to socket 1 core 8 thread 1 
[2m[36m(pid=47978)[0m OMP: Info #171: KMP_AFFINITY: OS proc 25 maps to socket 1 core 9 thread 0 
[2m[36m(pid=47978)[0m OMP: Info #171: KMP_AFFINITY: OS proc 57 maps to socket 1 core 9 thread 1 
[2m[36m(pid=47978)[0m OMP: Info #171: KMP_AFFINITY: OS proc 26 maps to socket 1 core 10 thread 0 
[2m[36m(pid=47978)[0m OMP: Info #171: KMP_AFFINITY: OS proc 58 maps to socket 1 core 10 thread 1 
[2m[36m(pid=47978)[0m OMP: Info #171: KMP_AFFINITY: OS proc 27 maps to socket 1 core 11 thread 0 
[2m[36m(pid=47978)[0m OMP: Info #171: KMP_AFFINITY: OS proc 59 maps to socket 1 core 11 thread 1 
[2m[36m(pid=47978)[0m OMP: Info #171: KMP_AFFINITY: OS proc 28 maps to socket 1 core 12 thread 0 
[2m[36m(pid=47978)[0m OMP: Info #171: KMP_AFFINITY: OS proc 60 maps to socket 1 core 12 thread 1 
[2m[36m(pid=47978)[0m OMP: Info #171: KMP_AFFINITY: OS proc 29 maps to socket 1 core 13 thread 0 
[2m[36m(pid=47978)[0m OMP: Info #171: KMP_AFFINITY: OS proc 61 maps to socket 1 core 13 thread 1 
[2m[36m(pid=47978)[0m OMP: Info #171: KMP_AFFINITY: OS proc 30 maps to socket 1 core 14 thread 0 
[2m[36m(pid=47978)[0m OMP: Info #171: KMP_AFFINITY: OS proc 62 maps to socket 1 core 14 thread 1 
[2m[36m(pid=47978)[0m OMP: Info #171: KMP_AFFINITY: OS proc 31 maps to socket 1 core 15 thread 0 
[2m[36m(pid=47978)[0m OMP: Info #171: KMP_AFFINITY: OS proc 63 maps to socket 1 core 15 thread 1 
[2m[36m(pid=47978)[0m OMP: Info #251: KMP_AFFINITY: pid 47978 tid 49238 thread 0 bound to OS proc set 0
[2m[36m(pid=47978)[0m OMP: Info #251: KMP_AFFINITY: pid 47978 tid 49238 thread 1 bound to OS proc set 1
[2m[36m(pid=47978)[0m OMP: Info #251: KMP_AFFINITY: pid 47978 tid 49256 thread 2 bound to OS proc set 2
[2m[36m(pid=47970)[0m OMP: Info #154: KMP_AFFINITY: Initial OS proc set respected: 0-63
[2m[36m(pid=47970)[0m OMP: Info #213: KMP_AFFINITY: decoding x2APIC ids.
[2m[36m(pid=47970)[0m OMP: Info #276: KMP_AFFINITY: Affinity capable, using global cpuid leaf 11 info
[2m[36m(pid=47970)[0m OMP: Info #156: KMP_AFFINITY: 64 available OS procs
[2m[36m(pid=47970)[0m OMP: Info #157: KMP_AFFINITY: Uniform topology
[2m[36m(pid=47970)[0m OMP: Info #191: KMP_AFFINITY: 2 sockets x 16 cores/socket x 2 threads/core (32 total cores)
[2m[36m(pid=47970)[0m OMP: Info #215: KMP_AFFINITY: OS proc to physical thread map:
[2m[36m(pid=47970)[0m OMP: Info #171: KMP_AFFINITY: OS proc 0 maps to socket 0 core 0 thread 0 
[2m[36m(pid=47970)[0m OMP: Info #171: KMP_AFFINITY: OS proc 32 maps to socket 0 core 0 thread 1 
[2m[36m(pid=47970)[0m OMP: Info #171: KMP_AFFINITY: OS proc 1 maps to socket 0 core 1 thread 0 
[2m[36m(pid=47970)[0m OMP: Info #171: KMP_AFFINITY: OS proc 33 maps to socket 0 core 1 thread 1 
[2m[36m(pid=47970)[0m OMP: Info #171: KMP_AFFINITY: OS proc 2 maps to socket 0 core 2 thread 0 
[2m[36m(pid=47970)[0m OMP: Info #171: KMP_AFFINITY: OS proc 34 maps to socket 0 core 2 thread 1 
[2m[36m(pid=47970)[0m OMP: Info #171: KMP_AFFINITY: OS proc 3 maps to socket 0 core 3 thread 0 
[2m[36m(pid=47970)[0m OMP: Info #171: KMP_AFFINITY: OS proc 35 maps to socket 0 core 3 thread 1 
[2m[36m(pid=47970)[0m OMP: Info #171: KMP_AFFINITY: OS proc 4 maps to socket 0 core 4 thread 0 
[2m[36m(pid=47970)[0m OMP: Info #171: KMP_AFFINITY: OS proc 36 maps to socket 0 core 4 thread 1 
[2m[36m(pid=47970)[0m OMP: Info #171: KMP_AFFINITY: OS proc 5 maps to socket 0 core 5 thread 0 
[2m[36m(pid=47970)[0m OMP: Info #171: KMP_AFFINITY: OS proc 37 maps to socket 0 core 5 thread 1 
[2m[36m(pid=47970)[0m OMP: Info #171: KMP_AFFINITY: OS proc 6 maps to socket 0 core 6 thread 0 
[2m[36m(pid=47970)[0m OMP: Info #171: KMP_AFFINITY: OS proc 38 maps to socket 0 core 6 thread 1 
[2m[36m(pid=47970)[0m OMP: Info #171: KMP_AFFINITY: OS proc 7 maps to socket 0 core 7 thread 0 
[2m[36m(pid=47970)[0m OMP: Info #171: KMP_AFFINITY: OS proc 39 maps to socket 0 core 7 thread 1 
[2m[36m(pid=47970)[0m OMP: Info #171: KMP_AFFINITY: OS proc 8 maps to socket 0 core 8 thread 0 
[2m[36m(pid=47970)[0m OMP: Info #171: KMP_AFFINITY: OS proc 40 maps to socket 0 core 8 thread 1 
[2m[36m(pid=47970)[0m OMP: Info #171: KMP_AFFINITY: OS proc 9 maps to socket 0 core 9 thread 0 
[2m[36m(pid=47970)[0m OMP: Info #171: KMP_AFFINITY: OS proc 41 maps to socket 0 core 9 thread 1 
[2m[36m(pid=47970)[0m OMP: Info #171: KMP_AFFINITY: OS proc 10 maps to socket 0 core 10 thread 0 
[2m[36m(pid=47970)[0m OMP: Info #171: KMP_AFFINITY: OS proc 42 maps to socket 0 core 10 thread 1 
[2m[36m(pid=47970)[0m OMP: Info #171: KMP_AFFINITY: OS proc 11 maps to socket 0 core 11 thread 0 
[2m[36m(pid=47970)[0m OMP: Info #171: KMP_AFFINITY: OS proc 43 maps to socket 0 core 11 thread 1 
[2m[36m(pid=47970)[0m OMP: Info #171: KMP_AFFINITY: OS proc 12 maps to socket 0 core 12 thread 0 
[2m[36m(pid=47970)[0m OMP: Info #171: KMP_AFFINITY: OS proc 44 maps to socket 0 core 12 thread 1 
[2m[36m(pid=47970)[0m OMP: Info #171: KMP_AFFINITY: OS proc 13 maps to socket 0 core 13 thread 0 
[2m[36m(pid=47970)[0m OMP: Info #171: KMP_AFFINITY: OS proc 45 maps to socket 0 core 13 thread 1 
[2m[36m(pid=47970)[0m OMP: Info #171: KMP_AFFINITY: OS proc 14 maps to socket 0 core 14 thread 0 
[2m[36m(pid=47970)[0m OMP: Info #171: KMP_AFFINITY: OS proc 46 maps to socket 0 core 14 thread 1 
[2m[36m(pid=47970)[0m OMP: Info #171: KMP_AFFINITY: OS proc 15 maps to socket 0 core 15 thread 0 
[2m[36m(pid=47970)[0m OMP: Info #171: KMP_AFFINITY: OS proc 47 maps to socket 0 core 15 thread 1 
[2m[36m(pid=47970)[0m OMP: Info #171: KMP_AFFINITY: OS proc 16 maps to socket 1 core 0 thread 0 
[2m[36m(pid=47970)[0m OMP: Info #171: KMP_AFFINITY: OS proc 48 maps to socket 1 core 0 thread 1 
[2m[36m(pid=47970)[0m OMP: Info #171: KMP_AFFINITY: OS proc 17 maps to socket 1 core 1 thread 0 
[2m[36m(pid=47970)[0m OMP: Info #171: KMP_AFFINITY: OS proc 49 maps to socket 1 core 1 thread 1 
[2m[36m(pid=47970)[0m OMP: Info #171: KMP_AFFINITY: OS proc 18 maps to socket 1 core 2 thread 0 
[2m[36m(pid=47970)[0m OMP: Info #171: KMP_AFFINITY: OS proc 50 maps to socket 1 core 2 thread 1 
[2m[36m(pid=47970)[0m OMP: Info #171: KMP_AFFINITY: OS proc 19 maps to socket 1 core 3 thread 0 
[2m[36m(pid=47970)[0m OMP: Info #171: KMP_AFFINITY: OS proc 51 maps to socket 1 core 3 thread 1 
[2m[36m(pid=47970)[0m OMP: Info #171: KMP_AFFINITY: OS proc 20 maps to socket 1 core 4 thread 0 
[2m[36m(pid=47970)[0m OMP: Info #171: KMP_AFFINITY: OS proc 52 maps to socket 1 core 4 thread 1 
[2m[36m(pid=47970)[0m OMP: Info #171: KMP_AFFINITY: OS proc 21 maps to socket 1 core 5 thread 0 
[2m[36m(pid=47970)[0m OMP: Info #171: KMP_AFFINITY: OS proc 53 maps to socket 1 core 5 thread 1 
[2m[36m(pid=47970)[0m OMP: Info #171: KMP_AFFINITY: OS proc 22 maps to socket 1 core 6 thread 0 
[2m[36m(pid=47970)[0m OMP: Info #171: KMP_AFFINITY: OS proc 54 maps to socket 1 core 6 thread 1 
[2m[36m(pid=47970)[0m OMP: Info #171: KMP_AFFINITY: OS proc 23 maps to socket 1 core 7 thread 0 
[2m[36m(pid=47970)[0m OMP: Info #171: KMP_AFFINITY: OS proc 55 maps to socket 1 core 7 thread 1 
[2m[36m(pid=47970)[0m OMP: Info #171: KMP_AFFINITY: OS proc 24 maps to socket 1 core 8 thread 0 
[2m[36m(pid=47970)[0m OMP: Info #171: KMP_AFFINITY: OS proc 56 maps to socket 1 core 8 thread 1 
[2m[36m(pid=47970)[0m OMP: Info #171: KMP_AFFINITY: OS proc 25 maps to socket 1 core 9 thread 0 
[2m[36m(pid=47970)[0m OMP: Info #171: KMP_AFFINITY: OS proc 57 maps to socket 1 core 9 thread 1 
[2m[36m(pid=47970)[0m OMP: Info #171: KMP_AFFINITY: OS proc 26 maps to socket 1 core 10 thread 0 
[2m[36m(pid=47970)[0m OMP: Info #171: KMP_AFFINITY: OS proc 58 maps to socket 1 core 10 thread 1 
[2m[36m(pid=47970)[0m OMP: Info #171: KMP_AFFINITY: OS proc 27 maps to socket 1 core 11 thread 0 
[2m[36m(pid=47970)[0m OMP: Info #171: KMP_AFFINITY: OS proc 59 maps to socket 1 core 11 thread 1 
[2m[36m(pid=47970)[0m OMP: Info #171: KMP_AFFINITY: OS proc 28 maps to socket 1 core 12 thread 0 
[2m[36m(pid=47970)[0m OMP: Info #171: KMP_AFFINITY: OS proc 60 maps to socket 1 core 12 thread 1 
[2m[36m(pid=47970)[0m OMP: Info #171: KMP_AFFINITY: OS proc 29 maps to socket 1 core 13 thread 0 
[2m[36m(pid=47970)[0m OMP: Info #171: KMP_AFFINITY: OS proc 61 maps to socket 1 core 13 thread 1 
[2m[36m(pid=47970)[0m OMP: Info #171: KMP_AFFINITY: OS proc 30 maps to socket 1 core 14 thread 0 
[2m[36m(pid=47970)[0m OMP: Info #171: KMP_AFFINITY: OS proc 62 maps to socket 1 core 14 thread 1 
[2m[36m(pid=47970)[0m OMP: Info #171: KMP_AFFINITY: OS proc 31 maps to socket 1 core 15 thread 0 
[2m[36m(pid=47970)[0m OMP: Info #171: KMP_AFFINITY: OS proc 63 maps to socket 1 core 15 thread 1 
[2m[36m(pid=47970)[0m OMP: Info #251: KMP_AFFINITY: pid 47970 tid 49246 thread 0 bound to OS proc set 0
[2m[36m(pid=47970)[0m OMP: Info #251: KMP_AFFINITY: pid 47970 tid 49246 thread 1 bound to OS proc set 1
[2m[36m(pid=47970)[0m OMP: Info #251: KMP_AFFINITY: pid 47970 tid 49258 thread 2 bound to OS proc set 2
[2m[36m(pid=47969)[0m OMP: Info #154: KMP_AFFINITY: Initial OS proc set respected: 0-63
[2m[36m(pid=47969)[0m OMP: Info #213: KMP_AFFINITY: decoding x2APIC ids.
[2m[36m(pid=47969)[0m OMP: Info #276: KMP_AFFINITY: Affinity capable, using global cpuid leaf 11 info
[2m[36m(pid=47969)[0m OMP: Info #156: KMP_AFFINITY: 64 available OS procs
[2m[36m(pid=47969)[0m OMP: Info #157: KMP_AFFINITY: Uniform topology
[2m[36m(pid=47969)[0m OMP: Info #191: KMP_AFFINITY: 2 sockets x 16 cores/socket x 2 threads/core (32 total cores)
[2m[36m(pid=47969)[0m OMP: Info #215: KMP_AFFINITY: OS proc to physical thread map:
[2m[36m(pid=47969)[0m OMP: Info #171: KMP_AFFINITY: OS proc 0 maps to socket 0 core 0 thread 0 
[2m[36m(pid=47969)[0m OMP: Info #171: KMP_AFFINITY: OS proc 32 maps to socket 0 core 0 thread 1 
[2m[36m(pid=47969)[0m OMP: Info #171: KMP_AFFINITY: OS proc 1 maps to socket 0 core 1 thread 0 
[2m[36m(pid=47969)[0m OMP: Info #171: KMP_AFFINITY: OS proc 33 maps to socket 0 core 1 thread 1 
[2m[36m(pid=47969)[0m OMP: Info #171: KMP_AFFINITY: OS proc 2 maps to socket 0 core 2 thread 0 
[2m[36m(pid=47969)[0m OMP: Info #171: KMP_AFFINITY: OS proc 34 maps to socket 0 core 2 thread 1 
[2m[36m(pid=47969)[0m OMP: Info #171: KMP_AFFINITY: OS proc 3 maps to socket 0 core 3 thread 0 
[2m[36m(pid=47969)[0m OMP: Info #171: KMP_AFFINITY: OS proc 35 maps to socket 0 core 3 thread 1 
[2m[36m(pid=47969)[0m OMP: Info #171: KMP_AFFINITY: OS proc 4 maps to socket 0 core 4 thread 0 
[2m[36m(pid=47969)[0m OMP: Info #171: KMP_AFFINITY: OS proc 36 maps to socket 0 core 4 thread 1 
[2m[36m(pid=47969)[0m OMP: Info #171: KMP_AFFINITY: OS proc 5 maps to socket 0 core 5 thread 0 
[2m[36m(pid=47969)[0m OMP: Info #171: KMP_AFFINITY: OS proc 37 maps to socket 0 core 5 thread 1 
[2m[36m(pid=47969)[0m OMP: Info #171: KMP_AFFINITY: OS proc 6 maps to socket 0 core 6 thread 0 
[2m[36m(pid=47969)[0m OMP: Info #171: KMP_AFFINITY: OS proc 38 maps to socket 0 core 6 thread 1 
[2m[36m(pid=47969)[0m OMP: Info #171: KMP_AFFINITY: OS proc 7 maps to socket 0 core 7 thread 0 
[2m[36m(pid=47969)[0m OMP: Info #171: KMP_AFFINITY: OS proc 39 maps to socket 0 core 7 thread 1 
[2m[36m(pid=47969)[0m OMP: Info #171: KMP_AFFINITY: OS proc 8 maps to socket 0 core 8 thread 0 
[2m[36m(pid=47969)[0m OMP: Info #171: KMP_AFFINITY: OS proc 40 maps to socket 0 core 8 thread 1 
[2m[36m(pid=47969)[0m OMP: Info #171: KMP_AFFINITY: OS proc 9 maps to socket 0 core 9 thread 0 
[2m[36m(pid=47969)[0m OMP: Info #171: KMP_AFFINITY: OS proc 41 maps to socket 0 core 9 thread 1 
[2m[36m(pid=47969)[0m OMP: Info #171: KMP_AFFINITY: OS proc 10 maps to socket 0 core 10 thread 0 
[2m[36m(pid=47969)[0m OMP: Info #171: KMP_AFFINITY: OS proc 42 maps to socket 0 core 10 thread 1 
[2m[36m(pid=47969)[0m OMP: Info #171: KMP_AFFINITY: OS proc 11 maps to socket 0 core 11 thread 0 
[2m[36m(pid=47969)[0m OMP: Info #171: KMP_AFFINITY: OS proc 43 maps to socket 0 core 11 thread 1 
[2m[36m(pid=47969)[0m OMP: Info #171: KMP_AFFINITY: OS proc 12 maps to socket 0 core 12 thread 0 
[2m[36m(pid=47969)[0m OMP: Info #171: KMP_AFFINITY: OS proc 44 maps to socket 0 core 12 thread 1 
[2m[36m(pid=47969)[0m OMP: Info #171: KMP_AFFINITY: OS proc 13 maps to socket 0 core 13 thread 0 
[2m[36m(pid=47969)[0m OMP: Info #171: KMP_AFFINITY: OS proc 45 maps to socket 0 core 13 thread 1 
[2m[36m(pid=47969)[0m OMP: Info #171: KMP_AFFINITY: OS proc 14 maps to socket 0 core 14 thread 0 
[2m[36m(pid=47969)[0m OMP: Info #171: KMP_AFFINITY: OS proc 46 maps to socket 0 core 14 thread 1 
[2m[36m(pid=47969)[0m OMP: Info #171: KMP_AFFINITY: OS proc 15 maps to socket 0 core 15 thread 0 
[2m[36m(pid=47969)[0m OMP: Info #171: KMP_AFFINITY: OS proc 47 maps to socket 0 core 15 thread 1 
[2m[36m(pid=47969)[0m OMP: Info #171: KMP_AFFINITY: OS proc 16 maps to socket 1 core 0 thread 0 
[2m[36m(pid=47969)[0m OMP: Info #171: KMP_AFFINITY: OS proc 48 maps to socket 1 core 0 thread 1 
[2m[36m(pid=47969)[0m OMP: Info #171: KMP_AFFINITY: OS proc 17 maps to socket 1 core 1 thread 0 
[2m[36m(pid=47969)[0m OMP: Info #171: KMP_AFFINITY: OS proc 49 maps to socket 1 core 1 thread 1 
[2m[36m(pid=47969)[0m OMP: Info #171: KMP_AFFINITY: OS proc 18 maps to socket 1 core 2 thread 0 
[2m[36m(pid=47969)[0m OMP: Info #171: KMP_AFFINITY: OS proc 50 maps to socket 1 core 2 thread 1 
[2m[36m(pid=47969)[0m OMP: Info #171: KMP_AFFINITY: OS proc 19 maps to socket 1 core 3 thread 0 
[2m[36m(pid=47969)[0m OMP: Info #171: KMP_AFFINITY: OS proc 51 maps to socket 1 core 3 thread 1 
[2m[36m(pid=47969)[0m OMP: Info #171: KMP_AFFINITY: OS proc 20 maps to socket 1 core 4 thread 0 
[2m[36m(pid=47969)[0m OMP: Info #171: KMP_AFFINITY: OS proc 52 maps to socket 1 core 4 thread 1 
[2m[36m(pid=47969)[0m OMP: Info #171: KMP_AFFINITY: OS proc 21 maps to socket 1 core 5 thread 0 
[2m[36m(pid=47969)[0m OMP: Info #171: KMP_AFFINITY: OS proc 53 maps to socket 1 core 5 thread 1 
[2m[36m(pid=47969)[0m OMP: Info #171: KMP_AFFINITY: OS proc 22 maps to socket 1 core 6 thread 0 
[2m[36m(pid=47969)[0m OMP: Info #171: KMP_AFFINITY: OS proc 54 maps to socket 1 core 6 thread 1 
[2m[36m(pid=47969)[0m OMP: Info #171: KMP_AFFINITY: OS proc 23 maps to socket 1 core 7 thread 0 
[2m[36m(pid=47969)[0m OMP: Info #171: KMP_AFFINITY: OS proc 55 maps to socket 1 core 7 thread 1 
[2m[36m(pid=47969)[0m OMP: Info #171: KMP_AFFINITY: OS proc 24 maps to socket 1 core 8 thread 0 
[2m[36m(pid=47969)[0m OMP: Info #171: KMP_AFFINITY: OS proc 56 maps to socket 1 core 8 thread 1 
[2m[36m(pid=47969)[0m OMP: Info #171: KMP_AFFINITY: OS proc 25 maps to socket 1 core 9 thread 0 
[2m[36m(pid=47969)[0m OMP: Info #171: KMP_AFFINITY: OS proc 57 maps to socket 1 core 9 thread 1 
[2m[36m(pid=47969)[0m OMP: Info #171: KMP_AFFINITY: OS proc 26 maps to socket 1 core 10 thread 0 
[2m[36m(pid=47969)[0m OMP: Info #171: KMP_AFFINITY: OS proc 58 maps to socket 1 core 10 thread 1 
[2m[36m(pid=47969)[0m OMP: Info #171: KMP_AFFINITY: OS proc 27 maps to socket 1 core 11 thread 0 
[2m[36m(pid=47969)[0m OMP: Info #171: KMP_AFFINITY: OS proc 59 maps to socket 1 core 11 thread 1 
[2m[36m(pid=47969)[0m OMP: Info #171: KMP_AFFINITY: OS proc 28 maps to socket 1 core 12 thread 0 
[2m[36m(pid=47969)[0m OMP: Info #171: KMP_AFFINITY: OS proc 60 maps to socket 1 core 12 thread 1 
[2m[36m(pid=47969)[0m OMP: Info #171: KMP_AFFINITY: OS proc 29 maps to socket 1 core 13 thread 0 
[2m[36m(pid=47969)[0m OMP: Info #171: KMP_AFFINITY: OS proc 61 maps to socket 1 core 13 thread 1 
[2m[36m(pid=47969)[0m OMP: Info #171: KMP_AFFINITY: OS proc 30 maps to socket 1 core 14 thread 0 
[2m[36m(pid=47969)[0m OMP: Info #171: KMP_AFFINITY: OS proc 62 maps to socket 1 core 14 thread 1 
[2m[36m(pid=47969)[0m OMP: Info #171: KMP_AFFINITY: OS proc 31 maps to socket 1 core 15 thread 0 
[2m[36m(pid=47969)[0m OMP: Info #171: KMP_AFFINITY: OS proc 63 maps to socket 1 core 15 thread 1 
[2m[36m(pid=47969)[0m OMP: Info #251: KMP_AFFINITY: pid 47969 tid 49254 thread 0 bound to OS proc set 0
[2m[36m(pid=47969)[0m OMP: Info #251: KMP_AFFINITY: pid 47969 tid 49254 thread 1 bound to OS proc set 1
[2m[36m(pid=47969)[0m OMP: Info #251: KMP_AFFINITY: pid 47969 tid 49259 thread 2 bound to OS proc set 2
[2m[36m(pid=47959)[0m OMP: Info #251: KMP_AFFINITY: pid 47959 tid 49275 thread 3 bound to OS proc set 3
[2m[36m(pid=47969)[0m OMP: Info #251: KMP_AFFINITY: pid 47969 tid 49277 thread 3 bound to OS proc set 3
[2m[36m(pid=47978)[0m OMP: Info #251: KMP_AFFINITY: pid 47978 tid 49278 thread 3 bound to OS proc set 3
[2m[36m(pid=47965)[0m OMP: Info #251: KMP_AFFINITY: pid 47965 tid 49282 thread 3 bound to OS proc set 3
[2m[36m(pid=47970)[0m OMP: Info #251: KMP_AFFINITY: pid 47970 tid 49284 thread 3 bound to OS proc set 3
