WARNING:tensorflow:From /global/u2/a/arissa/RayLeaf/leaf/models/femnist/cnn.py:26: conv2d (from tensorflow.python.layers.convolutional) is deprecated and will be removed in a future version.
Instructions for updating:
Use `tf.keras.layers.Conv2D` instead.
WARNING:tensorflow:From /usr/common/software/tensorflow/intel-tensorflow/1.15.0-py37/lib/python3.7/site-packages/tensorflow_core/python/layers/convolutional.py:424: Layer.apply (from tensorflow.python.keras.engine.base_layer) is deprecated and will be removed in a future version.
Instructions for updating:
Please use `layer.__call__` method instead.
WARNING:tensorflow:From /global/u2/a/arissa/RayLeaf/leaf/models/femnist/cnn.py:27: max_pooling2d (from tensorflow.python.layers.pooling) is deprecated and will be removed in a future version.
Instructions for updating:
Use keras.layers.MaxPooling2D instead.
WARNING:tensorflow:From /global/u2/a/arissa/RayLeaf/leaf/models/femnist/cnn.py:36: dense (from tensorflow.python.layers.core) is deprecated and will be removed in a future version.
Instructions for updating:
Use keras.layers.Dense instead.
WARNING:tensorflow:From /usr/common/software/tensorflow/intel-tensorflow/1.15.0-py37/lib/python3.7/site-packages/tensorflow_core/python/ops/losses/losses_impl.py:121: where (from tensorflow.python.ops.array_ops) is deprecated and will be removed in a future version.
Instructions for updating:
Use tf.where in 2.0, which has the same broadcast rule as np.where
2021-03-11 03:10:27.610429: I tensorflow/core/platform/cpu_feature_guard.cc:145] This TensorFlow binary is optimized with Intel(R) MKL-DNN to use the following CPU instructions in performance critical operations:  SSE4.1 SSE4.2 AVX AVX2 FMA
To enable them in non-MKL-DNN operations, rebuild TensorFlow with the appropriate compiler flags.
2021-03-11 03:10:27.630955: I tensorflow/core/platform/profile_utils/cpu_utils.cc:94] CPU Frequency: 2300195000 Hz
2021-03-11 03:10:27.631137: I tensorflow/compiler/xla/service/service.cc:168] XLA service 0x555558a40210 initialized for platform Host (this does not guarantee that XLA will be used). Devices:
2021-03-11 03:10:27.631323: I tensorflow/compiler/xla/service/service.cc:176]   StreamExecutor device (0): Host, Default Version
2021-03-11 03:10:28,425	INFO services.py:1092 -- View the Ray dashboard at [1m[32mhttp://127.0.0.1:8265[39m[22m
OMP: Info #154: KMP_AFFINITY: Initial OS proc set respected: 0-63
OMP: Info #213: KMP_AFFINITY: decoding x2APIC ids.
OMP: Info #276: KMP_AFFINITY: Affinity capable, using global cpuid leaf 11 info
OMP: Info #156: KMP_AFFINITY: 64 available OS procs
OMP: Info #157: KMP_AFFINITY: Uniform topology
OMP: Info #191: KMP_AFFINITY: 2 sockets x 16 cores/socket x 2 threads/core (32 total cores)
OMP: Info #215: KMP_AFFINITY: OS proc to physical thread map:
OMP: Info #171: KMP_AFFINITY: OS proc 0 maps to socket 0 core 0 thread 0 
OMP: Info #171: KMP_AFFINITY: OS proc 32 maps to socket 0 core 0 thread 1 
OMP: Info #171: KMP_AFFINITY: OS proc 1 maps to socket 0 core 1 thread 0 
OMP: Info #171: KMP_AFFINITY: OS proc 33 maps to socket 0 core 1 thread 1 
OMP: Info #171: KMP_AFFINITY: OS proc 2 maps to socket 0 core 2 thread 0 
OMP: Info #171: KMP_AFFINITY: OS proc 34 maps to socket 0 core 2 thread 1 
OMP: Info #171: KMP_AFFINITY: OS proc 3 maps to socket 0 core 3 thread 0 
OMP: Info #171: KMP_AFFINITY: OS proc 35 maps to socket 0 core 3 thread 1 
OMP: Info #171: KMP_AFFINITY: OS proc 4 maps to socket 0 core 4 thread 0 
OMP: Info #171: KMP_AFFINITY: OS proc 36 maps to socket 0 core 4 thread 1 
OMP: Info #171: KMP_AFFINITY: OS proc 5 maps to socket 0 core 5 thread 0 
OMP: Info #171: KMP_AFFINITY: OS proc 37 maps to socket 0 core 5 thread 1 
OMP: Info #171: KMP_AFFINITY: OS proc 6 maps to socket 0 core 6 thread 0 
OMP: Info #171: KMP_AFFINITY: OS proc 38 maps to socket 0 core 6 thread 1 
OMP: Info #171: KMP_AFFINITY: OS proc 7 maps to socket 0 core 7 thread 0 
OMP: Info #171: KMP_AFFINITY: OS proc 39 maps to socket 0 core 7 thread 1 
OMP: Info #171: KMP_AFFINITY: OS proc 8 maps to socket 0 core 8 thread 0 
OMP: Info #171: KMP_AFFINITY: OS proc 40 maps to socket 0 core 8 thread 1 
OMP: Info #171: KMP_AFFINITY: OS proc 9 maps to socket 0 core 9 thread 0 
OMP: Info #171: KMP_AFFINITY: OS proc 41 maps to socket 0 core 9 thread 1 
OMP: Info #171: KMP_AFFINITY: OS proc 10 maps to socket 0 core 10 thread 0 
OMP: Info #171: KMP_AFFINITY: OS proc 42 maps to socket 0 core 10 thread 1 
OMP: Info #171: KMP_AFFINITY: OS proc 11 maps to socket 0 core 11 thread 0 
OMP: Info #171: KMP_AFFINITY: OS proc 43 maps to socket 0 core 11 thread 1 
OMP: Info #171: KMP_AFFINITY: OS proc 12 maps to socket 0 core 12 thread 0 
OMP: Info #171: KMP_AFFINITY: OS proc 44 maps to socket 0 core 12 thread 1 
OMP: Info #171: KMP_AFFINITY: OS proc 13 maps to socket 0 core 13 thread 0 
OMP: Info #171: KMP_AFFINITY: OS proc 45 maps to socket 0 core 13 thread 1 
OMP: Info #171: KMP_AFFINITY: OS proc 14 maps to socket 0 core 14 thread 0 
OMP: Info #171: KMP_AFFINITY: OS proc 46 maps to socket 0 core 14 thread 1 
OMP: Info #171: KMP_AFFINITY: OS proc 15 maps to socket 0 core 15 thread 0 
OMP: Info #171: KMP_AFFINITY: OS proc 47 maps to socket 0 core 15 thread 1 
OMP: Info #171: KMP_AFFINITY: OS proc 16 maps to socket 1 core 0 thread 0 
OMP: Info #171: KMP_AFFINITY: OS proc 48 maps to socket 1 core 0 thread 1 
OMP: Info #171: KMP_AFFINITY: OS proc 17 maps to socket 1 core 1 thread 0 
OMP: Info #171: KMP_AFFINITY: OS proc 49 maps to socket 1 core 1 thread 1 
OMP: Info #171: KMP_AFFINITY: OS proc 18 maps to socket 1 core 2 thread 0 
OMP: Info #171: KMP_AFFINITY: OS proc 50 maps to socket 1 core 2 thread 1 
OMP: Info #171: KMP_AFFINITY: OS proc 19 maps to socket 1 core 3 thread 0 
OMP: Info #171: KMP_AFFINITY: OS proc 51 maps to socket 1 core 3 thread 1 
OMP: Info #171: KMP_AFFINITY: OS proc 20 maps to socket 1 core 4 thread 0 
OMP: Info #171: KMP_AFFINITY: OS proc 52 maps to socket 1 core 4 thread 1 
OMP: Info #171: KMP_AFFINITY: OS proc 21 maps to socket 1 core 5 thread 0 
OMP: Info #171: KMP_AFFINITY: OS proc 53 maps to socket 1 core 5 thread 1 
OMP: Info #171: KMP_AFFINITY: OS proc 22 maps to socket 1 core 6 thread 0 
OMP: Info #171: KMP_AFFINITY: OS proc 54 maps to socket 1 core 6 thread 1 
OMP: Info #171: KMP_AFFINITY: OS proc 23 maps to socket 1 core 7 thread 0 
OMP: Info #171: KMP_AFFINITY: OS proc 55 maps to socket 1 core 7 thread 1 
OMP: Info #171: KMP_AFFINITY: OS proc 24 maps to socket 1 core 8 thread 0 
OMP: Info #171: KMP_AFFINITY: OS proc 56 maps to socket 1 core 8 thread 1 
OMP: Info #171: KMP_AFFINITY: OS proc 25 maps to socket 1 core 9 thread 0 
OMP: Info #171: KMP_AFFINITY: OS proc 57 maps to socket 1 core 9 thread 1 
OMP: Info #171: KMP_AFFINITY: OS proc 26 maps to socket 1 core 10 thread 0 
OMP: Info #171: KMP_AFFINITY: OS proc 58 maps to socket 1 core 10 thread 1 
OMP: Info #171: KMP_AFFINITY: OS proc 27 maps to socket 1 core 11 thread 0 
OMP: Info #171: KMP_AFFINITY: OS proc 59 maps to socket 1 core 11 thread 1 
OMP: Info #171: KMP_AFFINITY: OS proc 28 maps to socket 1 core 12 thread 0 
OMP: Info #171: KMP_AFFINITY: OS proc 60 maps to socket 1 core 12 thread 1 
OMP: Info #171: KMP_AFFINITY: OS proc 29 maps to socket 1 core 13 thread 0 
OMP: Info #171: KMP_AFFINITY: OS proc 61 maps to socket 1 core 13 thread 1 
OMP: Info #171: KMP_AFFINITY: OS proc 30 maps to socket 1 core 14 thread 0 
OMP: Info #171: KMP_AFFINITY: OS proc 62 maps to socket 1 core 14 thread 1 
OMP: Info #171: KMP_AFFINITY: OS proc 31 maps to socket 1 core 15 thread 0 
OMP: Info #171: KMP_AFFINITY: OS proc 63 maps to socket 1 core 15 thread 1 
OMP: Info #251: KMP_AFFINITY: pid 44881 tid 44881 thread 0 bound to OS proc set 0
OMP: Info #251: KMP_AFFINITY: pid 44881 tid 46373 thread 1 bound to OS proc set 1
[2m[36m(pid=45034)[0m WARNING:tensorflow:From /global/u2/a/arissa/RayLeaf/leaf/models/femnist/cnn.py:26: conv2d (from tensorflow.python.layers.convolutional) is deprecated and will be removed in a future version.
[2m[36m(pid=45034)[0m Instructions for updating:
[2m[36m(pid=45034)[0m Use `tf.keras.layers.Conv2D` instead.
[2m[36m(pid=45034)[0m WARNING:tensorflow:From /usr/common/software/tensorflow/intel-tensorflow/1.15.0-py37/lib/python3.7/site-packages/tensorflow_core/python/layers/convolutional.py:424: Layer.apply (from tensorflow.python.keras.engine.base_layer) is deprecated and will be removed in a future version.
[2m[36m(pid=45034)[0m Instructions for updating:
[2m[36m(pid=45034)[0m Please use `layer.__call__` method instead.
[2m[36m(pid=45034)[0m WARNING:tensorflow:From /global/u2/a/arissa/RayLeaf/leaf/models/femnist/cnn.py:27: max_pooling2d (from tensorflow.python.layers.pooling) is deprecated and will be removed in a future version.
[2m[36m(pid=45034)[0m Instructions for updating:
[2m[36m(pid=45034)[0m Use keras.layers.MaxPooling2D instead.
[2m[36m(pid=45034)[0m WARNING:tensorflow:From /global/u2/a/arissa/RayLeaf/leaf/models/femnist/cnn.py:36: dense (from tensorflow.python.layers.core) is deprecated and will be removed in a future version.
[2m[36m(pid=45034)[0m Instructions for updating:
[2m[36m(pid=45034)[0m Use keras.layers.Dense instead.
[2m[36m(pid=45034)[0m WARNING:tensorflow:From /usr/common/software/tensorflow/intel-tensorflow/1.15.0-py37/lib/python3.7/site-packages/tensorflow_core/python/ops/losses/losses_impl.py:121: where (from tensorflow.python.ops.array_ops) is deprecated and will be removed in a future version.
[2m[36m(pid=45034)[0m Instructions for updating:
[2m[36m(pid=45034)[0m Use tf.where in 2.0, which has the same broadcast rule as np.where
[2m[36m(pid=45043)[0m WARNING:tensorflow:From /global/u2/a/arissa/RayLeaf/leaf/models/femnist/cnn.py:26: conv2d (from tensorflow.python.layers.convolutional) is deprecated and will be removed in a future version.
[2m[36m(pid=45043)[0m Instructions for updating:
[2m[36m(pid=45043)[0m Use `tf.keras.layers.Conv2D` instead.
[2m[36m(pid=45043)[0m WARNING:tensorflow:From /usr/common/software/tensorflow/intel-tensorflow/1.15.0-py37/lib/python3.7/site-packages/tensorflow_core/python/layers/convolutional.py:424: Layer.apply (from tensorflow.python.keras.engine.base_layer) is deprecated and will be removed in a future version.
[2m[36m(pid=45043)[0m Instructions for updating:
[2m[36m(pid=45043)[0m Please use `layer.__call__` method instead.
[2m[36m(pid=45043)[0m WARNING:tensorflow:From /global/u2/a/arissa/RayLeaf/leaf/models/femnist/cnn.py:27: max_pooling2d (from tensorflow.python.layers.pooling) is deprecated and will be removed in a future version.
[2m[36m(pid=45043)[0m Instructions for updating:
[2m[36m(pid=45043)[0m Use keras.layers.MaxPooling2D instead.
[2m[36m(pid=45043)[0m WARNING:tensorflow:From /global/u2/a/arissa/RayLeaf/leaf/models/femnist/cnn.py:36: dense (from tensorflow.python.layers.core) is deprecated and will be removed in a future version.
[2m[36m(pid=45043)[0m Instructions for updating:
[2m[36m(pid=45043)[0m Use keras.layers.Dense instead.
[2m[36m(pid=45043)[0m WARNING:tensorflow:From /usr/common/software/tensorflow/intel-tensorflow/1.15.0-py37/lib/python3.7/site-packages/tensorflow_core/python/ops/losses/losses_impl.py:121: where (from tensorflow.python.ops.array_ops) is deprecated and will be removed in a future version.
[2m[36m(pid=45043)[0m Instructions for updating:
[2m[36m(pid=45043)[0m Use tf.where in 2.0, which has the same broadcast rule as np.where
[2m[36m(pid=45034)[0m 2021-03-11 03:10:44.210298: I tensorflow/core/platform/cpu_feature_guard.cc:145] This TensorFlow binary is optimized with Intel(R) MKL-DNN to use the following CPU instructions in performance critical operations:  SSE4.1 SSE4.2 AVX AVX2 FMA
[2m[36m(pid=45034)[0m To enable them in non-MKL-DNN operations, rebuild TensorFlow with the appropriate compiler flags.
[2m[36m(pid=45034)[0m 2021-03-11 03:10:44.220483: I tensorflow/core/platform/profile_utils/cpu_utils.cc:94] CPU Frequency: 2300195000 Hz
[2m[36m(pid=45034)[0m 2021-03-11 03:10:44.220594: I tensorflow/compiler/xla/service/service.cc:168] XLA service 0x555558fc58e0 initialized for platform Host (this does not guarantee that XLA will be used). Devices:
[2m[36m(pid=45034)[0m 2021-03-11 03:10:44.220609: I tensorflow/compiler/xla/service/service.cc:176]   StreamExecutor device (0): Host, Default Version
[2m[36m(pid=45043)[0m 2021-03-11 03:10:44.265464: I tensorflow/core/platform/cpu_feature_guard.cc:145] This TensorFlow binary is optimized with Intel(R) MKL-DNN to use the following CPU instructions in performance critical operations:  SSE4.1 SSE4.2 AVX AVX2 FMA
[2m[36m(pid=45043)[0m To enable them in non-MKL-DNN operations, rebuild TensorFlow with the appropriate compiler flags.
[2m[36m(pid=45043)[0m 2021-03-11 03:10:44.275539: I tensorflow/core/platform/profile_utils/cpu_utils.cc:94] CPU Frequency: 2300195000 Hz
[2m[36m(pid=45043)[0m 2021-03-11 03:10:44.275673: I tensorflow/compiler/xla/service/service.cc:168] XLA service 0x55555b4e8630 initialized for platform Host (this does not guarantee that XLA will be used). Devices:
[2m[36m(pid=45043)[0m 2021-03-11 03:10:44.275689: I tensorflow/compiler/xla/service/service.cc:176]   StreamExecutor device (0): Host, Default Version
[2m[36m(pid=45046)[0m WARNING:tensorflow:From /global/u2/a/arissa/RayLeaf/leaf/models/femnist/cnn.py:26: conv2d (from tensorflow.python.layers.convolutional) is deprecated and will be removed in a future version.
[2m[36m(pid=45046)[0m Instructions for updating:
[2m[36m(pid=45046)[0m Use `tf.keras.layers.Conv2D` instead.
[2m[36m(pid=45046)[0m WARNING:tensorflow:From /usr/common/software/tensorflow/intel-tensorflow/1.15.0-py37/lib/python3.7/site-packages/tensorflow_core/python/layers/convolutional.py:424: Layer.apply (from tensorflow.python.keras.engine.base_layer) is deprecated and will be removed in a future version.
[2m[36m(pid=45046)[0m Instructions for updating:
[2m[36m(pid=45046)[0m Please use `layer.__call__` method instead.
[2m[36m(pid=45049)[0m WARNING:tensorflow:From /global/u2/a/arissa/RayLeaf/leaf/models/femnist/cnn.py:26: conv2d (from tensorflow.python.layers.convolutional) is deprecated and will be removed in a future version.
[2m[36m(pid=45049)[0m Instructions for updating:
[2m[36m(pid=45049)[0m Use `tf.keras.layers.Conv2D` instead.
[2m[36m(pid=45049)[0m WARNING:tensorflow:From /usr/common/software/tensorflow/intel-tensorflow/1.15.0-py37/lib/python3.7/site-packages/tensorflow_core/python/layers/convolutional.py:424: Layer.apply (from tensorflow.python.keras.engine.base_layer) is deprecated and will be removed in a future version.
[2m[36m(pid=45049)[0m Instructions for updating:
[2m[36m(pid=45049)[0m Please use `layer.__call__` method instead.
[2m[36m(pid=45049)[0m WARNING:tensorflow:From /global/u2/a/arissa/RayLeaf/leaf/models/femnist/cnn.py:27: max_pooling2d (from tensorflow.python.layers.pooling) is deprecated and will be removed in a future version.
[2m[36m(pid=45049)[0m Instructions for updating:
[2m[36m(pid=45049)[0m Use keras.layers.MaxPooling2D instead.
[2m[36m(pid=45049)[0m WARNING:tensorflow:From /global/u2/a/arissa/RayLeaf/leaf/models/femnist/cnn.py:36: dense (from tensorflow.python.layers.core) is deprecated and will be removed in a future version.
[2m[36m(pid=45049)[0m Instructions for updating:
[2m[36m(pid=45049)[0m Use keras.layers.Dense instead.
[2m[36m(pid=45046)[0m WARNING:tensorflow:From /global/u2/a/arissa/RayLeaf/leaf/models/femnist/cnn.py:27: max_pooling2d (from tensorflow.python.layers.pooling) is deprecated and will be removed in a future version.
[2m[36m(pid=45046)[0m Instructions for updating:
[2m[36m(pid=45046)[0m Use keras.layers.MaxPooling2D instead.
[2m[36m(pid=45046)[0m WARNING:tensorflow:From /global/u2/a/arissa/RayLeaf/leaf/models/femnist/cnn.py:36: dense (from tensorflow.python.layers.core) is deprecated and will be removed in a future version.
[2m[36m(pid=45046)[0m Instructions for updating:
[2m[36m(pid=45046)[0m Use keras.layers.Dense instead.
[2m[36m(pid=45046)[0m WARNING:tensorflow:From /usr/common/software/tensorflow/intel-tensorflow/1.15.0-py37/lib/python3.7/site-packages/tensorflow_core/python/ops/losses/losses_impl.py:121: where (from tensorflow.python.ops.array_ops) is deprecated and will be removed in a future version.
[2m[36m(pid=45046)[0m Instructions for updating:
[2m[36m(pid=45046)[0m Use tf.where in 2.0, which has the same broadcast rule as np.where
[2m[36m(pid=45049)[0m WARNING:tensorflow:From /usr/common/software/tensorflow/intel-tensorflow/1.15.0-py37/lib/python3.7/site-packages/tensorflow_core/python/ops/losses/losses_impl.py:121: where (from tensorflow.python.ops.array_ops) is deprecated and will be removed in a future version.
[2m[36m(pid=45049)[0m Instructions for updating:
[2m[36m(pid=45049)[0m Use tf.where in 2.0, which has the same broadcast rule as np.where
[2m[36m(pid=45046)[0m 2021-03-11 03:10:44.613303: I tensorflow/core/platform/cpu_feature_guard.cc:145] This TensorFlow binary is optimized with Intel(R) MKL-DNN to use the following CPU instructions in performance critical operations:  SSE4.1 SSE4.2 AVX AVX2 FMA
[2m[36m(pid=45046)[0m To enable them in non-MKL-DNN operations, rebuild TensorFlow with the appropriate compiler flags.
[2m[36m(pid=45046)[0m 2021-03-11 03:10:44.624648: I tensorflow/core/platform/profile_utils/cpu_utils.cc:94] CPU Frequency: 2300195000 Hz
[2m[36m(pid=45046)[0m 2021-03-11 03:10:44.624782: I tensorflow/compiler/xla/service/service.cc:168] XLA service 0x55555b612160 initialized for platform Host (this does not guarantee that XLA will be used). Devices:
[2m[36m(pid=45046)[0m 2021-03-11 03:10:44.624797: I tensorflow/compiler/xla/service/service.cc:176]   StreamExecutor device (0): Host, Default Version
[2m[36m(pid=45049)[0m 2021-03-11 03:10:44.612886: I tensorflow/core/platform/cpu_feature_guard.cc:145] This TensorFlow binary is optimized with Intel(R) MKL-DNN to use the following CPU instructions in performance critical operations:  SSE4.1 SSE4.2 AVX AVX2 FMA
[2m[36m(pid=45049)[0m To enable them in non-MKL-DNN operations, rebuild TensorFlow with the appropriate compiler flags.
[2m[36m(pid=45049)[0m 2021-03-11 03:10:44.624335: I tensorflow/core/platform/profile_utils/cpu_utils.cc:94] CPU Frequency: 2300195000 Hz
[2m[36m(pid=45049)[0m 2021-03-11 03:10:44.624453: I tensorflow/compiler/xla/service/service.cc:168] XLA service 0x55555d8e2db0 initialized for platform Host (this does not guarantee that XLA will be used). Devices:
[2m[36m(pid=45049)[0m 2021-03-11 03:10:44.624467: I tensorflow/compiler/xla/service/service.cc:176]   StreamExecutor device (0): Host, Default Version
[2m[36m(pid=45031)[0m WARNING:tensorflow:From /global/u2/a/arissa/RayLeaf/leaf/models/femnist/cnn.py:26: conv2d (from tensorflow.python.layers.convolutional) is deprecated and will be removed in a future version.
[2m[36m(pid=45031)[0m Instructions for updating:
[2m[36m(pid=45031)[0m Use `tf.keras.layers.Conv2D` instead.
[2m[36m(pid=45031)[0m WARNING:tensorflow:From /usr/common/software/tensorflow/intel-tensorflow/1.15.0-py37/lib/python3.7/site-packages/tensorflow_core/python/layers/convolutional.py:424: Layer.apply (from tensorflow.python.keras.engine.base_layer) is deprecated and will be removed in a future version.
[2m[36m(pid=45031)[0m Instructions for updating:
[2m[36m(pid=45031)[0m Please use `layer.__call__` method instead.
[2m[36m(pid=45031)[0m WARNING:tensorflow:From /global/u2/a/arissa/RayLeaf/leaf/models/femnist/cnn.py:27: max_pooling2d (from tensorflow.python.layers.pooling) is deprecated and will be removed in a future version.
[2m[36m(pid=45031)[0m Instructions for updating:
[2m[36m(pid=45031)[0m Use keras.layers.MaxPooling2D instead.
[2m[36m(pid=45031)[0m WARNING:tensorflow:From /global/u2/a/arissa/RayLeaf/leaf/models/femnist/cnn.py:36: dense (from tensorflow.python.layers.core) is deprecated and will be removed in a future version.
[2m[36m(pid=45031)[0m Instructions for updating:
[2m[36m(pid=45031)[0m Use keras.layers.Dense instead.
[2m[36m(pid=45031)[0m WARNING:tensorflow:From /usr/common/software/tensorflow/intel-tensorflow/1.15.0-py37/lib/python3.7/site-packages/tensorflow_core/python/ops/losses/losses_impl.py:121: where (from tensorflow.python.ops.array_ops) is deprecated and will be removed in a future version.
[2m[36m(pid=45031)[0m Instructions for updating:
[2m[36m(pid=45031)[0m Use tf.where in 2.0, which has the same broadcast rule as np.where
[2m[36m(pid=45031)[0m 2021-03-11 03:10:45.019198: I tensorflow/core/platform/cpu_feature_guard.cc:145] This TensorFlow binary is optimized with Intel(R) MKL-DNN to use the following CPU instructions in performance critical operations:  SSE4.1 SSE4.2 AVX AVX2 FMA
[2m[36m(pid=45031)[0m To enable them in non-MKL-DNN operations, rebuild TensorFlow with the appropriate compiler flags.
[2m[36m(pid=45031)[0m 2021-03-11 03:10:45.030012: I tensorflow/core/platform/profile_utils/cpu_utils.cc:94] CPU Frequency: 2300195000 Hz
[2m[36m(pid=45031)[0m 2021-03-11 03:10:45.030115: I tensorflow/compiler/xla/service/service.cc:168] XLA service 0x55555d205960 initialized for platform Host (this does not guarantee that XLA will be used). Devices:
[2m[36m(pid=45031)[0m 2021-03-11 03:10:45.030141: I tensorflow/compiler/xla/service/service.cc:176]   StreamExecutor device (0): Host, Default Version
[2m[36m(pid=45034)[0m WARNING:tensorflow:From /global/u2/a/arissa/RayLeaf/leaf/models/model.py:49: Variable.load (from tensorflow.python.ops.variables) is deprecated and will be removed in a future version.
[2m[36m(pid=45034)[0m Instructions for updating:
[2m[36m(pid=45034)[0m Prefer Variable.assign which has equivalent behavior in 2.X.
[2m[36m(pid=45043)[0m WARNING:tensorflow:From /global/u2/a/arissa/RayLeaf/leaf/models/model.py:49: Variable.load (from tensorflow.python.ops.variables) is deprecated and will be removed in a future version.
[2m[36m(pid=45043)[0m Instructions for updating:
[2m[36m(pid=45043)[0m Prefer Variable.assign which has equivalent behavior in 2.X.
[2m[36m(pid=45046)[0m WARNING:tensorflow:From /global/u2/a/arissa/RayLeaf/leaf/models/model.py:49: Variable.load (from tensorflow.python.ops.variables) is deprecated and will be removed in a future version.
[2m[36m(pid=45046)[0m Instructions for updating:
[2m[36m(pid=45046)[0m Prefer Variable.assign which has equivalent behavior in 2.X.
[2m[36m(pid=45049)[0m WARNING:tensorflow:From /global/u2/a/arissa/RayLeaf/leaf/models/model.py:49: Variable.load (from tensorflow.python.ops.variables) is deprecated and will be removed in a future version.
[2m[36m(pid=45049)[0m Instructions for updating:
[2m[36m(pid=45049)[0m Prefer Variable.assign which has equivalent behavior in 2.X.
[2m[36m(pid=45031)[0m WARNING:tensorflow:From /global/u2/a/arissa/RayLeaf/leaf/models/model.py:49: Variable.load (from tensorflow.python.ops.variables) is deprecated and will be removed in a future version.
[2m[36m(pid=45031)[0m Instructions for updating:
[2m[36m(pid=45031)[0m Prefer Variable.assign which has equivalent behavior in 2.X.
[2m[36m(pid=45034)[0m OMP: Info #154: KMP_AFFINITY: Initial OS proc set respected: 0-63
[2m[36m(pid=45034)[0m OMP: Info #213: KMP_AFFINITY: decoding x2APIC ids.
[2m[36m(pid=45034)[0m OMP: Info #276: KMP_AFFINITY: Affinity capable, using global cpuid leaf 11 info
[2m[36m(pid=45034)[0m OMP: Info #156: KMP_AFFINITY: 64 available OS procs
[2m[36m(pid=45034)[0m OMP: Info #157: KMP_AFFINITY: Uniform topology
[2m[36m(pid=45034)[0m OMP: Info #191: KMP_AFFINITY: 2 sockets x 16 cores/socket x 2 threads/core (32 total cores)
[2m[36m(pid=45034)[0m OMP: Info #215: KMP_AFFINITY: OS proc to physical thread map:
[2m[36m(pid=45034)[0m OMP: Info #171: KMP_AFFINITY: OS proc 0 maps to socket 0 core 0 thread 0 
[2m[36m(pid=45034)[0m OMP: Info #171: KMP_AFFINITY: OS proc 32 maps to socket 0 core 0 thread 1 
[2m[36m(pid=45034)[0m OMP: Info #171: KMP_AFFINITY: OS proc 1 maps to socket 0 core 1 thread 0 
[2m[36m(pid=45034)[0m OMP: Info #171: KMP_AFFINITY: OS proc 33 maps to socket 0 core 1 thread 1 
[2m[36m(pid=45034)[0m OMP: Info #171: KMP_AFFINITY: OS proc 2 maps to socket 0 core 2 thread 0 
[2m[36m(pid=45034)[0m OMP: Info #171: KMP_AFFINITY: OS proc 34 maps to socket 0 core 2 thread 1 
[2m[36m(pid=45034)[0m OMP: Info #171: KMP_AFFINITY: OS proc 3 maps to socket 0 core 3 thread 0 
[2m[36m(pid=45034)[0m OMP: Info #171: KMP_AFFINITY: OS proc 35 maps to socket 0 core 3 thread 1 
[2m[36m(pid=45034)[0m OMP: Info #171: KMP_AFFINITY: OS proc 4 maps to socket 0 core 4 thread 0 
[2m[36m(pid=45034)[0m OMP: Info #171: KMP_AFFINITY: OS proc 36 maps to socket 0 core 4 thread 1 
[2m[36m(pid=45034)[0m OMP: Info #171: KMP_AFFINITY: OS proc 5 maps to socket 0 core 5 thread 0 
[2m[36m(pid=45034)[0m OMP: Info #171: KMP_AFFINITY: OS proc 37 maps to socket 0 core 5 thread 1 
[2m[36m(pid=45034)[0m OMP: Info #171: KMP_AFFINITY: OS proc 6 maps to socket 0 core 6 thread 0 
[2m[36m(pid=45034)[0m OMP: Info #171: KMP_AFFINITY: OS proc 38 maps to socket 0 core 6 thread 1 
[2m[36m(pid=45034)[0m OMP: Info #171: KMP_AFFINITY: OS proc 7 maps to socket 0 core 7 thread 0 
[2m[36m(pid=45034)[0m OMP: Info #171: KMP_AFFINITY: OS proc 39 maps to socket 0 core 7 thread 1 
[2m[36m(pid=45034)[0m OMP: Info #171: KMP_AFFINITY: OS proc 8 maps to socket 0 core 8 thread 0 
[2m[36m(pid=45034)[0m OMP: Info #171: KMP_AFFINITY: OS proc 40 maps to socket 0 core 8 thread 1 
[2m[36m(pid=45034)[0m OMP: Info #171: KMP_AFFINITY: OS proc 9 maps to socket 0 core 9 thread 0 
[2m[36m(pid=45034)[0m OMP: Info #171: KMP_AFFINITY: OS proc 41 maps to socket 0 core 9 thread 1 
[2m[36m(pid=45034)[0m OMP: Info #171: KMP_AFFINITY: OS proc 10 maps to socket 0 core 10 thread 0 
[2m[36m(pid=45034)[0m OMP: Info #171: KMP_AFFINITY: OS proc 42 maps to socket 0 core 10 thread 1 
[2m[36m(pid=45034)[0m OMP: Info #171: KMP_AFFINITY: OS proc 11 maps to socket 0 core 11 thread 0 
[2m[36m(pid=45034)[0m OMP: Info #171: KMP_AFFINITY: OS proc 43 maps to socket 0 core 11 thread 1 
[2m[36m(pid=45034)[0m OMP: Info #171: KMP_AFFINITY: OS proc 12 maps to socket 0 core 12 thread 0 
[2m[36m(pid=45034)[0m OMP: Info #171: KMP_AFFINITY: OS proc 44 maps to socket 0 core 12 thread 1 
[2m[36m(pid=45034)[0m OMP: Info #171: KMP_AFFINITY: OS proc 13 maps to socket 0 core 13 thread 0 
[2m[36m(pid=45034)[0m OMP: Info #171: KMP_AFFINITY: OS proc 45 maps to socket 0 core 13 thread 1 
[2m[36m(pid=45034)[0m OMP: Info #171: KMP_AFFINITY: OS proc 14 maps to socket 0 core 14 thread 0 
[2m[36m(pid=45034)[0m OMP: Info #171: KMP_AFFINITY: OS proc 46 maps to socket 0 core 14 thread 1 
[2m[36m(pid=45034)[0m OMP: Info #171: KMP_AFFINITY: OS proc 15 maps to socket 0 core 15 thread 0 
[2m[36m(pid=45034)[0m OMP: Info #171: KMP_AFFINITY: OS proc 47 maps to socket 0 core 15 thread 1 
[2m[36m(pid=45034)[0m OMP: Info #171: KMP_AFFINITY: OS proc 16 maps to socket 1 core 0 thread 0 
[2m[36m(pid=45034)[0m OMP: Info #171: KMP_AFFINITY: OS proc 48 maps to socket 1 core 0 thread 1 
[2m[36m(pid=45034)[0m OMP: Info #171: KMP_AFFINITY: OS proc 17 maps to socket 1 core 1 thread 0 
[2m[36m(pid=45034)[0m OMP: Info #171: KMP_AFFINITY: OS proc 49 maps to socket 1 core 1 thread 1 
[2m[36m(pid=45034)[0m OMP: Info #171: KMP_AFFINITY: OS proc 18 maps to socket 1 core 2 thread 0 
[2m[36m(pid=45034)[0m OMP: Info #171: KMP_AFFINITY: OS proc 50 maps to socket 1 core 2 thread 1 
[2m[36m(pid=45034)[0m OMP: Info #171: KMP_AFFINITY: OS proc 19 maps to socket 1 core 3 thread 0 
[2m[36m(pid=45034)[0m OMP: Info #171: KMP_AFFINITY: OS proc 51 maps to socket 1 core 3 thread 1 
[2m[36m(pid=45034)[0m OMP: Info #171: KMP_AFFINITY: OS proc 20 maps to socket 1 core 4 thread 0 
[2m[36m(pid=45034)[0m OMP: Info #171: KMP_AFFINITY: OS proc 52 maps to socket 1 core 4 thread 1 
[2m[36m(pid=45034)[0m OMP: Info #171: KMP_AFFINITY: OS proc 21 maps to socket 1 core 5 thread 0 
[2m[36m(pid=45034)[0m OMP: Info #171: KMP_AFFINITY: OS proc 53 maps to socket 1 core 5 thread 1 
[2m[36m(pid=45034)[0m OMP: Info #171: KMP_AFFINITY: OS proc 22 maps to socket 1 core 6 thread 0 
[2m[36m(pid=45034)[0m OMP: Info #171: KMP_AFFINITY: OS proc 54 maps to socket 1 core 6 thread 1 
[2m[36m(pid=45034)[0m OMP: Info #171: KMP_AFFINITY: OS proc 23 maps to socket 1 core 7 thread 0 
[2m[36m(pid=45034)[0m OMP: Info #171: KMP_AFFINITY: OS proc 55 maps to socket 1 core 7 thread 1 
[2m[36m(pid=45034)[0m OMP: Info #171: KMP_AFFINITY: OS proc 24 maps to socket 1 core 8 thread 0 
[2m[36m(pid=45034)[0m OMP: Info #171: KMP_AFFINITY: OS proc 56 maps to socket 1 core 8 thread 1 
[2m[36m(pid=45034)[0m OMP: Info #171: KMP_AFFINITY: OS proc 25 maps to socket 1 core 9 thread 0 
[2m[36m(pid=45034)[0m OMP: Info #171: KMP_AFFINITY: OS proc 57 maps to socket 1 core 9 thread 1 
[2m[36m(pid=45034)[0m OMP: Info #171: KMP_AFFINITY: OS proc 26 maps to socket 1 core 10 thread 0 
[2m[36m(pid=45034)[0m OMP: Info #171: KMP_AFFINITY: OS proc 58 maps to socket 1 core 10 thread 1 
[2m[36m(pid=45034)[0m OMP: Info #171: KMP_AFFINITY: OS proc 27 maps to socket 1 core 11 thread 0 
[2m[36m(pid=45034)[0m OMP: Info #171: KMP_AFFINITY: OS proc 59 maps to socket 1 core 11 thread 1 
[2m[36m(pid=45034)[0m OMP: Info #171: KMP_AFFINITY: OS proc 28 maps to socket 1 core 12 thread 0 
[2m[36m(pid=45034)[0m OMP: Info #171: KMP_AFFINITY: OS proc 60 maps to socket 1 core 12 thread 1 
[2m[36m(pid=45034)[0m OMP: Info #171: KMP_AFFINITY: OS proc 29 maps to socket 1 core 13 thread 0 
[2m[36m(pid=45034)[0m OMP: Info #171: KMP_AFFINITY: OS proc 61 maps to socket 1 core 13 thread 1 
[2m[36m(pid=45034)[0m OMP: Info #171: KMP_AFFINITY: OS proc 30 maps to socket 1 core 14 thread 0 
[2m[36m(pid=45034)[0m OMP: Info #171: KMP_AFFINITY: OS proc 62 maps to socket 1 core 14 thread 1 
[2m[36m(pid=45034)[0m OMP: Info #171: KMP_AFFINITY: OS proc 31 maps to socket 1 core 15 thread 0 
[2m[36m(pid=45034)[0m OMP: Info #171: KMP_AFFINITY: OS proc 63 maps to socket 1 core 15 thread 1 
[2m[36m(pid=45034)[0m OMP: Info #251: KMP_AFFINITY: pid 45034 tid 46291 thread 0 bound to OS proc set 0
[2m[36m(pid=45034)[0m OMP: Info #251: KMP_AFFINITY: pid 45034 tid 46291 thread 1 bound to OS proc set 1
[2m[36m(pid=45034)[0m OMP: Info #251: KMP_AFFINITY: pid 45034 tid 46329 thread 2 bound to OS proc set 2
[2m[36m(pid=45043)[0m OMP: Info #154: KMP_AFFINITY: Initial OS proc set respected: 0-63
[2m[36m(pid=45043)[0m OMP: Info #213: KMP_AFFINITY: decoding x2APIC ids.
[2m[36m(pid=45043)[0m OMP: Info #276: KMP_AFFINITY: Affinity capable, using global cpuid leaf 11 info
[2m[36m(pid=45043)[0m OMP: Info #156: KMP_AFFINITY: 64 available OS procs
[2m[36m(pid=45043)[0m OMP: Info #157: KMP_AFFINITY: Uniform topology
[2m[36m(pid=45043)[0m OMP: Info #191: KMP_AFFINITY: 2 sockets x 16 cores/socket x 2 threads/core (32 total cores)
[2m[36m(pid=45043)[0m OMP: Info #215: KMP_AFFINITY: OS proc to physical thread map:
[2m[36m(pid=45043)[0m OMP: Info #171: KMP_AFFINITY: OS proc 0 maps to socket 0 core 0 thread 0 
[2m[36m(pid=45043)[0m OMP: Info #171: KMP_AFFINITY: OS proc 32 maps to socket 0 core 0 thread 1 
[2m[36m(pid=45043)[0m OMP: Info #171: KMP_AFFINITY: OS proc 1 maps to socket 0 core 1 thread 0 
[2m[36m(pid=45043)[0m OMP: Info #171: KMP_AFFINITY: OS proc 33 maps to socket 0 core 1 thread 1 
[2m[36m(pid=45043)[0m OMP: Info #171: KMP_AFFINITY: OS proc 2 maps to socket 0 core 2 thread 0 
[2m[36m(pid=45043)[0m OMP: Info #171: KMP_AFFINITY: OS proc 34 maps to socket 0 core 2 thread 1 
[2m[36m(pid=45043)[0m OMP: Info #171: KMP_AFFINITY: OS proc 3 maps to socket 0 core 3 thread 0 
[2m[36m(pid=45043)[0m OMP: Info #171: KMP_AFFINITY: OS proc 35 maps to socket 0 core 3 thread 1 
[2m[36m(pid=45043)[0m OMP: Info #171: KMP_AFFINITY: OS proc 4 maps to socket 0 core 4 thread 0 
[2m[36m(pid=45043)[0m OMP: Info #171: KMP_AFFINITY: OS proc 36 maps to socket 0 core 4 thread 1 
[2m[36m(pid=45043)[0m OMP: Info #171: KMP_AFFINITY: OS proc 5 maps to socket 0 core 5 thread 0 
[2m[36m(pid=45043)[0m OMP: Info #171: KMP_AFFINITY: OS proc 37 maps to socket 0 core 5 thread 1 
[2m[36m(pid=45043)[0m OMP: Info #171: KMP_AFFINITY: OS proc 6 maps to socket 0 core 6 thread 0 
[2m[36m(pid=45043)[0m OMP: Info #171: KMP_AFFINITY: OS proc 38 maps to socket 0 core 6 thread 1 
[2m[36m(pid=45043)[0m OMP: Info #171: KMP_AFFINITY: OS proc 7 maps to socket 0 core 7 thread 0 
[2m[36m(pid=45043)[0m OMP: Info #171: KMP_AFFINITY: OS proc 39 maps to socket 0 core 7 thread 1 
[2m[36m(pid=45043)[0m OMP: Info #171: KMP_AFFINITY: OS proc 8 maps to socket 0 core 8 thread 0 
[2m[36m(pid=45043)[0m OMP: Info #171: KMP_AFFINITY: OS proc 40 maps to socket 0 core 8 thread 1 
[2m[36m(pid=45043)[0m OMP: Info #171: KMP_AFFINITY: OS proc 9 maps to socket 0 core 9 thread 0 
[2m[36m(pid=45043)[0m OMP: Info #171: KMP_AFFINITY: OS proc 41 maps to socket 0 core 9 thread 1 
[2m[36m(pid=45043)[0m OMP: Info #171: KMP_AFFINITY: OS proc 10 maps to socket 0 core 10 thread 0 
[2m[36m(pid=45043)[0m OMP: Info #171: KMP_AFFINITY: OS proc 42 maps to socket 0 core 10 thread 1 
[2m[36m(pid=45043)[0m OMP: Info #171: KMP_AFFINITY: OS proc 11 maps to socket 0 core 11 thread 0 
[2m[36m(pid=45043)[0m OMP: Info #171: KMP_AFFINITY: OS proc 43 maps to socket 0 core 11 thread 1 
[2m[36m(pid=45043)[0m OMP: Info #171: KMP_AFFINITY: OS proc 12 maps to socket 0 core 12 thread 0 
[2m[36m(pid=45043)[0m OMP: Info #171: KMP_AFFINITY: OS proc 44 maps to socket 0 core 12 thread 1 
[2m[36m(pid=45043)[0m OMP: Info #171: KMP_AFFINITY: OS proc 13 maps to socket 0 core 13 thread 0 
[2m[36m(pid=45043)[0m OMP: Info #171: KMP_AFFINITY: OS proc 45 maps to socket 0 core 13 thread 1 
[2m[36m(pid=45043)[0m OMP: Info #171: KMP_AFFINITY: OS proc 14 maps to socket 0 core 14 thread 0 
[2m[36m(pid=45043)[0m OMP: Info #171: KMP_AFFINITY: OS proc 46 maps to socket 0 core 14 thread 1 
[2m[36m(pid=45043)[0m OMP: Info #171: KMP_AFFINITY: OS proc 15 maps to socket 0 core 15 thread 0 
[2m[36m(pid=45043)[0m OMP: Info #171: KMP_AFFINITY: OS proc 47 maps to socket 0 core 15 thread 1 
[2m[36m(pid=45043)[0m OMP: Info #171: KMP_AFFINITY: OS proc 16 maps to socket 1 core 0 thread 0 
[2m[36m(pid=45043)[0m OMP: Info #171: KMP_AFFINITY: OS proc 48 maps to socket 1 core 0 thread 1 
[2m[36m(pid=45043)[0m OMP: Info #171: KMP_AFFINITY: OS proc 17 maps to socket 1 core 1 thread 0 
[2m[36m(pid=45043)[0m OMP: Info #171: KMP_AFFINITY: OS proc 49 maps to socket 1 core 1 thread 1 
[2m[36m(pid=45043)[0m OMP: Info #171: KMP_AFFINITY: OS proc 18 maps to socket 1 core 2 thread 0 
[2m[36m(pid=45043)[0m OMP: Info #171: KMP_AFFINITY: OS proc 50 maps to socket 1 core 2 thread 1 
[2m[36m(pid=45043)[0m OMP: Info #171: KMP_AFFINITY: OS proc 19 maps to socket 1 core 3 thread 0 
[2m[36m(pid=45043)[0m OMP: Info #171: KMP_AFFINITY: OS proc 51 maps to socket 1 core 3 thread 1 
[2m[36m(pid=45043)[0m OMP: Info #171: KMP_AFFINITY: OS proc 20 maps to socket 1 core 4 thread 0 
[2m[36m(pid=45043)[0m OMP: Info #171: KMP_AFFINITY: OS proc 52 maps to socket 1 core 4 thread 1 
[2m[36m(pid=45043)[0m OMP: Info #171: KMP_AFFINITY: OS proc 21 maps to socket 1 core 5 thread 0 
[2m[36m(pid=45043)[0m OMP: Info #171: KMP_AFFINITY: OS proc 53 maps to socket 1 core 5 thread 1 
[2m[36m(pid=45043)[0m OMP: Info #171: KMP_AFFINITY: OS proc 22 maps to socket 1 core 6 thread 0 
[2m[36m(pid=45043)[0m OMP: Info #171: KMP_AFFINITY: OS proc 54 maps to socket 1 core 6 thread 1 
[2m[36m(pid=45043)[0m OMP: Info #171: KMP_AFFINITY: OS proc 23 maps to socket 1 core 7 thread 0 
[2m[36m(pid=45043)[0m OMP: Info #171: KMP_AFFINITY: OS proc 55 maps to socket 1 core 7 thread 1 
[2m[36m(pid=45043)[0m OMP: Info #171: KMP_AFFINITY: OS proc 24 maps to socket 1 core 8 thread 0 
[2m[36m(pid=45043)[0m OMP: Info #171: KMP_AFFINITY: OS proc 56 maps to socket 1 core 8 thread 1 
[2m[36m(pid=45043)[0m OMP: Info #171: KMP_AFFINITY: OS proc 25 maps to socket 1 core 9 thread 0 
[2m[36m(pid=45043)[0m OMP: Info #171: KMP_AFFINITY: OS proc 57 maps to socket 1 core 9 thread 1 
[2m[36m(pid=45043)[0m OMP: Info #171: KMP_AFFINITY: OS proc 26 maps to socket 1 core 10 thread 0 
[2m[36m(pid=45043)[0m OMP: Info #171: KMP_AFFINITY: OS proc 58 maps to socket 1 core 10 thread 1 
[2m[36m(pid=45043)[0m OMP: Info #171: KMP_AFFINITY: OS proc 27 maps to socket 1 core 11 thread 0 
[2m[36m(pid=45043)[0m OMP: Info #171: KMP_AFFINITY: OS proc 59 maps to socket 1 core 11 thread 1 
[2m[36m(pid=45043)[0m OMP: Info #171: KMP_AFFINITY: OS proc 28 maps to socket 1 core 12 thread 0 
[2m[36m(pid=45043)[0m OMP: Info #171: KMP_AFFINITY: OS proc 60 maps to socket 1 core 12 thread 1 
[2m[36m(pid=45043)[0m OMP: Info #171: KMP_AFFINITY: OS proc 29 maps to socket 1 core 13 thread 0 
[2m[36m(pid=45043)[0m OMP: Info #171: KMP_AFFINITY: OS proc 61 maps to socket 1 core 13 thread 1 
[2m[36m(pid=45043)[0m OMP: Info #171: KMP_AFFINITY: OS proc 30 maps to socket 1 core 14 thread 0 
[2m[36m(pid=45043)[0m OMP: Info #171: KMP_AFFINITY: OS proc 62 maps to socket 1 core 14 thread 1 
[2m[36m(pid=45043)[0m OMP: Info #171: KMP_AFFINITY: OS proc 31 maps to socket 1 core 15 thread 0 
[2m[36m(pid=45043)[0m OMP: Info #171: KMP_AFFINITY: OS proc 63 maps to socket 1 core 15 thread 1 
[2m[36m(pid=45043)[0m OMP: Info #251: KMP_AFFINITY: pid 45043 tid 46299 thread 0 bound to OS proc set 0
[2m[36m(pid=45043)[0m OMP: Info #251: KMP_AFFINITY: pid 45043 tid 46299 thread 1 bound to OS proc set 1
[2m[36m(pid=45043)[0m OMP: Info #251: KMP_AFFINITY: pid 45043 tid 46328 thread 2 bound to OS proc set 2
[2m[36m(pid=45046)[0m OMP: Info #154: KMP_AFFINITY: Initial OS proc set respected: 0-63
[2m[36m(pid=45046)[0m OMP: Info #213: KMP_AFFINITY: decoding x2APIC ids.
[2m[36m(pid=45046)[0m OMP: Info #276: KMP_AFFINITY: Affinity capable, using global cpuid leaf 11 info
[2m[36m(pid=45046)[0m OMP: Info #156: KMP_AFFINITY: 64 available OS procs
[2m[36m(pid=45046)[0m OMP: Info #157: KMP_AFFINITY: Uniform topology
[2m[36m(pid=45046)[0m OMP: Info #191: KMP_AFFINITY: 2 sockets x 16 cores/socket x 2 threads/core (32 total cores)
[2m[36m(pid=45046)[0m OMP: Info #215: KMP_AFFINITY: OS proc to physical thread map:
[2m[36m(pid=45046)[0m OMP: Info #171: KMP_AFFINITY: OS proc 0 maps to socket 0 core 0 thread 0 
[2m[36m(pid=45046)[0m OMP: Info #171: KMP_AFFINITY: OS proc 32 maps to socket 0 core 0 thread 1 
[2m[36m(pid=45046)[0m OMP: Info #171: KMP_AFFINITY: OS proc 1 maps to socket 0 core 1 thread 0 
[2m[36m(pid=45046)[0m OMP: Info #171: KMP_AFFINITY: OS proc 33 maps to socket 0 core 1 thread 1 
[2m[36m(pid=45046)[0m OMP: Info #171: KMP_AFFINITY: OS proc 2 maps to socket 0 core 2 thread 0 
[2m[36m(pid=45046)[0m OMP: Info #171: KMP_AFFINITY: OS proc 34 maps to socket 0 core 2 thread 1 
[2m[36m(pid=45046)[0m OMP: Info #171: KMP_AFFINITY: OS proc 3 maps to socket 0 core 3 thread 0 
[2m[36m(pid=45046)[0m OMP: Info #171: KMP_AFFINITY: OS proc 35 maps to socket 0 core 3 thread 1 
[2m[36m(pid=45046)[0m OMP: Info #171: KMP_AFFINITY: OS proc 4 maps to socket 0 core 4 thread 0 
[2m[36m(pid=45046)[0m OMP: Info #171: KMP_AFFINITY: OS proc 36 maps to socket 0 core 4 thread 1 
[2m[36m(pid=45046)[0m OMP: Info #171: KMP_AFFINITY: OS proc 5 maps to socket 0 core 5 thread 0 
[2m[36m(pid=45046)[0m OMP: Info #171: KMP_AFFINITY: OS proc 37 maps to socket 0 core 5 thread 1 
[2m[36m(pid=45046)[0m OMP: Info #171: KMP_AFFINITY: OS proc 6 maps to socket 0 core 6 thread 0 
[2m[36m(pid=45046)[0m OMP: Info #171: KMP_AFFINITY: OS proc 38 maps to socket 0 core 6 thread 1 
[2m[36m(pid=45046)[0m OMP: Info #171: KMP_AFFINITY: OS proc 7 maps to socket 0 core 7 thread 0 
[2m[36m(pid=45046)[0m OMP: Info #171: KMP_AFFINITY: OS proc 39 maps to socket 0 core 7 thread 1 
[2m[36m(pid=45046)[0m OMP: Info #171: KMP_AFFINITY: OS proc 8 maps to socket 0 core 8 thread 0 
[2m[36m(pid=45046)[0m OMP: Info #171: KMP_AFFINITY: OS proc 40 maps to socket 0 core 8 thread 1 
[2m[36m(pid=45046)[0m OMP: Info #171: KMP_AFFINITY: OS proc 9 maps to socket 0 core 9 thread 0 
[2m[36m(pid=45046)[0m OMP: Info #171: KMP_AFFINITY: OS proc 41 maps to socket 0 core 9 thread 1 
[2m[36m(pid=45046)[0m OMP: Info #171: KMP_AFFINITY: OS proc 10 maps to socket 0 core 10 thread 0 
[2m[36m(pid=45046)[0m OMP: Info #171: KMP_AFFINITY: OS proc 42 maps to socket 0 core 10 thread 1 
[2m[36m(pid=45046)[0m OMP: Info #171: KMP_AFFINITY: OS proc 11 maps to socket 0 core 11 thread 0 
[2m[36m(pid=45046)[0m OMP: Info #171: KMP_AFFINITY: OS proc 43 maps to socket 0 core 11 thread 1 
[2m[36m(pid=45046)[0m OMP: Info #171: KMP_AFFINITY: OS proc 12 maps to socket 0 core 12 thread 0 
[2m[36m(pid=45046)[0m OMP: Info #171: KMP_AFFINITY: OS proc 44 maps to socket 0 core 12 thread 1 
[2m[36m(pid=45046)[0m OMP: Info #171: KMP_AFFINITY: OS proc 13 maps to socket 0 core 13 thread 0 
[2m[36m(pid=45046)[0m OMP: Info #171: KMP_AFFINITY: OS proc 45 maps to socket 0 core 13 thread 1 
[2m[36m(pid=45046)[0m OMP: Info #171: KMP_AFFINITY: OS proc 14 maps to socket 0 core 14 thread 0 
[2m[36m(pid=45046)[0m OMP: Info #171: KMP_AFFINITY: OS proc 46 maps to socket 0 core 14 thread 1 
[2m[36m(pid=45046)[0m OMP: Info #171: KMP_AFFINITY: OS proc 15 maps to socket 0 core 15 thread 0 
[2m[36m(pid=45046)[0m OMP: Info #171: KMP_AFFINITY: OS proc 47 maps to socket 0 core 15 thread 1 
[2m[36m(pid=45046)[0m OMP: Info #171: KMP_AFFINITY: OS proc 16 maps to socket 1 core 0 thread 0 
[2m[36m(pid=45046)[0m OMP: Info #171: KMP_AFFINITY: OS proc 48 maps to socket 1 core 0 thread 1 
[2m[36m(pid=45046)[0m OMP: Info #171: KMP_AFFINITY: OS proc 17 maps to socket 1 core 1 thread 0 
[2m[36m(pid=45046)[0m OMP: Info #171: KMP_AFFINITY: OS proc 49 maps to socket 1 core 1 thread 1 
[2m[36m(pid=45046)[0m OMP: Info #171: KMP_AFFINITY: OS proc 18 maps to socket 1 core 2 thread 0 
[2m[36m(pid=45046)[0m OMP: Info #171: KMP_AFFINITY: OS proc 50 maps to socket 1 core 2 thread 1 
[2m[36m(pid=45046)[0m OMP: Info #171: KMP_AFFINITY: OS proc 19 maps to socket 1 core 3 thread 0 
[2m[36m(pid=45046)[0m OMP: Info #171: KMP_AFFINITY: OS proc 51 maps to socket 1 core 3 thread 1 
[2m[36m(pid=45046)[0m OMP: Info #171: KMP_AFFINITY: OS proc 20 maps to socket 1 core 4 thread 0 
[2m[36m(pid=45046)[0m OMP: Info #171: KMP_AFFINITY: OS proc 52 maps to socket 1 core 4 thread 1 
[2m[36m(pid=45046)[0m OMP: Info #171: KMP_AFFINITY: OS proc 21 maps to socket 1 core 5 thread 0 
[2m[36m(pid=45046)[0m OMP: Info #171: KMP_AFFINITY: OS proc 53 maps to socket 1 core 5 thread 1 
[2m[36m(pid=45046)[0m OMP: Info #171: KMP_AFFINITY: OS proc 22 maps to socket 1 core 6 thread 0 
[2m[36m(pid=45046)[0m OMP: Info #171: KMP_AFFINITY: OS proc 54 maps to socket 1 core 6 thread 1 
[2m[36m(pid=45046)[0m OMP: Info #171: KMP_AFFINITY: OS proc 23 maps to socket 1 core 7 thread 0 
[2m[36m(pid=45046)[0m OMP: Info #171: KMP_AFFINITY: OS proc 55 maps to socket 1 core 7 thread 1 
[2m[36m(pid=45046)[0m OMP: Info #171: KMP_AFFINITY: OS proc 24 maps to socket 1 core 8 thread 0 
[2m[36m(pid=45046)[0m OMP: Info #171: KMP_AFFINITY: OS proc 56 maps to socket 1 core 8 thread 1 
[2m[36m(pid=45046)[0m OMP: Info #171: KMP_AFFINITY: OS proc 25 maps to socket 1 core 9 thread 0 
[2m[36m(pid=45046)[0m OMP: Info #171: KMP_AFFINITY: OS proc 57 maps to socket 1 core 9 thread 1 
[2m[36m(pid=45046)[0m OMP: Info #171: KMP_AFFINITY: OS proc 26 maps to socket 1 core 10 thread 0 
[2m[36m(pid=45046)[0m OMP: Info #171: KMP_AFFINITY: OS proc 58 maps to socket 1 core 10 thread 1 
[2m[36m(pid=45046)[0m OMP: Info #171: KMP_AFFINITY: OS proc 27 maps to socket 1 core 11 thread 0 
[2m[36m(pid=45046)[0m OMP: Info #171: KMP_AFFINITY: OS proc 59 maps to socket 1 core 11 thread 1 
[2m[36m(pid=45046)[0m OMP: Info #171: KMP_AFFINITY: OS proc 28 maps to socket 1 core 12 thread 0 
[2m[36m(pid=45046)[0m OMP: Info #171: KMP_AFFINITY: OS proc 60 maps to socket 1 core 12 thread 1 
[2m[36m(pid=45046)[0m OMP: Info #171: KMP_AFFINITY: OS proc 29 maps to socket 1 core 13 thread 0 
[2m[36m(pid=45046)[0m OMP: Info #171: KMP_AFFINITY: OS proc 61 maps to socket 1 core 13 thread 1 
[2m[36m(pid=45046)[0m OMP: Info #171: KMP_AFFINITY: OS proc 30 maps to socket 1 core 14 thread 0 
[2m[36m(pid=45046)[0m OMP: Info #171: KMP_AFFINITY: OS proc 62 maps to socket 1 core 14 thread 1 
[2m[36m(pid=45046)[0m OMP: Info #171: KMP_AFFINITY: OS proc 31 maps to socket 1 core 15 thread 0 
[2m[36m(pid=45046)[0m OMP: Info #171: KMP_AFFINITY: OS proc 63 maps to socket 1 core 15 thread 1 
[2m[36m(pid=45046)[0m OMP: Info #251: KMP_AFFINITY: pid 45046 tid 46316 thread 0 bound to OS proc set 0
[2m[36m(pid=45046)[0m OMP: Info #251: KMP_AFFINITY: pid 45046 tid 46316 thread 1 bound to OS proc set 1
[2m[36m(pid=45046)[0m OMP: Info #251: KMP_AFFINITY: pid 45046 tid 46330 thread 2 bound to OS proc set 2
[2m[36m(pid=45049)[0m OMP: Info #154: KMP_AFFINITY: Initial OS proc set respected: 0-63
[2m[36m(pid=45049)[0m OMP: Info #213: KMP_AFFINITY: decoding x2APIC ids.
[2m[36m(pid=45049)[0m OMP: Info #276: KMP_AFFINITY: Affinity capable, using global cpuid leaf 11 info
[2m[36m(pid=45049)[0m OMP: Info #156: KMP_AFFINITY: 64 available OS procs
[2m[36m(pid=45049)[0m OMP: Info #157: KMP_AFFINITY: Uniform topology
[2m[36m(pid=45049)[0m OMP: Info #191: KMP_AFFINITY: 2 sockets x 16 cores/socket x 2 threads/core (32 total cores)
[2m[36m(pid=45049)[0m OMP: Info #215: KMP_AFFINITY: OS proc to physical thread map:
[2m[36m(pid=45049)[0m OMP: Info #171: KMP_AFFINITY: OS proc 0 maps to socket 0 core 0 thread 0 
[2m[36m(pid=45049)[0m OMP: Info #171: KMP_AFFINITY: OS proc 32 maps to socket 0 core 0 thread 1 
[2m[36m(pid=45049)[0m OMP: Info #171: KMP_AFFINITY: OS proc 1 maps to socket 0 core 1 thread 0 
[2m[36m(pid=45049)[0m OMP: Info #171: KMP_AFFINITY: OS proc 33 maps to socket 0 core 1 thread 1 
[2m[36m(pid=45049)[0m OMP: Info #171: KMP_AFFINITY: OS proc 2 maps to socket 0 core 2 thread 0 
[2m[36m(pid=45049)[0m OMP: Info #171: KMP_AFFINITY: OS proc 34 maps to socket 0 core 2 thread 1 
[2m[36m(pid=45049)[0m OMP: Info #171: KMP_AFFINITY: OS proc 3 maps to socket 0 core 3 thread 0 
[2m[36m(pid=45049)[0m OMP: Info #171: KMP_AFFINITY: OS proc 35 maps to socket 0 core 3 thread 1 
[2m[36m(pid=45049)[0m OMP: Info #171: KMP_AFFINITY: OS proc 4 maps to socket 0 core 4 thread 0 
[2m[36m(pid=45049)[0m OMP: Info #171: KMP_AFFINITY: OS proc 36 maps to socket 0 core 4 thread 1 
[2m[36m(pid=45049)[0m OMP: Info #171: KMP_AFFINITY: OS proc 5 maps to socket 0 core 5 thread 0 
[2m[36m(pid=45049)[0m OMP: Info #171: KMP_AFFINITY: OS proc 37 maps to socket 0 core 5 thread 1 
[2m[36m(pid=45049)[0m OMP: Info #171: KMP_AFFINITY: OS proc 6 maps to socket 0 core 6 thread 0 
[2m[36m(pid=45049)[0m OMP: Info #171: KMP_AFFINITY: OS proc 38 maps to socket 0 core 6 thread 1 
[2m[36m(pid=45049)[0m OMP: Info #171: KMP_AFFINITY: OS proc 7 maps to socket 0 core 7 thread 0 
[2m[36m(pid=45049)[0m OMP: Info #171: KMP_AFFINITY: OS proc 39 maps to socket 0 core 7 thread 1 
[2m[36m(pid=45049)[0m OMP: Info #171: KMP_AFFINITY: OS proc 8 maps to socket 0 core 8 thread 0 
[2m[36m(pid=45049)[0m OMP: Info #171: KMP_AFFINITY: OS proc 40 maps to socket 0 core 8 thread 1 
[2m[36m(pid=45049)[0m OMP: Info #171: KMP_AFFINITY: OS proc 9 maps to socket 0 core 9 thread 0 
[2m[36m(pid=45049)[0m OMP: Info #171: KMP_AFFINITY: OS proc 41 maps to socket 0 core 9 thread 1 
[2m[36m(pid=45049)[0m OMP: Info #171: KMP_AFFINITY: OS proc 10 maps to socket 0 core 10 thread 0 
[2m[36m(pid=45049)[0m OMP: Info #171: KMP_AFFINITY: OS proc 42 maps to socket 0 core 10 thread 1 
[2m[36m(pid=45049)[0m OMP: Info #171: KMP_AFFINITY: OS proc 11 maps to socket 0 core 11 thread 0 
[2m[36m(pid=45049)[0m OMP: Info #171: KMP_AFFINITY: OS proc 43 maps to socket 0 core 11 thread 1 
[2m[36m(pid=45049)[0m OMP: Info #171: KMP_AFFINITY: OS proc 12 maps to socket 0 core 12 thread 0 
[2m[36m(pid=45049)[0m OMP: Info #171: KMP_AFFINITY: OS proc 44 maps to socket 0 core 12 thread 1 
[2m[36m(pid=45049)[0m OMP: Info #171: KMP_AFFINITY: OS proc 13 maps to socket 0 core 13 thread 0 
[2m[36m(pid=45049)[0m OMP: Info #171: KMP_AFFINITY: OS proc 45 maps to socket 0 core 13 thread 1 
[2m[36m(pid=45049)[0m OMP: Info #171: KMP_AFFINITY: OS proc 14 maps to socket 0 core 14 thread 0 
[2m[36m(pid=45049)[0m OMP: Info #171: KMP_AFFINITY: OS proc 46 maps to socket 0 core 14 thread 1 
[2m[36m(pid=45049)[0m OMP: Info #171: KMP_AFFINITY: OS proc 15 maps to socket 0 core 15 thread 0 
[2m[36m(pid=45049)[0m OMP: Info #171: KMP_AFFINITY: OS proc 47 maps to socket 0 core 15 thread 1 
[2m[36m(pid=45049)[0m OMP: Info #171: KMP_AFFINITY: OS proc 16 maps to socket 1 core 0 thread 0 
[2m[36m(pid=45049)[0m OMP: Info #171: KMP_AFFINITY: OS proc 48 maps to socket 1 core 0 thread 1 
[2m[36m(pid=45049)[0m OMP: Info #171: KMP_AFFINITY: OS proc 17 maps to socket 1 core 1 thread 0 
[2m[36m(pid=45049)[0m OMP: Info #171: KMP_AFFINITY: OS proc 49 maps to socket 1 core 1 thread 1 
[2m[36m(pid=45049)[0m OMP: Info #171: KMP_AFFINITY: OS proc 18 maps to socket 1 core 2 thread 0 
[2m[36m(pid=45049)[0m OMP: Info #171: KMP_AFFINITY: OS proc 50 maps to socket 1 core 2 thread 1 
[2m[36m(pid=45049)[0m OMP: Info #171: KMP_AFFINITY: OS proc 19 maps to socket 1 core 3 thread 0 
[2m[36m(pid=45049)[0m OMP: Info #171: KMP_AFFINITY: OS proc 51 maps to socket 1 core 3 thread 1 
[2m[36m(pid=45049)[0m OMP: Info #171: KMP_AFFINITY: OS proc 20 maps to socket 1 core 4 thread 0 
[2m[36m(pid=45049)[0m OMP: Info #171: KMP_AFFINITY: OS proc 52 maps to socket 1 core 4 thread 1 
[2m[36m(pid=45049)[0m OMP: Info #171: KMP_AFFINITY: OS proc 21 maps to socket 1 core 5 thread 0 
[2m[36m(pid=45049)[0m OMP: Info #171: KMP_AFFINITY: OS proc 53 maps to socket 1 core 5 thread 1 
[2m[36m(pid=45049)[0m OMP: Info #171: KMP_AFFINITY: OS proc 22 maps to socket 1 core 6 thread 0 
[2m[36m(pid=45049)[0m OMP: Info #171: KMP_AFFINITY: OS proc 54 maps to socket 1 core 6 thread 1 
[2m[36m(pid=45049)[0m OMP: Info #171: KMP_AFFINITY: OS proc 23 maps to socket 1 core 7 thread 0 
[2m[36m(pid=45049)[0m OMP: Info #171: KMP_AFFINITY: OS proc 55 maps to socket 1 core 7 thread 1 
[2m[36m(pid=45049)[0m OMP: Info #171: KMP_AFFINITY: OS proc 24 maps to socket 1 core 8 thread 0 
[2m[36m(pid=45049)[0m OMP: Info #171: KMP_AFFINITY: OS proc 56 maps to socket 1 core 8 thread 1 
[2m[36m(pid=45049)[0m OMP: Info #171: KMP_AFFINITY: OS proc 25 maps to socket 1 core 9 thread 0 
[2m[36m(pid=45049)[0m OMP: Info #171: KMP_AFFINITY: OS proc 57 maps to socket 1 core 9 thread 1 
[2m[36m(pid=45049)[0m OMP: Info #171: KMP_AFFINITY: OS proc 26 maps to socket 1 core 10 thread 0 
[2m[36m(pid=45049)[0m OMP: Info #171: KMP_AFFINITY: OS proc 58 maps to socket 1 core 10 thread 1 
[2m[36m(pid=45049)[0m OMP: Info #171: KMP_AFFINITY: OS proc 27 maps to socket 1 core 11 thread 0 
[2m[36m(pid=45049)[0m OMP: Info #171: KMP_AFFINITY: OS proc 59 maps to socket 1 core 11 thread 1 
[2m[36m(pid=45049)[0m OMP: Info #171: KMP_AFFINITY: OS proc 28 maps to socket 1 core 12 thread 0 
[2m[36m(pid=45049)[0m OMP: Info #171: KMP_AFFINITY: OS proc 60 maps to socket 1 core 12 thread 1 
[2m[36m(pid=45049)[0m OMP: Info #171: KMP_AFFINITY: OS proc 29 maps to socket 1 core 13 thread 0 
[2m[36m(pid=45049)[0m OMP: Info #171: KMP_AFFINITY: OS proc 61 maps to socket 1 core 13 thread 1 
[2m[36m(pid=45049)[0m OMP: Info #171: KMP_AFFINITY: OS proc 30 maps to socket 1 core 14 thread 0 
[2m[36m(pid=45049)[0m OMP: Info #171: KMP_AFFINITY: OS proc 62 maps to socket 1 core 14 thread 1 
[2m[36m(pid=45049)[0m OMP: Info #171: KMP_AFFINITY: OS proc 31 maps to socket 1 core 15 thread 0 
[2m[36m(pid=45049)[0m OMP: Info #171: KMP_AFFINITY: OS proc 63 maps to socket 1 core 15 thread 1 
[2m[36m(pid=45049)[0m OMP: Info #251: KMP_AFFINITY: pid 45049 tid 46313 thread 0 bound to OS proc set 0
[2m[36m(pid=45049)[0m OMP: Info #251: KMP_AFFINITY: pid 45049 tid 46313 thread 1 bound to OS proc set 1
[2m[36m(pid=45049)[0m OMP: Info #251: KMP_AFFINITY: pid 45049 tid 46332 thread 2 bound to OS proc set 2
[2m[36m(pid=45031)[0m OMP: Info #154: KMP_AFFINITY: Initial OS proc set respected: 0-63
[2m[36m(pid=45031)[0m OMP: Info #213: KMP_AFFINITY: decoding x2APIC ids.
[2m[36m(pid=45031)[0m OMP: Info #276: KMP_AFFINITY: Affinity capable, using global cpuid leaf 11 info
[2m[36m(pid=45031)[0m OMP: Info #156: KMP_AFFINITY: 64 available OS procs
[2m[36m(pid=45031)[0m OMP: Info #157: KMP_AFFINITY: Uniform topology
[2m[36m(pid=45031)[0m OMP: Info #191: KMP_AFFINITY: 2 sockets x 16 cores/socket x 2 threads/core (32 total cores)
[2m[36m(pid=45031)[0m OMP: Info #215: KMP_AFFINITY: OS proc to physical thread map:
[2m[36m(pid=45031)[0m OMP: Info #171: KMP_AFFINITY: OS proc 0 maps to socket 0 core 0 thread 0 
[2m[36m(pid=45031)[0m OMP: Info #171: KMP_AFFINITY: OS proc 32 maps to socket 0 core 0 thread 1 
[2m[36m(pid=45031)[0m OMP: Info #171: KMP_AFFINITY: OS proc 1 maps to socket 0 core 1 thread 0 
[2m[36m(pid=45031)[0m OMP: Info #171: KMP_AFFINITY: OS proc 33 maps to socket 0 core 1 thread 1 
[2m[36m(pid=45031)[0m OMP: Info #171: KMP_AFFINITY: OS proc 2 maps to socket 0 core 2 thread 0 
[2m[36m(pid=45031)[0m OMP: Info #171: KMP_AFFINITY: OS proc 34 maps to socket 0 core 2 thread 1 
[2m[36m(pid=45031)[0m OMP: Info #171: KMP_AFFINITY: OS proc 3 maps to socket 0 core 3 thread 0 
[2m[36m(pid=45031)[0m OMP: Info #171: KMP_AFFINITY: OS proc 35 maps to socket 0 core 3 thread 1 
[2m[36m(pid=45031)[0m OMP: Info #171: KMP_AFFINITY: OS proc 4 maps to socket 0 core 4 thread 0 
[2m[36m(pid=45031)[0m OMP: Info #171: KMP_AFFINITY: OS proc 36 maps to socket 0 core 4 thread 1 
[2m[36m(pid=45031)[0m OMP: Info #171: KMP_AFFINITY: OS proc 5 maps to socket 0 core 5 thread 0 
[2m[36m(pid=45031)[0m OMP: Info #171: KMP_AFFINITY: OS proc 37 maps to socket 0 core 5 thread 1 
[2m[36m(pid=45031)[0m OMP: Info #171: KMP_AFFINITY: OS proc 6 maps to socket 0 core 6 thread 0 
[2m[36m(pid=45031)[0m OMP: Info #171: KMP_AFFINITY: OS proc 38 maps to socket 0 core 6 thread 1 
[2m[36m(pid=45031)[0m OMP: Info #171: KMP_AFFINITY: OS proc 7 maps to socket 0 core 7 thread 0 
[2m[36m(pid=45031)[0m OMP: Info #171: KMP_AFFINITY: OS proc 39 maps to socket 0 core 7 thread 1 
[2m[36m(pid=45031)[0m OMP: Info #171: KMP_AFFINITY: OS proc 8 maps to socket 0 core 8 thread 0 
[2m[36m(pid=45031)[0m OMP: Info #171: KMP_AFFINITY: OS proc 40 maps to socket 0 core 8 thread 1 
[2m[36m(pid=45031)[0m OMP: Info #171: KMP_AFFINITY: OS proc 9 maps to socket 0 core 9 thread 0 
[2m[36m(pid=45031)[0m OMP: Info #171: KMP_AFFINITY: OS proc 41 maps to socket 0 core 9 thread 1 
[2m[36m(pid=45031)[0m OMP: Info #171: KMP_AFFINITY: OS proc 10 maps to socket 0 core 10 thread 0 
[2m[36m(pid=45031)[0m OMP: Info #171: KMP_AFFINITY: OS proc 42 maps to socket 0 core 10 thread 1 
[2m[36m(pid=45031)[0m OMP: Info #171: KMP_AFFINITY: OS proc 11 maps to socket 0 core 11 thread 0 
[2m[36m(pid=45031)[0m OMP: Info #171: KMP_AFFINITY: OS proc 43 maps to socket 0 core 11 thread 1 
[2m[36m(pid=45031)[0m OMP: Info #171: KMP_AFFINITY: OS proc 12 maps to socket 0 core 12 thread 0 
[2m[36m(pid=45031)[0m OMP: Info #171: KMP_AFFINITY: OS proc 44 maps to socket 0 core 12 thread 1 
[2m[36m(pid=45031)[0m OMP: Info #171: KMP_AFFINITY: OS proc 13 maps to socket 0 core 13 thread 0 
[2m[36m(pid=45031)[0m OMP: Info #171: KMP_AFFINITY: OS proc 45 maps to socket 0 core 13 thread 1 
[2m[36m(pid=45031)[0m OMP: Info #171: KMP_AFFINITY: OS proc 14 maps to socket 0 core 14 thread 0 
[2m[36m(pid=45031)[0m OMP: Info #171: KMP_AFFINITY: OS proc 46 maps to socket 0 core 14 thread 1 
[2m[36m(pid=45031)[0m OMP: Info #171: KMP_AFFINITY: OS proc 15 maps to socket 0 core 15 thread 0 
[2m[36m(pid=45031)[0m OMP: Info #171: KMP_AFFINITY: OS proc 47 maps to socket 0 core 15 thread 1 
[2m[36m(pid=45031)[0m OMP: Info #171: KMP_AFFINITY: OS proc 16 maps to socket 1 core 0 thread 0 
[2m[36m(pid=45031)[0m OMP: Info #171: KMP_AFFINITY: OS proc 48 maps to socket 1 core 0 thread 1 
[2m[36m(pid=45031)[0m OMP: Info #171: KMP_AFFINITY: OS proc 17 maps to socket 1 core 1 thread 0 
[2m[36m(pid=45031)[0m OMP: Info #171: KMP_AFFINITY: OS proc 49 maps to socket 1 core 1 thread 1 
[2m[36m(pid=45031)[0m OMP: Info #171: KMP_AFFINITY: OS proc 18 maps to socket 1 core 2 thread 0 
[2m[36m(pid=45031)[0m OMP: Info #171: KMP_AFFINITY: OS proc 50 maps to socket 1 core 2 thread 1 
[2m[36m(pid=45031)[0m OMP: Info #171: KMP_AFFINITY: OS proc 19 maps to socket 1 core 3 thread 0 
[2m[36m(pid=45031)[0m OMP: Info #171: KMP_AFFINITY: OS proc 51 maps to socket 1 core 3 thread 1 
[2m[36m(pid=45031)[0m OMP: Info #171: KMP_AFFINITY: OS proc 20 maps to socket 1 core 4 thread 0 
[2m[36m(pid=45031)[0m OMP: Info #171: KMP_AFFINITY: OS proc 52 maps to socket 1 core 4 thread 1 
[2m[36m(pid=45031)[0m OMP: Info #171: KMP_AFFINITY: OS proc 21 maps to socket 1 core 5 thread 0 
[2m[36m(pid=45031)[0m OMP: Info #171: KMP_AFFINITY: OS proc 53 maps to socket 1 core 5 thread 1 
[2m[36m(pid=45031)[0m OMP: Info #171: KMP_AFFINITY: OS proc 22 maps to socket 1 core 6 thread 0 
[2m[36m(pid=45031)[0m OMP: Info #171: KMP_AFFINITY: OS proc 54 maps to socket 1 core 6 thread 1 
[2m[36m(pid=45031)[0m OMP: Info #171: KMP_AFFINITY: OS proc 23 maps to socket 1 core 7 thread 0 
[2m[36m(pid=45031)[0m OMP: Info #171: KMP_AFFINITY: OS proc 55 maps to socket 1 core 7 thread 1 
[2m[36m(pid=45031)[0m OMP: Info #171: KMP_AFFINITY: OS proc 24 maps to socket 1 core 8 thread 0 
[2m[36m(pid=45031)[0m OMP: Info #171: KMP_AFFINITY: OS proc 56 maps to socket 1 core 8 thread 1 
[2m[36m(pid=45031)[0m OMP: Info #171: KMP_AFFINITY: OS proc 25 maps to socket 1 core 9 thread 0 
[2m[36m(pid=45031)[0m OMP: Info #171: KMP_AFFINITY: OS proc 57 maps to socket 1 core 9 thread 1 
[2m[36m(pid=45031)[0m OMP: Info #171: KMP_AFFINITY: OS proc 26 maps to socket 1 core 10 thread 0 
[2m[36m(pid=45031)[0m OMP: Info #171: KMP_AFFINITY: OS proc 58 maps to socket 1 core 10 thread 1 
[2m[36m(pid=45031)[0m OMP: Info #171: KMP_AFFINITY: OS proc 27 maps to socket 1 core 11 thread 0 
[2m[36m(pid=45031)[0m OMP: Info #171: KMP_AFFINITY: OS proc 59 maps to socket 1 core 11 thread 1 
[2m[36m(pid=45031)[0m OMP: Info #171: KMP_AFFINITY: OS proc 28 maps to socket 1 core 12 thread 0 
[2m[36m(pid=45031)[0m OMP: Info #171: KMP_AFFINITY: OS proc 60 maps to socket 1 core 12 thread 1 
[2m[36m(pid=45031)[0m OMP: Info #171: KMP_AFFINITY: OS proc 29 maps to socket 1 core 13 thread 0 
[2m[36m(pid=45031)[0m OMP: Info #171: KMP_AFFINITY: OS proc 61 maps to socket 1 core 13 thread 1 
[2m[36m(pid=45031)[0m OMP: Info #171: KMP_AFFINITY: OS proc 30 maps to socket 1 core 14 thread 0 
[2m[36m(pid=45031)[0m OMP: Info #171: KMP_AFFINITY: OS proc 62 maps to socket 1 core 14 thread 1 
[2m[36m(pid=45031)[0m OMP: Info #171: KMP_AFFINITY: OS proc 31 maps to socket 1 core 15 thread 0 
[2m[36m(pid=45031)[0m OMP: Info #171: KMP_AFFINITY: OS proc 63 maps to socket 1 core 15 thread 1 
[2m[36m(pid=45031)[0m OMP: Info #251: KMP_AFFINITY: pid 45031 tid 46326 thread 0 bound to OS proc set 0
[2m[36m(pid=45031)[0m OMP: Info #251: KMP_AFFINITY: pid 45031 tid 46326 thread 1 bound to OS proc set 1
[2m[36m(pid=45031)[0m OMP: Info #251: KMP_AFFINITY: pid 45031 tid 46331 thread 2 bound to OS proc set 2
[2m[36m(pid=45034)[0m OMP: Info #251: KMP_AFFINITY: pid 45034 tid 46346 thread 3 bound to OS proc set 3
[2m[36m(pid=45046)[0m OMP: Info #251: KMP_AFFINITY: pid 45046 tid 46349 thread 3 bound to OS proc set 3
[2m[36m(pid=45043)[0m OMP: Info #251: KMP_AFFINITY: pid 45043 tid 46350 thread 3 bound to OS proc set 3
[2m[36m(pid=45049)[0m OMP: Info #251: KMP_AFFINITY: pid 45049 tid 46352 thread 3 bound to OS proc set 3
[2m[36m(pid=45031)[0m OMP: Info #251: KMP_AFFINITY: pid 45031 tid 46355 thread 3 bound to OS proc set 3
