Parsing Inputs...

=========================Options=============================
-max_depth                  10000
-min_bytes                  0
-min_peak_bytes             0
-min_residual_bytes         0
-min_output_bytes           0
-min_micros                 0
-min_accelerator_micros     0
-min_cpu_micros             0
-min_params                 0
-min_float_ops              1
-min_occurrence             0
-step                       -1
-order_by                   float_ops
-account_type_regexes       .*
-start_name_regexes         .*
-trim_name_regexes          
-show_name_regexes          .*
-hide_name_regexes          
-account_displayed_op_only  true
-select                     float_ops
-output                     stdout:

==================Model Analysis Report======================

Doc:
scope: The nodes in the model graph are organized by their names, which is hierarchical like filesystem.
flops: Number of float operations. Note: Please read the implementation for the math behind it.

Profile:
node name | # float_ops
_TFProfRoot (--/293.26k flops)
  dense/kernel/Initializer/random_uniform (126.98k/253.95k flops)
    dense/kernel/Initializer/random_uniform/mul (126.98k/126.98k flops)
    dense/kernel/Initializer/random_uniform/sub (1/1 flops)
  t3f_glorot_initializer_1/t3f_random_matrix/t3f_matrix_with_random_cores/random_normal_1 (14.34k/28.67k flops)
    t3f_glorot_initializer_1/t3f_random_matrix/t3f_matrix_with_random_cores/random_normal_1/mul (14.34k/14.34k flops)
  t3f_glorot_initializer_1/t3f_random_matrix/t3f_matrix_with_random_cores/random_normal (1.79k/3.58k flops)
    t3f_glorot_initializer_1/t3f_random_matrix/t3f_matrix_with_random_cores/random_normal/mul (1.79k/1.79k flops)
  t3f_glorot_initializer_1/t3f_random_matrix/t3f_matrix_with_random_cores/random_normal_2 (1.02k/2.05k flops)
    t3f_glorot_initializer_1/t3f_random_matrix/t3f_matrix_with_random_cores/random_normal_2/mul (1.02k/1.02k flops)
  mul_1 (2.05k/2.05k flops)
  conv2d/kernel/Initializer/random_uniform (800/1.60k flops)
    conv2d/kernel/Initializer/random_uniform/mul (800/800 flops)
    conv2d/kernel/Initializer/random_uniform/sub (1/1 flops)
  t3f_glorot_initializer/t3f_random_matrix/t3f_matrix_with_random_cores/random_normal_2 (320/640 flops)
    t3f_glorot_initializer/t3f_random_matrix/t3f_matrix_with_random_cores/random_normal_2/mul (320/320 flops)
  t3f_glorot_initializer/t3f_random_matrix/t3f_matrix_with_random_cores/random_normal_1 (160/320 flops)
    t3f_glorot_initializer/t3f_random_matrix/t3f_matrix_with_random_cores/random_normal_1/mul (160/160 flops)
  t3f_glorot_initializer/t3f_random_matrix/t3f_matrix_with_random_cores/random_normal_3 (128/256 flops)
    t3f_glorot_initializer/t3f_random_matrix/t3f_matrix_with_random_cores/random_normal_3/mul (128/128 flops)
  mul (64/64 flops)
  t3f_glorot_initializer/t3f_random_matrix/t3f_matrix_with_random_cores/random_normal (32/64 flops)
    t3f_glorot_initializer/t3f_random_matrix/t3f_matrix_with_random_cores/random_normal/mul (32/32 flops)
  gradients/ExtractImagePatches_grad/mul_3 (1/1 flops)
  gradients/ExtractImagePatches_grad/mul_4 (1/1 flops)
  gradients/ExtractImagePatches_grad/ones/Less (1/1 flops)
  gradients/ExtractImagePatches_grad/sub (1/1 flops)
  gradients/sparse_softmax_cross_entropy_loss/value_grad/Neg (1/1 flops)
  gradients/sparse_softmax_cross_entropy_loss/value_grad/mul (1/1 flops)
  gradients/ExtractImagePatches_grad/mul_2 (1/1 flops)
  sparse_softmax_cross_entropy_loss/num_present/Equal (1/1 flops)
  gradients/ExtractImagePatches_grad/mul_1 (1/1 flops)
  gradients/ExtractImagePatches_grad/mul (1/1 flops)

======================End of Report==========================
