WARNING:tensorflow:From /global/u2/a/arissa/RayLeaf/leaf/models/femnist/cnn.py:26: conv2d (from tensorflow.python.layers.convolutional) is deprecated and will be removed in a future version.
Instructions for updating:
Use `tf.keras.layers.Conv2D` instead.
WARNING:tensorflow:From /usr/common/software/tensorflow/intel-tensorflow/1.15.0-py37/lib/python3.7/site-packages/tensorflow_core/python/layers/convolutional.py:424: Layer.apply (from tensorflow.python.keras.engine.base_layer) is deprecated and will be removed in a future version.
Instructions for updating:
Please use `layer.__call__` method instead.
WARNING:tensorflow:From /global/u2/a/arissa/RayLeaf/leaf/models/femnist/cnn.py:27: max_pooling2d (from tensorflow.python.layers.pooling) is deprecated and will be removed in a future version.
Instructions for updating:
Use keras.layers.MaxPooling2D instead.
WARNING:tensorflow:From /global/u2/a/arissa/RayLeaf/leaf/models/femnist/cnn.py:36: dense (from tensorflow.python.layers.core) is deprecated and will be removed in a future version.
Instructions for updating:
Use keras.layers.Dense instead.
WARNING:tensorflow:From /usr/common/software/tensorflow/intel-tensorflow/1.15.0-py37/lib/python3.7/site-packages/tensorflow_core/python/ops/losses/losses_impl.py:121: where (from tensorflow.python.ops.array_ops) is deprecated and will be removed in a future version.
Instructions for updating:
Use tf.where in 2.0, which has the same broadcast rule as np.where
2021-02-15 03:35:12.442726: I tensorflow/core/platform/cpu_feature_guard.cc:145] This TensorFlow binary is optimized with Intel(R) MKL-DNN to use the following CPU instructions in performance critical operations:  SSE4.1 SSE4.2 AVX AVX2 FMA
To enable them in non-MKL-DNN operations, rebuild TensorFlow with the appropriate compiler flags.
2021-02-15 03:35:12.460785: I tensorflow/core/platform/profile_utils/cpu_utils.cc:94] CPU Frequency: 2300005000 Hz
2021-02-15 03:35:12.461029: I tensorflow/compiler/xla/service/service.cc:168] XLA service 0x555558a67ec0 initialized for platform Host (this does not guarantee that XLA will be used). Devices:
2021-02-15 03:35:12.461149: I tensorflow/compiler/xla/service/service.cc:176]   StreamExecutor device (0): Host, Default Version
WARNING:tensorflow:From /usr/common/software/tensorflow/intel-tensorflow/1.15.0-py37/lib/python3.7/site-packages/tensorflow_core/python/profiler/internal/flops_registry.py:142: tensor_shape_from_node_def_name (from tensorflow.python.framework.graph_util_impl) is deprecated and will be removed in a future version.
Instructions for updating:
Use `tf.compat.v1.graph_util.tensor_shape_from_node_def_name`
Incomplete shape.
Incomplete shape.
Incomplete shape.
Incomplete shape.
Parsing Inputs...

=========================Options=============================
-max_depth                  10000
-min_bytes                  0
-min_peak_bytes             0
-min_residual_bytes         0
-min_output_bytes           0
-min_micros                 0
-min_accelerator_micros     0
-min_cpu_micros             0
-min_params                 0
-min_float_ops              1
-min_occurrence             0
-step                       -1
-order_by                   float_ops
-account_type_regexes       .*
-start_name_regexes         .*
-trim_name_regexes          
-show_name_regexes          .*
-hide_name_regexes          
-account_displayed_op_only  true
-select                     float_ops
-output                     stdout:

==================Model Analysis Report======================

Doc:
scope: The nodes in the model graph are organized by their names, which is hierarchical like filesystem.
flops: Number of float operations. Note: Please read the implementation for the math behind it.

Profile:
node name | # float_ops
_TFProfRoot (--/13.20m flops)
  dense/kernel/Initializer/random_uniform (6.42m/12.85m flops)
    dense/kernel/Initializer/random_uniform/mul (6.42m/6.42m flops)
    dense/kernel/Initializer/random_uniform/sub (1/1 flops)
  dense_1/kernel/Initializer/random_uniform (126.98k/253.95k flops)
    dense_1/kernel/Initializer/random_uniform/mul (126.98k/126.98k flops)
    dense_1/kernel/Initializer/random_uniform/sub (1/1 flops)
  conv2d_1/kernel/Initializer/random_uniform (51.20k/102.40k flops)
    conv2d_1/kernel/Initializer/random_uniform/mul (51.20k/51.20k flops)
    conv2d_1/kernel/Initializer/random_uniform/sub (1/1 flops)
  conv2d/kernel/Initializer/random_uniform (800/1.60k flops)
    conv2d/kernel/Initializer/random_uniform/mul (800/800 flops)
    conv2d/kernel/Initializer/random_uniform/sub (1/1 flops)
  gradients/sparse_softmax_cross_entropy_loss/value_grad/Neg (1/1 flops)
  gradients/sparse_softmax_cross_entropy_loss/value_grad/mul (1/1 flops)
  sparse_softmax_cross_entropy_loss/num_present/Equal (1/1 flops)

======================End of Report==========================
2021-02-15 03:35:13,283	INFO services.py:1092 -- View the Ray dashboard at [1m[32mhttp://127.0.0.1:8265[39m[22m
[2m[36m(pid=58342)[0m WARNING:tensorflow:From /global/u2/a/arissa/RayLeaf/leaf/models/femnist/cnn.py:26: conv2d (from tensorflow.python.layers.convolutional) is deprecated and will be removed in a future version.
[2m[36m(pid=58342)[0m Instructions for updating:
[2m[36m(pid=58342)[0m Use `tf.keras.layers.Conv2D` instead.
[2m[36m(pid=58342)[0m WARNING:tensorflow:From /usr/common/software/tensorflow/intel-tensorflow/1.15.0-py37/lib/python3.7/site-packages/tensorflow_core/python/layers/convolutional.py:424: Layer.apply (from tensorflow.python.keras.engine.base_layer) is deprecated and will be removed in a future version.
[2m[36m(pid=58342)[0m Instructions for updating:
[2m[36m(pid=58342)[0m Please use `layer.__call__` method instead.
[2m[36m(pid=58342)[0m WARNING:tensorflow:From /global/u2/a/arissa/RayLeaf/leaf/models/femnist/cnn.py:27: max_pooling2d (from tensorflow.python.layers.pooling) is deprecated and will be removed in a future version.
[2m[36m(pid=58342)[0m Instructions for updating:
[2m[36m(pid=58342)[0m Use keras.layers.MaxPooling2D instead.
[2m[36m(pid=58342)[0m WARNING:tensorflow:From /global/u2/a/arissa/RayLeaf/leaf/models/femnist/cnn.py:36: dense (from tensorflow.python.layers.core) is deprecated and will be removed in a future version.
[2m[36m(pid=58342)[0m Instructions for updating:
[2m[36m(pid=58342)[0m Use keras.layers.Dense instead.
[2m[36m(pid=58342)[0m WARNING:tensorflow:From /usr/common/software/tensorflow/intel-tensorflow/1.15.0-py37/lib/python3.7/site-packages/tensorflow_core/python/ops/losses/losses_impl.py:121: where (from tensorflow.python.ops.array_ops) is deprecated and will be removed in a future version.
[2m[36m(pid=58342)[0m Instructions for updating:
[2m[36m(pid=58342)[0m Use tf.where in 2.0, which has the same broadcast rule as np.where
[2m[36m(pid=58342)[0m 2021-02-15 03:35:28.984340: I tensorflow/core/platform/cpu_feature_guard.cc:145] This TensorFlow binary is optimized with Intel(R) MKL-DNN to use the following CPU instructions in performance critical operations:  SSE4.1 SSE4.2 AVX AVX2 FMA
[2m[36m(pid=58342)[0m To enable them in non-MKL-DNN operations, rebuild TensorFlow with the appropriate compiler flags.
[2m[36m(pid=58342)[0m 2021-02-15 03:35:28.994285: I tensorflow/core/platform/profile_utils/cpu_utils.cc:94] CPU Frequency: 2300005000 Hz
[2m[36m(pid=58342)[0m 2021-02-15 03:35:28.994423: I tensorflow/compiler/xla/service/service.cc:168] XLA service 0x55555b36e390 initialized for platform Host (this does not guarantee that XLA will be used). Devices:
[2m[36m(pid=58342)[0m 2021-02-15 03:35:28.994437: I tensorflow/compiler/xla/service/service.cc:176]   StreamExecutor device (0): Host, Default Version
[2m[36m(pid=58342)[0m WARNING:tensorflow:From /usr/common/software/tensorflow/intel-tensorflow/1.15.0-py37/lib/python3.7/site-packages/tensorflow_core/python/profiler/internal/flops_registry.py:142: tensor_shape_from_node_def_name (from tensorflow.python.framework.graph_util_impl) is deprecated and will be removed in a future version.
[2m[36m(pid=58342)[0m Instructions for updating:
[2m[36m(pid=58342)[0m Use `tf.compat.v1.graph_util.tensor_shape_from_node_def_name`
[2m[36m(pid=58342)[0m Incomplete shape.
[2m[36m(pid=58342)[0m Incomplete shape.
[2m[36m(pid=58342)[0m Incomplete shape.
[2m[36m(pid=58342)[0m Incomplete shape.
[2m[36m(pid=58357)[0m WARNING:tensorflow:From /global/u2/a/arissa/RayLeaf/leaf/models/femnist/cnn.py:26: conv2d (from tensorflow.python.layers.convolutional) is deprecated and will be removed in a future version.
[2m[36m(pid=58357)[0m Instructions for updating:
[2m[36m(pid=58357)[0m Use `tf.keras.layers.Conv2D` instead.
[2m[36m(pid=58357)[0m WARNING:tensorflow:From /usr/common/software/tensorflow/intel-tensorflow/1.15.0-py37/lib/python3.7/site-packages/tensorflow_core/python/layers/convolutional.py:424: Layer.apply (from tensorflow.python.keras.engine.base_layer) is deprecated and will be removed in a future version.
[2m[36m(pid=58357)[0m Instructions for updating:
[2m[36m(pid=58357)[0m Please use `layer.__call__` method instead.
[2m[36m(pid=58357)[0m WARNING:tensorflow:From /global/u2/a/arissa/RayLeaf/leaf/models/femnist/cnn.py:27: max_pooling2d (from tensorflow.python.layers.pooling) is deprecated and will be removed in a future version.
[2m[36m(pid=58357)[0m Instructions for updating:
[2m[36m(pid=58357)[0m Use keras.layers.MaxPooling2D instead.
[2m[36m(pid=58357)[0m WARNING:tensorflow:From /global/u2/a/arissa/RayLeaf/leaf/models/femnist/cnn.py:36: dense (from tensorflow.python.layers.core) is deprecated and will be removed in a future version.
[2m[36m(pid=58357)[0m Instructions for updating:
[2m[36m(pid=58357)[0m Use keras.layers.Dense instead.
[2m[36m(pid=58357)[0m WARNING:tensorflow:From /usr/common/software/tensorflow/intel-tensorflow/1.15.0-py37/lib/python3.7/site-packages/tensorflow_core/python/ops/losses/losses_impl.py:121: where (from tensorflow.python.ops.array_ops) is deprecated and will be removed in a future version.
[2m[36m(pid=58357)[0m Instructions for updating:
[2m[36m(pid=58357)[0m Use tf.where in 2.0, which has the same broadcast rule as np.where
[2m[36m(pid=58346)[0m WARNING:tensorflow:From /global/u2/a/arissa/RayLeaf/leaf/models/femnist/cnn.py:26: conv2d (from tensorflow.python.layers.convolutional) is deprecated and will be removed in a future version.
[2m[36m(pid=58346)[0m Instructions for updating:
[2m[36m(pid=58346)[0m Use `tf.keras.layers.Conv2D` instead.
[2m[36m(pid=58346)[0m WARNING:tensorflow:From /usr/common/software/tensorflow/intel-tensorflow/1.15.0-py37/lib/python3.7/site-packages/tensorflow_core/python/layers/convolutional.py:424: Layer.apply (from tensorflow.python.keras.engine.base_layer) is deprecated and will be removed in a future version.
[2m[36m(pid=58346)[0m Instructions for updating:
[2m[36m(pid=58346)[0m Please use `layer.__call__` method instead.
[2m[36m(pid=58346)[0m WARNING:tensorflow:From /global/u2/a/arissa/RayLeaf/leaf/models/femnist/cnn.py:27: max_pooling2d (from tensorflow.python.layers.pooling) is deprecated and will be removed in a future version.
[2m[36m(pid=58346)[0m Instructions for updating:
[2m[36m(pid=58346)[0m Use keras.layers.MaxPooling2D instead.
[2m[36m(pid=58346)[0m WARNING:tensorflow:From /global/u2/a/arissa/RayLeaf/leaf/models/femnist/cnn.py:36: dense (from tensorflow.python.layers.core) is deprecated and will be removed in a future version.
[2m[36m(pid=58346)[0m Instructions for updating:
[2m[36m(pid=58346)[0m Use keras.layers.Dense instead.
[2m[36m(pid=58357)[0m 2021-02-15 03:35:29.554929: I tensorflow/core/platform/cpu_feature_guard.cc:145] This TensorFlow binary is optimized with Intel(R) MKL-DNN to use the following CPU instructions in performance critical operations:  SSE4.1 SSE4.2 AVX AVX2 FMA
[2m[36m(pid=58357)[0m To enable them in non-MKL-DNN operations, rebuild TensorFlow with the appropriate compiler flags.
[2m[36m(pid=58346)[0m WARNING:tensorflow:From /usr/common/software/tensorflow/intel-tensorflow/1.15.0-py37/lib/python3.7/site-packages/tensorflow_core/python/ops/losses/losses_impl.py:121: where (from tensorflow.python.ops.array_ops) is deprecated and will be removed in a future version.
[2m[36m(pid=58346)[0m Instructions for updating:
[2m[36m(pid=58346)[0m Use tf.where in 2.0, which has the same broadcast rule as np.where
[2m[36m(pid=58357)[0m 2021-02-15 03:35:29.605148: I tensorflow/core/platform/profile_utils/cpu_utils.cc:94] CPU Frequency: 2300005000 Hz
[2m[36m(pid=58357)[0m 2021-02-15 03:35:29.605314: I tensorflow/compiler/xla/service/service.cc:168] XLA service 0x55555d877860 initialized for platform Host (this does not guarantee that XLA will be used). Devices:
[2m[36m(pid=58357)[0m 2021-02-15 03:35:29.605330: I tensorflow/compiler/xla/service/service.cc:176]   StreamExecutor device (0): Host, Default Version
[2m[36m(pid=58346)[0m 2021-02-15 03:35:29.649086: I tensorflow/core/platform/cpu_feature_guard.cc:145] This TensorFlow binary is optimized with Intel(R) MKL-DNN to use the following CPU instructions in performance critical operations:  SSE4.1 SSE4.2 AVX AVX2 FMA
[2m[36m(pid=58346)[0m To enable them in non-MKL-DNN operations, rebuild TensorFlow with the appropriate compiler flags.
[2m[36m(pid=58346)[0m 2021-02-15 03:35:29.659803: I tensorflow/core/platform/profile_utils/cpu_utils.cc:94] CPU Frequency: 2300005000 Hz
[2m[36m(pid=58346)[0m 2021-02-15 03:35:29.659921: I tensorflow/compiler/xla/service/service.cc:168] XLA service 0x55555b469330 initialized for platform Host (this does not guarantee that XLA will be used). Devices:
[2m[36m(pid=58346)[0m 2021-02-15 03:35:29.659936: I tensorflow/compiler/xla/service/service.cc:176]   StreamExecutor device (0): Host, Default Version
[2m[36m(pid=58357)[0m WARNING:tensorflow:From /usr/common/software/tensorflow/intel-tensorflow/1.15.0-py37/lib/python3.7/site-packages/tensorflow_core/python/profiler/internal/flops_registry.py:142: tensor_shape_from_node_def_name (from tensorflow.python.framework.graph_util_impl) is deprecated and will be removed in a future version.
[2m[36m(pid=58357)[0m Instructions for updating:
[2m[36m(pid=58357)[0m Use `tf.compat.v1.graph_util.tensor_shape_from_node_def_name`
[2m[36m(pid=58351)[0m WARNING:tensorflow:From /global/u2/a/arissa/RayLeaf/leaf/models/femnist/cnn.py:26: conv2d (from tensorflow.python.layers.convolutional) is deprecated and will be removed in a future version.
[2m[36m(pid=58351)[0m Instructions for updating:
[2m[36m(pid=58351)[0m Use `tf.keras.layers.Conv2D` instead.
[2m[36m(pid=58351)[0m WARNING:tensorflow:From /usr/common/software/tensorflow/intel-tensorflow/1.15.0-py37/lib/python3.7/site-packages/tensorflow_core/python/layers/convolutional.py:424: Layer.apply (from tensorflow.python.keras.engine.base_layer) is deprecated and will be removed in a future version.
[2m[36m(pid=58351)[0m Instructions for updating:
[2m[36m(pid=58351)[0m Please use `layer.__call__` method instead.
[2m[36m(pid=58351)[0m WARNING:tensorflow:From /global/u2/a/arissa/RayLeaf/leaf/models/femnist/cnn.py:27: max_pooling2d (from tensorflow.python.layers.pooling) is deprecated and will be removed in a future version.
[2m[36m(pid=58351)[0m Instructions for updating:
[2m[36m(pid=58351)[0m Use keras.layers.MaxPooling2D instead.
[2m[36m(pid=58357)[0m Incomplete shape.
[2m[36m(pid=58357)[0m Incomplete shape.
[2m[36m(pid=58357)[0m Incomplete shape.
[2m[36m(pid=58357)[0m Incomplete shape.
[2m[36m(pid=58346)[0m WARNING:tensorflow:From /usr/common/software/tensorflow/intel-tensorflow/1.15.0-py37/lib/python3.7/site-packages/tensorflow_core/python/profiler/internal/flops_registry.py:142: tensor_shape_from_node_def_name (from tensorflow.python.framework.graph_util_impl) is deprecated and will be removed in a future version.
[2m[36m(pid=58346)[0m Instructions for updating:
[2m[36m(pid=58346)[0m Use `tf.compat.v1.graph_util.tensor_shape_from_node_def_name`
[2m[36m(pid=58351)[0m WARNING:tensorflow:From /global/u2/a/arissa/RayLeaf/leaf/models/femnist/cnn.py:36: dense (from tensorflow.python.layers.core) is deprecated and will be removed in a future version.
[2m[36m(pid=58351)[0m Instructions for updating:
[2m[36m(pid=58351)[0m Use keras.layers.Dense instead.
[2m[36m(pid=58351)[0m WARNING:tensorflow:From /usr/common/software/tensorflow/intel-tensorflow/1.15.0-py37/lib/python3.7/site-packages/tensorflow_core/python/ops/losses/losses_impl.py:121: where (from tensorflow.python.ops.array_ops) is deprecated and will be removed in a future version.
[2m[36m(pid=58351)[0m Instructions for updating:
[2m[36m(pid=58351)[0m Use tf.where in 2.0, which has the same broadcast rule as np.where
[2m[36m(pid=58346)[0m Incomplete shape.
[2m[36m(pid=58346)[0m Incomplete shape.
[2m[36m(pid=58346)[0m Incomplete shape.
[2m[36m(pid=58346)[0m Incomplete shape.
[2m[36m(pid=58351)[0m 2021-02-15 03:35:29.906306: I tensorflow/core/platform/cpu_feature_guard.cc:145] This TensorFlow binary is optimized with Intel(R) MKL-DNN to use the following CPU instructions in performance critical operations:  SSE4.1 SSE4.2 AVX AVX2 FMA
[2m[36m(pid=58351)[0m To enable them in non-MKL-DNN operations, rebuild TensorFlow with the appropriate compiler flags.
[2m[36m(pid=58351)[0m 2021-02-15 03:35:29.916660: I tensorflow/core/platform/profile_utils/cpu_utils.cc:94] CPU Frequency: 2300005000 Hz
[2m[36m(pid=58351)[0m 2021-02-15 03:35:29.916775: I tensorflow/compiler/xla/service/service.cc:168] XLA service 0x55555b64e4a0 initialized for platform Host (this does not guarantee that XLA will be used). Devices:
[2m[36m(pid=58351)[0m 2021-02-15 03:35:29.916802: I tensorflow/compiler/xla/service/service.cc:176]   StreamExecutor device (0): Host, Default Version
[2m[36m(pid=58351)[0m WARNING:tensorflow:From /usr/common/software/tensorflow/intel-tensorflow/1.15.0-py37/lib/python3.7/site-packages/tensorflow_core/python/profiler/internal/flops_registry.py:142: tensor_shape_from_node_def_name (from tensorflow.python.framework.graph_util_impl) is deprecated and will be removed in a future version.
[2m[36m(pid=58351)[0m Instructions for updating:
[2m[36m(pid=58351)[0m Use `tf.compat.v1.graph_util.tensor_shape_from_node_def_name`
[2m[36m(pid=58331)[0m WARNING:tensorflow:From /global/u2/a/arissa/RayLeaf/leaf/models/femnist/cnn.py:26: conv2d (from tensorflow.python.layers.convolutional) is deprecated and will be removed in a future version.
[2m[36m(pid=58331)[0m Instructions for updating:
[2m[36m(pid=58331)[0m Use `tf.keras.layers.Conv2D` instead.
[2m[36m(pid=58331)[0m WARNING:tensorflow:From /usr/common/software/tensorflow/intel-tensorflow/1.15.0-py37/lib/python3.7/site-packages/tensorflow_core/python/layers/convolutional.py:424: Layer.apply (from tensorflow.python.keras.engine.base_layer) is deprecated and will be removed in a future version.
[2m[36m(pid=58331)[0m Instructions for updating:
[2m[36m(pid=58331)[0m Please use `layer.__call__` method instead.
[2m[36m(pid=58351)[0m Incomplete shape.
[2m[36m(pid=58351)[0m Incomplete shape.
[2m[36m(pid=58351)[0m Incomplete shape.
[2m[36m(pid=58351)[0m Incomplete shape.
[2m[36m(pid=58331)[0m WARNING:tensorflow:From /global/u2/a/arissa/RayLeaf/leaf/models/femnist/cnn.py:27: max_pooling2d (from tensorflow.python.layers.pooling) is deprecated and will be removed in a future version.
[2m[36m(pid=58331)[0m Instructions for updating:
[2m[36m(pid=58331)[0m Use keras.layers.MaxPooling2D instead.
[2m[36m(pid=58331)[0m WARNING:tensorflow:From /global/u2/a/arissa/RayLeaf/leaf/models/femnist/cnn.py:36: dense (from tensorflow.python.layers.core) is deprecated and will be removed in a future version.
[2m[36m(pid=58331)[0m Instructions for updating:
[2m[36m(pid=58331)[0m Use keras.layers.Dense instead.
[2m[36m(pid=58331)[0m WARNING:tensorflow:From /usr/common/software/tensorflow/intel-tensorflow/1.15.0-py37/lib/python3.7/site-packages/tensorflow_core/python/ops/losses/losses_impl.py:121: where (from tensorflow.python.ops.array_ops) is deprecated and will be removed in a future version.
[2m[36m(pid=58331)[0m Instructions for updating:
[2m[36m(pid=58331)[0m Use tf.where in 2.0, which has the same broadcast rule as np.where
[2m[36m(pid=58331)[0m 2021-02-15 03:35:30.252062: I tensorflow/core/platform/cpu_feature_guard.cc:145] This TensorFlow binary is optimized with Intel(R) MKL-DNN to use the following CPU instructions in performance critical operations:  SSE4.1 SSE4.2 AVX AVX2 FMA
[2m[36m(pid=58331)[0m To enable them in non-MKL-DNN operations, rebuild TensorFlow with the appropriate compiler flags.
[2m[36m(pid=58331)[0m 2021-02-15 03:35:30.261900: I tensorflow/core/platform/profile_utils/cpu_utils.cc:94] CPU Frequency: 2300005000 Hz
[2m[36m(pid=58331)[0m 2021-02-15 03:35:30.262004: I tensorflow/compiler/xla/service/service.cc:168] XLA service 0x55555d213ef0 initialized for platform Host (this does not guarantee that XLA will be used). Devices:
[2m[36m(pid=58331)[0m 2021-02-15 03:35:30.262018: I tensorflow/compiler/xla/service/service.cc:176]   StreamExecutor device (0): Host, Default Version
[2m[36m(pid=58331)[0m WARNING:tensorflow:From /usr/common/software/tensorflow/intel-tensorflow/1.15.0-py37/lib/python3.7/site-packages/tensorflow_core/python/profiler/internal/flops_registry.py:142: tensor_shape_from_node_def_name (from tensorflow.python.framework.graph_util_impl) is deprecated and will be removed in a future version.
[2m[36m(pid=58331)[0m Instructions for updating:
[2m[36m(pid=58331)[0m Use `tf.compat.v1.graph_util.tensor_shape_from_node_def_name`
[2m[36m(pid=58342)[0m WARNING:tensorflow:From /global/u2/a/arissa/RayLeaf/leaf/models/model.py:49: Variable.load (from tensorflow.python.ops.variables) is deprecated and will be removed in a future version.
[2m[36m(pid=58342)[0m Instructions for updating:
[2m[36m(pid=58342)[0m Prefer Variable.assign which has equivalent behavior in 2.X.
[2m[36m(pid=58357)[0m WARNING:tensorflow:From /global/u2/a/arissa/RayLeaf/leaf/models/model.py:49: Variable.load (from tensorflow.python.ops.variables) is deprecated and will be removed in a future version.
[2m[36m(pid=58357)[0m Instructions for updating:
[2m[36m(pid=58357)[0m Prefer Variable.assign which has equivalent behavior in 2.X.
[2m[36m(pid=58346)[0m WARNING:tensorflow:From /global/u2/a/arissa/RayLeaf/leaf/models/model.py:49: Variable.load (from tensorflow.python.ops.variables) is deprecated and will be removed in a future version.
[2m[36m(pid=58346)[0m Instructions for updating:
[2m[36m(pid=58346)[0m Prefer Variable.assign which has equivalent behavior in 2.X.
[2m[36m(pid=58351)[0m WARNING:tensorflow:From /global/u2/a/arissa/RayLeaf/leaf/models/model.py:49: Variable.load (from tensorflow.python.ops.variables) is deprecated and will be removed in a future version.
[2m[36m(pid=58351)[0m Instructions for updating:
[2m[36m(pid=58351)[0m Prefer Variable.assign which has equivalent behavior in 2.X.
[2m[36m(pid=58331)[0m Incomplete shape.
[2m[36m(pid=58331)[0m Incomplete shape.
[2m[36m(pid=58331)[0m Incomplete shape.
[2m[36m(pid=58331)[0m Incomplete shape.
[2m[36m(pid=58331)[0m WARNING:tensorflow:From /global/u2/a/arissa/RayLeaf/leaf/models/model.py:49: Variable.load (from tensorflow.python.ops.variables) is deprecated and will be removed in a future version.
[2m[36m(pid=58331)[0m Instructions for updating:
[2m[36m(pid=58331)[0m Prefer Variable.assign which has equivalent behavior in 2.X.
[2m[36m(pid=58342)[0m OMP: Info #154: KMP_AFFINITY: Initial OS proc set respected: 0-63
[2m[36m(pid=58342)[0m OMP: Info #213: KMP_AFFINITY: decoding x2APIC ids.
[2m[36m(pid=58342)[0m OMP: Info #276: KMP_AFFINITY: Affinity capable, using global cpuid leaf 11 info
[2m[36m(pid=58342)[0m OMP: Info #156: KMP_AFFINITY: 64 available OS procs
[2m[36m(pid=58342)[0m OMP: Info #157: KMP_AFFINITY: Uniform topology
[2m[36m(pid=58342)[0m OMP: Info #191: KMP_AFFINITY: 2 sockets x 16 cores/socket x 2 threads/core (32 total cores)
[2m[36m(pid=58342)[0m OMP: Info #215: KMP_AFFINITY: OS proc to physical thread map:
[2m[36m(pid=58342)[0m OMP: Info #171: KMP_AFFINITY: OS proc 0 maps to socket 0 core 0 thread 0 
[2m[36m(pid=58342)[0m OMP: Info #171: KMP_AFFINITY: OS proc 32 maps to socket 0 core 0 thread 1 
[2m[36m(pid=58342)[0m OMP: Info #171: KMP_AFFINITY: OS proc 1 maps to socket 0 core 1 thread 0 
[2m[36m(pid=58342)[0m OMP: Info #171: KMP_AFFINITY: OS proc 33 maps to socket 0 core 1 thread 1 
[2m[36m(pid=58342)[0m OMP: Info #171: KMP_AFFINITY: OS proc 2 maps to socket 0 core 2 thread 0 
[2m[36m(pid=58342)[0m OMP: Info #171: KMP_AFFINITY: OS proc 34 maps to socket 0 core 2 thread 1 
[2m[36m(pid=58342)[0m OMP: Info #171: KMP_AFFINITY: OS proc 3 maps to socket 0 core 3 thread 0 
[2m[36m(pid=58342)[0m OMP: Info #171: KMP_AFFINITY: OS proc 35 maps to socket 0 core 3 thread 1 
[2m[36m(pid=58342)[0m OMP: Info #171: KMP_AFFINITY: OS proc 4 maps to socket 0 core 4 thread 0 
[2m[36m(pid=58342)[0m OMP: Info #171: KMP_AFFINITY: OS proc 36 maps to socket 0 core 4 thread 1 
[2m[36m(pid=58342)[0m OMP: Info #171: KMP_AFFINITY: OS proc 5 maps to socket 0 core 5 thread 0 
[2m[36m(pid=58342)[0m OMP: Info #171: KMP_AFFINITY: OS proc 37 maps to socket 0 core 5 thread 1 
[2m[36m(pid=58342)[0m OMP: Info #171: KMP_AFFINITY: OS proc 6 maps to socket 0 core 6 thread 0 
[2m[36m(pid=58342)[0m OMP: Info #171: KMP_AFFINITY: OS proc 38 maps to socket 0 core 6 thread 1 
[2m[36m(pid=58342)[0m OMP: Info #171: KMP_AFFINITY: OS proc 7 maps to socket 0 core 7 thread 0 
[2m[36m(pid=58342)[0m OMP: Info #171: KMP_AFFINITY: OS proc 39 maps to socket 0 core 7 thread 1 
[2m[36m(pid=58342)[0m OMP: Info #171: KMP_AFFINITY: OS proc 8 maps to socket 0 core 8 thread 0 
[2m[36m(pid=58342)[0m OMP: Info #171: KMP_AFFINITY: OS proc 40 maps to socket 0 core 8 thread 1 
[2m[36m(pid=58342)[0m OMP: Info #171: KMP_AFFINITY: OS proc 9 maps to socket 0 core 9 thread 0 
[2m[36m(pid=58342)[0m OMP: Info #171: KMP_AFFINITY: OS proc 41 maps to socket 0 core 9 thread 1 
[2m[36m(pid=58342)[0m OMP: Info #171: KMP_AFFINITY: OS proc 10 maps to socket 0 core 10 thread 0 
[2m[36m(pid=58342)[0m OMP: Info #171: KMP_AFFINITY: OS proc 42 maps to socket 0 core 10 thread 1 
[2m[36m(pid=58342)[0m OMP: Info #171: KMP_AFFINITY: OS proc 11 maps to socket 0 core 11 thread 0 
[2m[36m(pid=58342)[0m OMP: Info #171: KMP_AFFINITY: OS proc 43 maps to socket 0 core 11 thread 1 
[2m[36m(pid=58342)[0m OMP: Info #171: KMP_AFFINITY: OS proc 12 maps to socket 0 core 12 thread 0 
[2m[36m(pid=58342)[0m OMP: Info #171: KMP_AFFINITY: OS proc 44 maps to socket 0 core 12 thread 1 
[2m[36m(pid=58342)[0m OMP: Info #171: KMP_AFFINITY: OS proc 13 maps to socket 0 core 13 thread 0 
[2m[36m(pid=58342)[0m OMP: Info #171: KMP_AFFINITY: OS proc 45 maps to socket 0 core 13 thread 1 
[2m[36m(pid=58342)[0m OMP: Info #171: KMP_AFFINITY: OS proc 14 maps to socket 0 core 14 thread 0 
[2m[36m(pid=58342)[0m OMP: Info #171: KMP_AFFINITY: OS proc 46 maps to socket 0 core 14 thread 1 
[2m[36m(pid=58342)[0m OMP: Info #171: KMP_AFFINITY: OS proc 15 maps to socket 0 core 15 thread 0 
[2m[36m(pid=58342)[0m OMP: Info #171: KMP_AFFINITY: OS proc 47 maps to socket 0 core 15 thread 1 
[2m[36m(pid=58342)[0m OMP: Info #171: KMP_AFFINITY: OS proc 16 maps to socket 1 core 0 thread 0 
[2m[36m(pid=58342)[0m OMP: Info #171: KMP_AFFINITY: OS proc 48 maps to socket 1 core 0 thread 1 
[2m[36m(pid=58342)[0m OMP: Info #171: KMP_AFFINITY: OS proc 17 maps to socket 1 core 1 thread 0 
[2m[36m(pid=58342)[0m OMP: Info #171: KMP_AFFINITY: OS proc 49 maps to socket 1 core 1 thread 1 
[2m[36m(pid=58342)[0m OMP: Info #171: KMP_AFFINITY: OS proc 18 maps to socket 1 core 2 thread 0 
[2m[36m(pid=58342)[0m OMP: Info #171: KMP_AFFINITY: OS proc 50 maps to socket 1 core 2 thread 1 
[2m[36m(pid=58342)[0m OMP: Info #171: KMP_AFFINITY: OS proc 19 maps to socket 1 core 3 thread 0 
[2m[36m(pid=58342)[0m OMP: Info #171: KMP_AFFINITY: OS proc 51 maps to socket 1 core 3 thread 1 
[2m[36m(pid=58342)[0m OMP: Info #171: KMP_AFFINITY: OS proc 20 maps to socket 1 core 4 thread 0 
[2m[36m(pid=58342)[0m OMP: Info #171: KMP_AFFINITY: OS proc 52 maps to socket 1 core 4 thread 1 
[2m[36m(pid=58342)[0m OMP: Info #171: KMP_AFFINITY: OS proc 21 maps to socket 1 core 5 thread 0 
[2m[36m(pid=58342)[0m OMP: Info #171: KMP_AFFINITY: OS proc 53 maps to socket 1 core 5 thread 1 
[2m[36m(pid=58342)[0m OMP: Info #171: KMP_AFFINITY: OS proc 22 maps to socket 1 core 6 thread 0 
[2m[36m(pid=58342)[0m OMP: Info #171: KMP_AFFINITY: OS proc 54 maps to socket 1 core 6 thread 1 
[2m[36m(pid=58342)[0m OMP: Info #171: KMP_AFFINITY: OS proc 23 maps to socket 1 core 7 thread 0 
[2m[36m(pid=58342)[0m OMP: Info #171: KMP_AFFINITY: OS proc 55 maps to socket 1 core 7 thread 1 
[2m[36m(pid=58342)[0m OMP: Info #171: KMP_AFFINITY: OS proc 24 maps to socket 1 core 8 thread 0 
[2m[36m(pid=58342)[0m OMP: Info #171: KMP_AFFINITY: OS proc 56 maps to socket 1 core 8 thread 1 
[2m[36m(pid=58342)[0m OMP: Info #171: KMP_AFFINITY: OS proc 25 maps to socket 1 core 9 thread 0 
[2m[36m(pid=58342)[0m OMP: Info #171: KMP_AFFINITY: OS proc 57 maps to socket 1 core 9 thread 1 
[2m[36m(pid=58342)[0m OMP: Info #171: KMP_AFFINITY: OS proc 26 maps to socket 1 core 10 thread 0 
[2m[36m(pid=58342)[0m OMP: Info #171: KMP_AFFINITY: OS proc 58 maps to socket 1 core 10 thread 1 
[2m[36m(pid=58342)[0m OMP: Info #171: KMP_AFFINITY: OS proc 27 maps to socket 1 core 11 thread 0 
[2m[36m(pid=58342)[0m OMP: Info #171: KMP_AFFINITY: OS proc 59 maps to socket 1 core 11 thread 1 
[2m[36m(pid=58342)[0m OMP: Info #171: KMP_AFFINITY: OS proc 28 maps to socket 1 core 12 thread 0 
[2m[36m(pid=58342)[0m OMP: Info #171: KMP_AFFINITY: OS proc 60 maps to socket 1 core 12 thread 1 
[2m[36m(pid=58342)[0m OMP: Info #171: KMP_AFFINITY: OS proc 29 maps to socket 1 core 13 thread 0 
[2m[36m(pid=58342)[0m OMP: Info #171: KMP_AFFINITY: OS proc 61 maps to socket 1 core 13 thread 1 
[2m[36m(pid=58342)[0m OMP: Info #171: KMP_AFFINITY: OS proc 30 maps to socket 1 core 14 thread 0 
[2m[36m(pid=58342)[0m OMP: Info #171: KMP_AFFINITY: OS proc 62 maps to socket 1 core 14 thread 1 
[2m[36m(pid=58342)[0m OMP: Info #171: KMP_AFFINITY: OS proc 31 maps to socket 1 core 15 thread 0 
[2m[36m(pid=58342)[0m OMP: Info #171: KMP_AFFINITY: OS proc 63 maps to socket 1 core 15 thread 1 
[2m[36m(pid=58342)[0m OMP: Info #251: KMP_AFFINITY: pid 58342 tid 59624 thread 0 bound to OS proc set 0
[2m[36m(pid=58342)[0m OMP: Info #251: KMP_AFFINITY: pid 58342 tid 59624 thread 1 bound to OS proc set 1
[2m[36m(pid=58357)[0m OMP: Info #154: KMP_AFFINITY: Initial OS proc set respected: 0-63
[2m[36m(pid=58357)[0m OMP: Info #213: KMP_AFFINITY: decoding x2APIC ids.
[2m[36m(pid=58357)[0m OMP: Info #276: KMP_AFFINITY: Affinity capable, using global cpuid leaf 11 info
[2m[36m(pid=58357)[0m OMP: Info #156: KMP_AFFINITY: 64 available OS procs
[2m[36m(pid=58357)[0m OMP: Info #157: KMP_AFFINITY: Uniform topology
[2m[36m(pid=58357)[0m OMP: Info #191: KMP_AFFINITY: 2 sockets x 16 cores/socket x 2 threads/core (32 total cores)
[2m[36m(pid=58357)[0m OMP: Info #215: KMP_AFFINITY: OS proc to physical thread map:
[2m[36m(pid=58357)[0m OMP: Info #171: KMP_AFFINITY: OS proc 0 maps to socket 0 core 0 thread 0 
[2m[36m(pid=58357)[0m OMP: Info #171: KMP_AFFINITY: OS proc 32 maps to socket 0 core 0 thread 1 
[2m[36m(pid=58357)[0m OMP: Info #171: KMP_AFFINITY: OS proc 1 maps to socket 0 core 1 thread 0 
[2m[36m(pid=58357)[0m OMP: Info #171: KMP_AFFINITY: OS proc 33 maps to socket 0 core 1 thread 1 
[2m[36m(pid=58357)[0m OMP: Info #171: KMP_AFFINITY: OS proc 2 maps to socket 0 core 2 thread 0 
[2m[36m(pid=58357)[0m OMP: Info #171: KMP_AFFINITY: OS proc 34 maps to socket 0 core 2 thread 1 
[2m[36m(pid=58357)[0m OMP: Info #171: KMP_AFFINITY: OS proc 3 maps to socket 0 core 3 thread 0 
[2m[36m(pid=58357)[0m OMP: Info #171: KMP_AFFINITY: OS proc 35 maps to socket 0 core 3 thread 1 
[2m[36m(pid=58357)[0m OMP: Info #171: KMP_AFFINITY: OS proc 4 maps to socket 0 core 4 thread 0 
[2m[36m(pid=58357)[0m OMP: Info #171: KMP_AFFINITY: OS proc 36 maps to socket 0 core 4 thread 1 
[2m[36m(pid=58357)[0m OMP: Info #171: KMP_AFFINITY: OS proc 5 maps to socket 0 core 5 thread 0 
[2m[36m(pid=58357)[0m OMP: Info #171: KMP_AFFINITY: OS proc 37 maps to socket 0 core 5 thread 1 
[2m[36m(pid=58357)[0m OMP: Info #171: KMP_AFFINITY: OS proc 6 maps to socket 0 core 6 thread 0 
[2m[36m(pid=58357)[0m OMP: Info #171: KMP_AFFINITY: OS proc 38 maps to socket 0 core 6 thread 1 
[2m[36m(pid=58357)[0m OMP: Info #171: KMP_AFFINITY: OS proc 7 maps to socket 0 core 7 thread 0 
[2m[36m(pid=58357)[0m OMP: Info #171: KMP_AFFINITY: OS proc 39 maps to socket 0 core 7 thread 1 
[2m[36m(pid=58357)[0m OMP: Info #171: KMP_AFFINITY: OS proc 8 maps to socket 0 core 8 thread 0 
[2m[36m(pid=58357)[0m OMP: Info #171: KMP_AFFINITY: OS proc 40 maps to socket 0 core 8 thread 1 
[2m[36m(pid=58357)[0m OMP: Info #171: KMP_AFFINITY: OS proc 9 maps to socket 0 core 9 thread 0 
[2m[36m(pid=58357)[0m OMP: Info #171: KMP_AFFINITY: OS proc 41 maps to socket 0 core 9 thread 1 
[2m[36m(pid=58357)[0m OMP: Info #171: KMP_AFFINITY: OS proc 10 maps to socket 0 core 10 thread 0 
[2m[36m(pid=58357)[0m OMP: Info #171: KMP_AFFINITY: OS proc 42 maps to socket 0 core 10 thread 1 
[2m[36m(pid=58357)[0m OMP: Info #171: KMP_AFFINITY: OS proc 11 maps to socket 0 core 11 thread 0 
[2m[36m(pid=58357)[0m OMP: Info #171: KMP_AFFINITY: OS proc 43 maps to socket 0 core 11 thread 1 
[2m[36m(pid=58357)[0m OMP: Info #171: KMP_AFFINITY: OS proc 12 maps to socket 0 core 12 thread 0 
[2m[36m(pid=58357)[0m OMP: Info #171: KMP_AFFINITY: OS proc 44 maps to socket 0 core 12 thread 1 
[2m[36m(pid=58357)[0m OMP: Info #171: KMP_AFFINITY: OS proc 13 maps to socket 0 core 13 thread 0 
[2m[36m(pid=58357)[0m OMP: Info #171: KMP_AFFINITY: OS proc 45 maps to socket 0 core 13 thread 1 
[2m[36m(pid=58357)[0m OMP: Info #171: KMP_AFFINITY: OS proc 14 maps to socket 0 core 14 thread 0 
[2m[36m(pid=58357)[0m OMP: Info #171: KMP_AFFINITY: OS proc 46 maps to socket 0 core 14 thread 1 
[2m[36m(pid=58357)[0m OMP: Info #171: KMP_AFFINITY: OS proc 15 maps to socket 0 core 15 thread 0 
[2m[36m(pid=58357)[0m OMP: Info #171: KMP_AFFINITY: OS proc 47 maps to socket 0 core 15 thread 1 
[2m[36m(pid=58357)[0m OMP: Info #171: KMP_AFFINITY: OS proc 16 maps to socket 1 core 0 thread 0 
[2m[36m(pid=58357)[0m OMP: Info #171: KMP_AFFINITY: OS proc 48 maps to socket 1 core 0 thread 1 
[2m[36m(pid=58357)[0m OMP: Info #171: KMP_AFFINITY: OS proc 17 maps to socket 1 core 1 thread 0 
[2m[36m(pid=58357)[0m OMP: Info #171: KMP_AFFINITY: OS proc 49 maps to socket 1 core 1 thread 1 
[2m[36m(pid=58357)[0m OMP: Info #171: KMP_AFFINITY: OS proc 18 maps to socket 1 core 2 thread 0 
[2m[36m(pid=58357)[0m OMP: Info #171: KMP_AFFINITY: OS proc 50 maps to socket 1 core 2 thread 1 
[2m[36m(pid=58357)[0m OMP: Info #171: KMP_AFFINITY: OS proc 19 maps to socket 1 core 3 thread 0 
[2m[36m(pid=58357)[0m OMP: Info #171: KMP_AFFINITY: OS proc 51 maps to socket 1 core 3 thread 1 
[2m[36m(pid=58357)[0m OMP: Info #171: KMP_AFFINITY: OS proc 20 maps to socket 1 core 4 thread 0 
[2m[36m(pid=58357)[0m OMP: Info #171: KMP_AFFINITY: OS proc 52 maps to socket 1 core 4 thread 1 
[2m[36m(pid=58357)[0m OMP: Info #171: KMP_AFFINITY: OS proc 21 maps to socket 1 core 5 thread 0 
[2m[36m(pid=58357)[0m OMP: Info #171: KMP_AFFINITY: OS proc 53 maps to socket 1 core 5 thread 1 
[2m[36m(pid=58357)[0m OMP: Info #171: KMP_AFFINITY: OS proc 22 maps to socket 1 core 6 thread 0 
[2m[36m(pid=58357)[0m OMP: Info #171: KMP_AFFINITY: OS proc 54 maps to socket 1 core 6 thread 1 
[2m[36m(pid=58357)[0m OMP: Info #171: KMP_AFFINITY: OS proc 23 maps to socket 1 core 7 thread 0 
[2m[36m(pid=58357)[0m OMP: Info #171: KMP_AFFINITY: OS proc 55 maps to socket 1 core 7 thread 1 
[2m[36m(pid=58357)[0m OMP: Info #171: KMP_AFFINITY: OS proc 24 maps to socket 1 core 8 thread 0 
[2m[36m(pid=58357)[0m OMP: Info #171: KMP_AFFINITY: OS proc 56 maps to socket 1 core 8 thread 1 
[2m[36m(pid=58357)[0m OMP: Info #171: KMP_AFFINITY: OS proc 25 maps to socket 1 core 9 thread 0 
[2m[36m(pid=58357)[0m OMP: Info #171: KMP_AFFINITY: OS proc 57 maps to socket 1 core 9 thread 1 
[2m[36m(pid=58357)[0m OMP: Info #171: KMP_AFFINITY: OS proc 26 maps to socket 1 core 10 thread 0 
[2m[36m(pid=58357)[0m OMP: Info #171: KMP_AFFINITY: OS proc 58 maps to socket 1 core 10 thread 1 
[2m[36m(pid=58357)[0m OMP: Info #171: KMP_AFFINITY: OS proc 27 maps to socket 1 core 11 thread 0 
[2m[36m(pid=58357)[0m OMP: Info #171: KMP_AFFINITY: OS proc 59 maps to socket 1 core 11 thread 1 
[2m[36m(pid=58357)[0m OMP: Info #171: KMP_AFFINITY: OS proc 28 maps to socket 1 core 12 thread 0 
[2m[36m(pid=58357)[0m OMP: Info #171: KMP_AFFINITY: OS proc 60 maps to socket 1 core 12 thread 1 
[2m[36m(pid=58357)[0m OMP: Info #171: KMP_AFFINITY: OS proc 29 maps to socket 1 core 13 thread 0 
[2m[36m(pid=58357)[0m OMP: Info #171: KMP_AFFINITY: OS proc 61 maps to socket 1 core 13 thread 1 
[2m[36m(pid=58357)[0m OMP: Info #171: KMP_AFFINITY: OS proc 30 maps to socket 1 core 14 thread 0 
[2m[36m(pid=58357)[0m OMP: Info #171: KMP_AFFINITY: OS proc 62 maps to socket 1 core 14 thread 1 
[2m[36m(pid=58357)[0m OMP: Info #171: KMP_AFFINITY: OS proc 31 maps to socket 1 core 15 thread 0 
[2m[36m(pid=58357)[0m OMP: Info #171: KMP_AFFINITY: OS proc 63 maps to socket 1 core 15 thread 1 
[2m[36m(pid=58357)[0m OMP: Info #251: KMP_AFFINITY: pid 58357 tid 59634 thread 0 bound to OS proc set 0
[2m[36m(pid=58357)[0m OMP: Info #251: KMP_AFFINITY: pid 58357 tid 59634 thread 1 bound to OS proc set 1
[2m[36m(pid=58346)[0m OMP: Info #154: KMP_AFFINITY: Initial OS proc set respected: 0-63
[2m[36m(pid=58346)[0m OMP: Info #213: KMP_AFFINITY: decoding x2APIC ids.
[2m[36m(pid=58346)[0m OMP: Info #276: KMP_AFFINITY: Affinity capable, using global cpuid leaf 11 info
[2m[36m(pid=58346)[0m OMP: Info #156: KMP_AFFINITY: 64 available OS procs
[2m[36m(pid=58346)[0m OMP: Info #157: KMP_AFFINITY: Uniform topology
[2m[36m(pid=58346)[0m OMP: Info #191: KMP_AFFINITY: 2 sockets x 16 cores/socket x 2 threads/core (32 total cores)
[2m[36m(pid=58346)[0m OMP: Info #215: KMP_AFFINITY: OS proc to physical thread map:
[2m[36m(pid=58346)[0m OMP: Info #171: KMP_AFFINITY: OS proc 0 maps to socket 0 core 0 thread 0 
[2m[36m(pid=58346)[0m OMP: Info #171: KMP_AFFINITY: OS proc 32 maps to socket 0 core 0 thread 1 
[2m[36m(pid=58346)[0m OMP: Info #171: KMP_AFFINITY: OS proc 1 maps to socket 0 core 1 thread 0 
[2m[36m(pid=58346)[0m OMP: Info #171: KMP_AFFINITY: OS proc 33 maps to socket 0 core 1 thread 1 
[2m[36m(pid=58346)[0m OMP: Info #171: KMP_AFFINITY: OS proc 2 maps to socket 0 core 2 thread 0 
[2m[36m(pid=58346)[0m OMP: Info #171: KMP_AFFINITY: OS proc 34 maps to socket 0 core 2 thread 1 
[2m[36m(pid=58346)[0m OMP: Info #171: KMP_AFFINITY: OS proc 3 maps to socket 0 core 3 thread 0 
[2m[36m(pid=58346)[0m OMP: Info #171: KMP_AFFINITY: OS proc 35 maps to socket 0 core 3 thread 1 
[2m[36m(pid=58346)[0m OMP: Info #171: KMP_AFFINITY: OS proc 4 maps to socket 0 core 4 thread 0 
[2m[36m(pid=58346)[0m OMP: Info #171: KMP_AFFINITY: OS proc 36 maps to socket 0 core 4 thread 1 
[2m[36m(pid=58346)[0m OMP: Info #171: KMP_AFFINITY: OS proc 5 maps to socket 0 core 5 thread 0 
[2m[36m(pid=58346)[0m OMP: Info #171: KMP_AFFINITY: OS proc 37 maps to socket 0 core 5 thread 1 
[2m[36m(pid=58346)[0m OMP: Info #171: KMP_AFFINITY: OS proc 6 maps to socket 0 core 6 thread 0 
[2m[36m(pid=58346)[0m OMP: Info #171: KMP_AFFINITY: OS proc 38 maps to socket 0 core 6 thread 1 
[2m[36m(pid=58346)[0m OMP: Info #171: KMP_AFFINITY: OS proc 7 maps to socket 0 core 7 thread 0 
[2m[36m(pid=58346)[0m OMP: Info #171: KMP_AFFINITY: OS proc 39 maps to socket 0 core 7 thread 1 
[2m[36m(pid=58346)[0m OMP: Info #171: KMP_AFFINITY: OS proc 8 maps to socket 0 core 8 thread 0 
[2m[36m(pid=58346)[0m OMP: Info #171: KMP_AFFINITY: OS proc 40 maps to socket 0 core 8 thread 1 
[2m[36m(pid=58346)[0m OMP: Info #171: KMP_AFFINITY: OS proc 9 maps to socket 0 core 9 thread 0 
[2m[36m(pid=58346)[0m OMP: Info #171: KMP_AFFINITY: OS proc 41 maps to socket 0 core 9 thread 1 
[2m[36m(pid=58346)[0m OMP: Info #171: KMP_AFFINITY: OS proc 10 maps to socket 0 core 10 thread 0 
[2m[36m(pid=58346)[0m OMP: Info #171: KMP_AFFINITY: OS proc 42 maps to socket 0 core 10 thread 1 
[2m[36m(pid=58346)[0m OMP: Info #171: KMP_AFFINITY: OS proc 11 maps to socket 0 core 11 thread 0 
[2m[36m(pid=58346)[0m OMP: Info #171: KMP_AFFINITY: OS proc 43 maps to socket 0 core 11 thread 1 
[2m[36m(pid=58346)[0m OMP: Info #171: KMP_AFFINITY: OS proc 12 maps to socket 0 core 12 thread 0 
[2m[36m(pid=58346)[0m OMP: Info #171: KMP_AFFINITY: OS proc 44 maps to socket 0 core 12 thread 1 
[2m[36m(pid=58346)[0m OMP: Info #171: KMP_AFFINITY: OS proc 13 maps to socket 0 core 13 thread 0 
[2m[36m(pid=58346)[0m OMP: Info #171: KMP_AFFINITY: OS proc 45 maps to socket 0 core 13 thread 1 
[2m[36m(pid=58346)[0m OMP: Info #171: KMP_AFFINITY: OS proc 14 maps to socket 0 core 14 thread 0 
[2m[36m(pid=58346)[0m OMP: Info #171: KMP_AFFINITY: OS proc 46 maps to socket 0 core 14 thread 1 
[2m[36m(pid=58346)[0m OMP: Info #171: KMP_AFFINITY: OS proc 15 maps to socket 0 core 15 thread 0 
[2m[36m(pid=58346)[0m OMP: Info #171: KMP_AFFINITY: OS proc 47 maps to socket 0 core 15 thread 1 
[2m[36m(pid=58346)[0m OMP: Info #171: KMP_AFFINITY: OS proc 16 maps to socket 1 core 0 thread 0 
[2m[36m(pid=58346)[0m OMP: Info #171: KMP_AFFINITY: OS proc 48 maps to socket 1 core 0 thread 1 
[2m[36m(pid=58346)[0m OMP: Info #171: KMP_AFFINITY: OS proc 17 maps to socket 1 core 1 thread 0 
[2m[36m(pid=58346)[0m OMP: Info #171: KMP_AFFINITY: OS proc 49 maps to socket 1 core 1 thread 1 
[2m[36m(pid=58346)[0m OMP: Info #171: KMP_AFFINITY: OS proc 18 maps to socket 1 core 2 thread 0 
[2m[36m(pid=58346)[0m OMP: Info #171: KMP_AFFINITY: OS proc 50 maps to socket 1 core 2 thread 1 
[2m[36m(pid=58346)[0m OMP: Info #171: KMP_AFFINITY: OS proc 19 maps to socket 1 core 3 thread 0 
[2m[36m(pid=58346)[0m OMP: Info #171: KMP_AFFINITY: OS proc 51 maps to socket 1 core 3 thread 1 
[2m[36m(pid=58346)[0m OMP: Info #171: KMP_AFFINITY: OS proc 20 maps to socket 1 core 4 thread 0 
[2m[36m(pid=58346)[0m OMP: Info #171: KMP_AFFINITY: OS proc 52 maps to socket 1 core 4 thread 1 
[2m[36m(pid=58346)[0m OMP: Info #171: KMP_AFFINITY: OS proc 21 maps to socket 1 core 5 thread 0 
[2m[36m(pid=58346)[0m OMP: Info #171: KMP_AFFINITY: OS proc 53 maps to socket 1 core 5 thread 1 
[2m[36m(pid=58346)[0m OMP: Info #171: KMP_AFFINITY: OS proc 22 maps to socket 1 core 6 thread 0 
[2m[36m(pid=58346)[0m OMP: Info #171: KMP_AFFINITY: OS proc 54 maps to socket 1 core 6 thread 1 
[2m[36m(pid=58346)[0m OMP: Info #171: KMP_AFFINITY: OS proc 23 maps to socket 1 core 7 thread 0 
[2m[36m(pid=58346)[0m OMP: Info #171: KMP_AFFINITY: OS proc 55 maps to socket 1 core 7 thread 1 
[2m[36m(pid=58346)[0m OMP: Info #171: KMP_AFFINITY: OS proc 24 maps to socket 1 core 8 thread 0 
[2m[36m(pid=58346)[0m OMP: Info #171: KMP_AFFINITY: OS proc 56 maps to socket 1 core 8 thread 1 
[2m[36m(pid=58346)[0m OMP: Info #171: KMP_AFFINITY: OS proc 25 maps to socket 1 core 9 thread 0 
[2m[36m(pid=58346)[0m OMP: Info #171: KMP_AFFINITY: OS proc 57 maps to socket 1 core 9 thread 1 
[2m[36m(pid=58346)[0m OMP: Info #171: KMP_AFFINITY: OS proc 26 maps to socket 1 core 10 thread 0 
[2m[36m(pid=58346)[0m OMP: Info #171: KMP_AFFINITY: OS proc 58 maps to socket 1 core 10 thread 1 
[2m[36m(pid=58346)[0m OMP: Info #171: KMP_AFFINITY: OS proc 27 maps to socket 1 core 11 thread 0 
[2m[36m(pid=58346)[0m OMP: Info #171: KMP_AFFINITY: OS proc 59 maps to socket 1 core 11 thread 1 
[2m[36m(pid=58346)[0m OMP: Info #171: KMP_AFFINITY: OS proc 28 maps to socket 1 core 12 thread 0 
[2m[36m(pid=58346)[0m OMP: Info #171: KMP_AFFINITY: OS proc 60 maps to socket 1 core 12 thread 1 
[2m[36m(pid=58346)[0m OMP: Info #171: KMP_AFFINITY: OS proc 29 maps to socket 1 core 13 thread 0 
[2m[36m(pid=58346)[0m OMP: Info #171: KMP_AFFINITY: OS proc 61 maps to socket 1 core 13 thread 1 
[2m[36m(pid=58346)[0m OMP: Info #171: KMP_AFFINITY: OS proc 30 maps to socket 1 core 14 thread 0 
[2m[36m(pid=58346)[0m OMP: Info #171: KMP_AFFINITY: OS proc 62 maps to socket 1 core 14 thread 1 
[2m[36m(pid=58346)[0m OMP: Info #171: KMP_AFFINITY: OS proc 31 maps to socket 1 core 15 thread 0 
[2m[36m(pid=58346)[0m OMP: Info #171: KMP_AFFINITY: OS proc 63 maps to socket 1 core 15 thread 1 
[2m[36m(pid=58346)[0m OMP: Info #251: KMP_AFFINITY: pid 58346 tid 59642 thread 0 bound to OS proc set 0
[2m[36m(pid=58346)[0m OMP: Info #251: KMP_AFFINITY: pid 58346 tid 59642 thread 1 bound to OS proc set 1
[2m[36m(pid=58351)[0m OMP: Info #154: KMP_AFFINITY: Initial OS proc set respected: 0-63
[2m[36m(pid=58351)[0m OMP: Info #213: KMP_AFFINITY: decoding x2APIC ids.
[2m[36m(pid=58351)[0m OMP: Info #276: KMP_AFFINITY: Affinity capable, using global cpuid leaf 11 info
[2m[36m(pid=58351)[0m OMP: Info #156: KMP_AFFINITY: 64 available OS procs
[2m[36m(pid=58351)[0m OMP: Info #157: KMP_AFFINITY: Uniform topology
[2m[36m(pid=58351)[0m OMP: Info #191: KMP_AFFINITY: 2 sockets x 16 cores/socket x 2 threads/core (32 total cores)
[2m[36m(pid=58351)[0m OMP: Info #215: KMP_AFFINITY: OS proc to physical thread map:
[2m[36m(pid=58351)[0m OMP: Info #171: KMP_AFFINITY: OS proc 0 maps to socket 0 core 0 thread 0 
[2m[36m(pid=58351)[0m OMP: Info #171: KMP_AFFINITY: OS proc 32 maps to socket 0 core 0 thread 1 
[2m[36m(pid=58351)[0m OMP: Info #171: KMP_AFFINITY: OS proc 1 maps to socket 0 core 1 thread 0 
[2m[36m(pid=58351)[0m OMP: Info #171: KMP_AFFINITY: OS proc 33 maps to socket 0 core 1 thread 1 
[2m[36m(pid=58351)[0m OMP: Info #171: KMP_AFFINITY: OS proc 2 maps to socket 0 core 2 thread 0 
[2m[36m(pid=58351)[0m OMP: Info #171: KMP_AFFINITY: OS proc 34 maps to socket 0 core 2 thread 1 
[2m[36m(pid=58351)[0m OMP: Info #171: KMP_AFFINITY: OS proc 3 maps to socket 0 core 3 thread 0 
[2m[36m(pid=58351)[0m OMP: Info #171: KMP_AFFINITY: OS proc 35 maps to socket 0 core 3 thread 1 
[2m[36m(pid=58351)[0m OMP: Info #171: KMP_AFFINITY: OS proc 4 maps to socket 0 core 4 thread 0 
[2m[36m(pid=58351)[0m OMP: Info #171: KMP_AFFINITY: OS proc 36 maps to socket 0 core 4 thread 1 
[2m[36m(pid=58351)[0m OMP: Info #171: KMP_AFFINITY: OS proc 5 maps to socket 0 core 5 thread 0 
[2m[36m(pid=58351)[0m OMP: Info #171: KMP_AFFINITY: OS proc 37 maps to socket 0 core 5 thread 1 
[2m[36m(pid=58351)[0m OMP: Info #171: KMP_AFFINITY: OS proc 6 maps to socket 0 core 6 thread 0 
[2m[36m(pid=58351)[0m OMP: Info #171: KMP_AFFINITY: OS proc 38 maps to socket 0 core 6 thread 1 
[2m[36m(pid=58351)[0m OMP: Info #171: KMP_AFFINITY: OS proc 7 maps to socket 0 core 7 thread 0 
[2m[36m(pid=58351)[0m OMP: Info #171: KMP_AFFINITY: OS proc 39 maps to socket 0 core 7 thread 1 
[2m[36m(pid=58351)[0m OMP: Info #171: KMP_AFFINITY: OS proc 8 maps to socket 0 core 8 thread 0 
[2m[36m(pid=58351)[0m OMP: Info #171: KMP_AFFINITY: OS proc 40 maps to socket 0 core 8 thread 1 
[2m[36m(pid=58351)[0m OMP: Info #171: KMP_AFFINITY: OS proc 9 maps to socket 0 core 9 thread 0 
[2m[36m(pid=58351)[0m OMP: Info #171: KMP_AFFINITY: OS proc 41 maps to socket 0 core 9 thread 1 
[2m[36m(pid=58351)[0m OMP: Info #171: KMP_AFFINITY: OS proc 10 maps to socket 0 core 10 thread 0 
[2m[36m(pid=58351)[0m OMP: Info #171: KMP_AFFINITY: OS proc 42 maps to socket 0 core 10 thread 1 
[2m[36m(pid=58351)[0m OMP: Info #171: KMP_AFFINITY: OS proc 11 maps to socket 0 core 11 thread 0 
[2m[36m(pid=58351)[0m OMP: Info #171: KMP_AFFINITY: OS proc 43 maps to socket 0 core 11 thread 1 
[2m[36m(pid=58351)[0m OMP: Info #171: KMP_AFFINITY: OS proc 12 maps to socket 0 core 12 thread 0 
[2m[36m(pid=58351)[0m OMP: Info #171: KMP_AFFINITY: OS proc 44 maps to socket 0 core 12 thread 1 
[2m[36m(pid=58351)[0m OMP: Info #171: KMP_AFFINITY: OS proc 13 maps to socket 0 core 13 thread 0 
[2m[36m(pid=58351)[0m OMP: Info #171: KMP_AFFINITY: OS proc 45 maps to socket 0 core 13 thread 1 
[2m[36m(pid=58351)[0m OMP: Info #171: KMP_AFFINITY: OS proc 14 maps to socket 0 core 14 thread 0 
[2m[36m(pid=58351)[0m OMP: Info #171: KMP_AFFINITY: OS proc 46 maps to socket 0 core 14 thread 1 
[2m[36m(pid=58351)[0m OMP: Info #171: KMP_AFFINITY: OS proc 15 maps to socket 0 core 15 thread 0 
[2m[36m(pid=58351)[0m OMP: Info #171: KMP_AFFINITY: OS proc 47 maps to socket 0 core 15 thread 1 
[2m[36m(pid=58351)[0m OMP: Info #171: KMP_AFFINITY: OS proc 16 maps to socket 1 core 0 thread 0 
[2m[36m(pid=58351)[0m OMP: Info #171: KMP_AFFINITY: OS proc 48 maps to socket 1 core 0 thread 1 
[2m[36m(pid=58351)[0m OMP: Info #171: KMP_AFFINITY: OS proc 17 maps to socket 1 core 1 thread 0 
[2m[36m(pid=58351)[0m OMP: Info #171: KMP_AFFINITY: OS proc 49 maps to socket 1 core 1 thread 1 
[2m[36m(pid=58351)[0m OMP: Info #171: KMP_AFFINITY: OS proc 18 maps to socket 1 core 2 thread 0 
[2m[36m(pid=58351)[0m OMP: Info #171: KMP_AFFINITY: OS proc 50 maps to socket 1 core 2 thread 1 
[2m[36m(pid=58351)[0m OMP: Info #171: KMP_AFFINITY: OS proc 19 maps to socket 1 core 3 thread 0 
[2m[36m(pid=58351)[0m OMP: Info #171: KMP_AFFINITY: OS proc 51 maps to socket 1 core 3 thread 1 
[2m[36m(pid=58351)[0m OMP: Info #171: KMP_AFFINITY: OS proc 20 maps to socket 1 core 4 thread 0 
[2m[36m(pid=58351)[0m OMP: Info #171: KMP_AFFINITY: OS proc 52 maps to socket 1 core 4 thread 1 
[2m[36m(pid=58351)[0m OMP: Info #171: KMP_AFFINITY: OS proc 21 maps to socket 1 core 5 thread 0 
[2m[36m(pid=58351)[0m OMP: Info #171: KMP_AFFINITY: OS proc 53 maps to socket 1 core 5 thread 1 
[2m[36m(pid=58351)[0m OMP: Info #171: KMP_AFFINITY: OS proc 22 maps to socket 1 core 6 thread 0 
[2m[36m(pid=58351)[0m OMP: Info #171: KMP_AFFINITY: OS proc 54 maps to socket 1 core 6 thread 1 
[2m[36m(pid=58351)[0m OMP: Info #171: KMP_AFFINITY: OS proc 23 maps to socket 1 core 7 thread 0 
[2m[36m(pid=58351)[0m OMP: Info #171: KMP_AFFINITY: OS proc 55 maps to socket 1 core 7 thread 1 
[2m[36m(pid=58351)[0m OMP: Info #171: KMP_AFFINITY: OS proc 24 maps to socket 1 core 8 thread 0 
[2m[36m(pid=58351)[0m OMP: Info #171: KMP_AFFINITY: OS proc 56 maps to socket 1 core 8 thread 1 
[2m[36m(pid=58351)[0m OMP: Info #171: KMP_AFFINITY: OS proc 25 maps to socket 1 core 9 thread 0 
[2m[36m(pid=58351)[0m OMP: Info #171: KMP_AFFINITY: OS proc 57 maps to socket 1 core 9 thread 1 
[2m[36m(pid=58351)[0m OMP: Info #171: KMP_AFFINITY: OS proc 26 maps to socket 1 core 10 thread 0 
[2m[36m(pid=58351)[0m OMP: Info #171: KMP_AFFINITY: OS proc 58 maps to socket 1 core 10 thread 1 
[2m[36m(pid=58351)[0m OMP: Info #171: KMP_AFFINITY: OS proc 27 maps to socket 1 core 11 thread 0 
[2m[36m(pid=58351)[0m OMP: Info #171: KMP_AFFINITY: OS proc 59 maps to socket 1 core 11 thread 1 
[2m[36m(pid=58351)[0m OMP: Info #171: KMP_AFFINITY: OS proc 28 maps to socket 1 core 12 thread 0 
[2m[36m(pid=58351)[0m OMP: Info #171: KMP_AFFINITY: OS proc 60 maps to socket 1 core 12 thread 1 
[2m[36m(pid=58351)[0m OMP: Info #171: KMP_AFFINITY: OS proc 29 maps to socket 1 core 13 thread 0 
[2m[36m(pid=58351)[0m OMP: Info #171: KMP_AFFINITY: OS proc 61 maps to socket 1 core 13 thread 1 
[2m[36m(pid=58351)[0m OMP: Info #171: KMP_AFFINITY: OS proc 30 maps to socket 1 core 14 thread 0 
[2m[36m(pid=58351)[0m OMP: Info #171: KMP_AFFINITY: OS proc 62 maps to socket 1 core 14 thread 1 
[2m[36m(pid=58351)[0m OMP: Info #171: KMP_AFFINITY: OS proc 31 maps to socket 1 core 15 thread 0 
[2m[36m(pid=58351)[0m OMP: Info #171: KMP_AFFINITY: OS proc 63 maps to socket 1 core 15 thread 1 
[2m[36m(pid=58351)[0m OMP: Info #251: KMP_AFFINITY: pid 58351 tid 59652 thread 0 bound to OS proc set 0
[2m[36m(pid=58351)[0m OMP: Info #251: KMP_AFFINITY: pid 58351 tid 59652 thread 1 bound to OS proc set 1
[2m[36m(pid=58351)[0m OMP: Info #251: KMP_AFFINITY: pid 58351 tid 59663 thread 2 bound to OS proc set 2
[2m[36m(pid=58331)[0m OMP: Info #154: KMP_AFFINITY: Initial OS proc set respected: 0-63
[2m[36m(pid=58331)[0m OMP: Info #213: KMP_AFFINITY: decoding x2APIC ids.
[2m[36m(pid=58331)[0m OMP: Info #276: KMP_AFFINITY: Affinity capable, using global cpuid leaf 11 info
[2m[36m(pid=58331)[0m OMP: Info #156: KMP_AFFINITY: 64 available OS procs
[2m[36m(pid=58331)[0m OMP: Info #157: KMP_AFFINITY: Uniform topology
[2m[36m(pid=58331)[0m OMP: Info #191: KMP_AFFINITY: 2 sockets x 16 cores/socket x 2 threads/core (32 total cores)
[2m[36m(pid=58331)[0m OMP: Info #215: KMP_AFFINITY: OS proc to physical thread map:
[2m[36m(pid=58331)[0m OMP: Info #171: KMP_AFFINITY: OS proc 0 maps to socket 0 core 0 thread 0 
[2m[36m(pid=58331)[0m OMP: Info #171: KMP_AFFINITY: OS proc 32 maps to socket 0 core 0 thread 1 
[2m[36m(pid=58331)[0m OMP: Info #171: KMP_AFFINITY: OS proc 1 maps to socket 0 core 1 thread 0 
[2m[36m(pid=58331)[0m OMP: Info #171: KMP_AFFINITY: OS proc 33 maps to socket 0 core 1 thread 1 
[2m[36m(pid=58331)[0m OMP: Info #171: KMP_AFFINITY: OS proc 2 maps to socket 0 core 2 thread 0 
[2m[36m(pid=58331)[0m OMP: Info #171: KMP_AFFINITY: OS proc 34 maps to socket 0 core 2 thread 1 
[2m[36m(pid=58331)[0m OMP: Info #171: KMP_AFFINITY: OS proc 3 maps to socket 0 core 3 thread 0 
[2m[36m(pid=58331)[0m OMP: Info #171: KMP_AFFINITY: OS proc 35 maps to socket 0 core 3 thread 1 
[2m[36m(pid=58331)[0m OMP: Info #171: KMP_AFFINITY: OS proc 4 maps to socket 0 core 4 thread 0 
[2m[36m(pid=58331)[0m OMP: Info #171: KMP_AFFINITY: OS proc 36 maps to socket 0 core 4 thread 1 
[2m[36m(pid=58331)[0m OMP: Info #171: KMP_AFFINITY: OS proc 5 maps to socket 0 core 5 thread 0 
[2m[36m(pid=58331)[0m OMP: Info #171: KMP_AFFINITY: OS proc 37 maps to socket 0 core 5 thread 1 
[2m[36m(pid=58331)[0m OMP: Info #171: KMP_AFFINITY: OS proc 6 maps to socket 0 core 6 thread 0 
[2m[36m(pid=58331)[0m OMP: Info #171: KMP_AFFINITY: OS proc 38 maps to socket 0 core 6 thread 1 
[2m[36m(pid=58331)[0m OMP: Info #171: KMP_AFFINITY: OS proc 7 maps to socket 0 core 7 thread 0 
[2m[36m(pid=58331)[0m OMP: Info #171: KMP_AFFINITY: OS proc 39 maps to socket 0 core 7 thread 1 
[2m[36m(pid=58331)[0m OMP: Info #171: KMP_AFFINITY: OS proc 8 maps to socket 0 core 8 thread 0 
[2m[36m(pid=58331)[0m OMP: Info #171: KMP_AFFINITY: OS proc 40 maps to socket 0 core 8 thread 1 
[2m[36m(pid=58331)[0m OMP: Info #171: KMP_AFFINITY: OS proc 9 maps to socket 0 core 9 thread 0 
[2m[36m(pid=58331)[0m OMP: Info #171: KMP_AFFINITY: OS proc 41 maps to socket 0 core 9 thread 1 
[2m[36m(pid=58331)[0m OMP: Info #171: KMP_AFFINITY: OS proc 10 maps to socket 0 core 10 thread 0 
[2m[36m(pid=58331)[0m OMP: Info #171: KMP_AFFINITY: OS proc 42 maps to socket 0 core 10 thread 1 
[2m[36m(pid=58331)[0m OMP: Info #171: KMP_AFFINITY: OS proc 11 maps to socket 0 core 11 thread 0 
[2m[36m(pid=58331)[0m OMP: Info #171: KMP_AFFINITY: OS proc 43 maps to socket 0 core 11 thread 1 
[2m[36m(pid=58331)[0m OMP: Info #171: KMP_AFFINITY: OS proc 12 maps to socket 0 core 12 thread 0 
[2m[36m(pid=58331)[0m OMP: Info #171: KMP_AFFINITY: OS proc 44 maps to socket 0 core 12 thread 1 
[2m[36m(pid=58331)[0m OMP: Info #171: KMP_AFFINITY: OS proc 13 maps to socket 0 core 13 thread 0 
[2m[36m(pid=58331)[0m OMP: Info #171: KMP_AFFINITY: OS proc 45 maps to socket 0 core 13 thread 1 
[2m[36m(pid=58331)[0m OMP: Info #171: KMP_AFFINITY: OS proc 14 maps to socket 0 core 14 thread 0 
[2m[36m(pid=58331)[0m OMP: Info #171: KMP_AFFINITY: OS proc 46 maps to socket 0 core 14 thread 1 
[2m[36m(pid=58331)[0m OMP: Info #171: KMP_AFFINITY: OS proc 15 maps to socket 0 core 15 thread 0 
[2m[36m(pid=58331)[0m OMP: Info #171: KMP_AFFINITY: OS proc 47 maps to socket 0 core 15 thread 1 
[2m[36m(pid=58331)[0m OMP: Info #171: KMP_AFFINITY: OS proc 16 maps to socket 1 core 0 thread 0 
[2m[36m(pid=58331)[0m OMP: Info #171: KMP_AFFINITY: OS proc 48 maps to socket 1 core 0 thread 1 
[2m[36m(pid=58331)[0m OMP: Info #171: KMP_AFFINITY: OS proc 17 maps to socket 1 core 1 thread 0 
[2m[36m(pid=58331)[0m OMP: Info #171: KMP_AFFINITY: OS proc 49 maps to socket 1 core 1 thread 1 
[2m[36m(pid=58331)[0m OMP: Info #171: KMP_AFFINITY: OS proc 18 maps to socket 1 core 2 thread 0 
[2m[36m(pid=58331)[0m OMP: Info #171: KMP_AFFINITY: OS proc 50 maps to socket 1 core 2 thread 1 
[2m[36m(pid=58331)[0m OMP: Info #171: KMP_AFFINITY: OS proc 19 maps to socket 1 core 3 thread 0 
[2m[36m(pid=58331)[0m OMP: Info #171: KMP_AFFINITY: OS proc 51 maps to socket 1 core 3 thread 1 
[2m[36m(pid=58331)[0m OMP: Info #171: KMP_AFFINITY: OS proc 20 maps to socket 1 core 4 thread 0 
[2m[36m(pid=58331)[0m OMP: Info #171: KMP_AFFINITY: OS proc 52 maps to socket 1 core 4 thread 1 
[2m[36m(pid=58331)[0m OMP: Info #171: KMP_AFFINITY: OS proc 21 maps to socket 1 core 5 thread 0 
[2m[36m(pid=58331)[0m OMP: Info #171: KMP_AFFINITY: OS proc 53 maps to socket 1 core 5 thread 1 
[2m[36m(pid=58331)[0m OMP: Info #171: KMP_AFFINITY: OS proc 22 maps to socket 1 core 6 thread 0 
[2m[36m(pid=58331)[0m OMP: Info #171: KMP_AFFINITY: OS proc 54 maps to socket 1 core 6 thread 1 
[2m[36m(pid=58331)[0m OMP: Info #171: KMP_AFFINITY: OS proc 23 maps to socket 1 core 7 thread 0 
[2m[36m(pid=58331)[0m OMP: Info #171: KMP_AFFINITY: OS proc 55 maps to socket 1 core 7 thread 1 
[2m[36m(pid=58331)[0m OMP: Info #171: KMP_AFFINITY: OS proc 24 maps to socket 1 core 8 thread 0 
[2m[36m(pid=58331)[0m OMP: Info #171: KMP_AFFINITY: OS proc 56 maps to socket 1 core 8 thread 1 
[2m[36m(pid=58331)[0m OMP: Info #171: KMP_AFFINITY: OS proc 25 maps to socket 1 core 9 thread 0 
[2m[36m(pid=58331)[0m OMP: Info #171: KMP_AFFINITY: OS proc 57 maps to socket 1 core 9 thread 1 
[2m[36m(pid=58331)[0m OMP: Info #171: KMP_AFFINITY: OS proc 26 maps to socket 1 core 10 thread 0 
[2m[36m(pid=58331)[0m OMP: Info #171: KMP_AFFINITY: OS proc 58 maps to socket 1 core 10 thread 1 
[2m[36m(pid=58331)[0m OMP: Info #171: KMP_AFFINITY: OS proc 27 maps to socket 1 core 11 thread 0 
[2m[36m(pid=58331)[0m OMP: Info #171: KMP_AFFINITY: OS proc 59 maps to socket 1 core 11 thread 1 
[2m[36m(pid=58331)[0m OMP: Info #171: KMP_AFFINITY: OS proc 28 maps to socket 1 core 12 thread 0 
[2m[36m(pid=58331)[0m OMP: Info #171: KMP_AFFINITY: OS proc 60 maps to socket 1 core 12 thread 1 
[2m[36m(pid=58331)[0m OMP: Info #171: KMP_AFFINITY: OS proc 29 maps to socket 1 core 13 thread 0 
[2m[36m(pid=58331)[0m OMP: Info #171: KMP_AFFINITY: OS proc 61 maps to socket 1 core 13 thread 1 
[2m[36m(pid=58331)[0m OMP: Info #171: KMP_AFFINITY: OS proc 30 maps to socket 1 core 14 thread 0 
[2m[36m(pid=58331)[0m OMP: Info #171: KMP_AFFINITY: OS proc 62 maps to socket 1 core 14 thread 1 
[2m[36m(pid=58331)[0m OMP: Info #171: KMP_AFFINITY: OS proc 31 maps to socket 1 core 15 thread 0 
[2m[36m(pid=58331)[0m OMP: Info #171: KMP_AFFINITY: OS proc 63 maps to socket 1 core 15 thread 1 
[2m[36m(pid=58331)[0m OMP: Info #251: KMP_AFFINITY: pid 58331 tid 59661 thread 0 bound to OS proc set 0
[2m[36m(pid=58331)[0m OMP: Info #251: KMP_AFFINITY: pid 58331 tid 59661 thread 1 bound to OS proc set 1
[2m[36m(pid=58342)[0m OMP: Info #251: KMP_AFFINITY: pid 58342 tid 59664 thread 2 bound to OS proc set 2
[2m[36m(pid=58357)[0m OMP: Info #251: KMP_AFFINITY: pid 58357 tid 59667 thread 2 bound to OS proc set 2
[2m[36m(pid=58346)[0m OMP: Info #251: KMP_AFFINITY: pid 58346 tid 59666 thread 2 bound to OS proc set 2
[2m[36m(pid=58331)[0m OMP: Info #251: KMP_AFFINITY: pid 58331 tid 59665 thread 2 bound to OS proc set 2
############################## femnist.cnn ##############################
[2m[36m(pid=58342)[0m Parsing Inputs...
[2m[36m(pid=58342)[0m 
[2m[36m(pid=58342)[0m =========================Options=============================
[2m[36m(pid=58342)[0m -max_depth                  10000
[2m[36m(pid=58342)[0m -min_bytes                  0
[2m[36m(pid=58342)[0m -min_peak_bytes             0
[2m[36m(pid=58342)[0m -min_residual_bytes         0
[2m[36m(pid=58342)[0m -min_output_bytes           0
[2m[36m(pid=58342)[0m -min_micros                 0
[2m[36m(pid=58342)[0m -min_accelerator_micros     0
[2m[36m(pid=58342)[0m -min_cpu_micros             0
[2m[36m(pid=58342)[0m -min_params                 0
[2m[36m(pid=58342)[0m -min_float_ops              1
[2m[36m(pid=58342)[0m -min_occurrence             0
[2m[36m(pid=58342)[0m -step                       -1
[2m[36m(pid=58342)[0m -order_by                   float_ops
[2m[36m(pid=58342)[0m -account_type_regexes       .*
[2m[36m(pid=58342)[0m -start_name_regexes         .*
[2m[36m(pid=58342)[0m -trim_name_regexes          
[2m[36m(pid=58342)[0m -show_name_regexes          .*
[2m[36m(pid=58342)[0m -hide_name_regexes          
[2m[36m(pid=58342)[0m -account_displayed_op_only  true
[2m[36m(pid=58342)[0m -select                     float_ops
[2m[36m(pid=58342)[0m -output                     stdout:
[2m[36m(pid=58342)[0m 
[2m[36m(pid=58342)[0m ==================Model Analysis Report======================
[2m[36m(pid=58342)[0m 
[2m[36m(pid=58342)[0m Doc:
[2m[36m(pid=58342)[0m scope: The nodes in the model graph are organized by their names, which is hierarchical like filesystem.
[2m[36m(pid=58342)[0m flops: Number of float operations. Note: Please read the implementation for the math behind it.
[2m[36m(pid=58342)[0m 
[2m[36m(pid=58342)[0m Profile:
[2m[36m(pid=58342)[0m node name | # float_ops
[2m[36m(pid=58342)[0m _TFProfRoot (--/13.20m flops)
[2m[36m(pid=58342)[0m   dense/kernel/Initializer/random_uniform (6.42m/12.85m flops)
[2m[36m(pid=58342)[0m     dense/kernel/Initializer/random_uniform/mul (6.42m/6.42m flops)
[2m[36m(pid=58342)[0m     dense/kernel/Initializer/random_uniform/sub (1/1 flops)
[2m[36m(pid=58342)[0m   dense_1/kernel/Initializer/random_uniform (126.98k/253.95k flops)
[2m[36m(pid=58342)[0m     dense_1/kernel/Initializer/random_uniform/mul (126.98k/126.98k flops)
[2m[36m(pid=58342)[0m     dense_1/kernel/Initializer/random_uniform/sub (1/1 flops)
[2m[36m(pid=58342)[0m   conv2d_1/kernel/Initializer/random_uniform (51.20k/102.40k flops)
[2m[36m(pid=58342)[0m     conv2d_1/kernel/Initializer/random_uniform/mul (51.20k/51.20k flops)
[2m[36m(pid=58342)[0m     conv2d_1/kernel/Initializer/random_uniform/sub (1/1 flops)
[2m[36m(pid=58342)[0m   conv2d/kernel/Initializer/random_uniform (800/1.60k flops)
[2m[36m(pid=58342)[0m     conv2d/kernel/Initializer/random_uniform/mul (800/800 flops)
[2m[36m(pid=58342)[0m     conv2d/kernel/Initializer/random_uniform/sub (1/1 flops)
[2m[36m(pid=58342)[0m   gradients/sparse_softmax_cross_entropy_loss/value_grad/Neg (1/1 flops)
[2m[36m(pid=58342)[0m   gradients/sparse_softmax_cross_entropy_loss/value_grad/mul (1/1 flops)
[2m[36m(pid=58342)[0m   sparse_softmax_cross_entropy_loss/num_present/Equal (1/1 flops)
[2m[36m(pid=58342)[0m 
[2m[36m(pid=58342)[0m ======================End of Report==========================
[2m[36m(pid=58357)[0m Parsing Inputs...
[2m[36m(pid=58357)[0m 
[2m[36m(pid=58357)[0m =========================Options=============================
[2m[36m(pid=58357)[0m -max_depth                  10000
[2m[36m(pid=58357)[0m -min_bytes                  0
[2m[36m(pid=58357)[0m -min_peak_bytes             0
[2m[36m(pid=58357)[0m -min_residual_bytes         0
[2m[36m(pid=58357)[0m -min_output_bytes           0
[2m[36m(pid=58357)[0m -min_micros                 0
[2m[36m(pid=58357)[0m -min_accelerator_micros     0
[2m[36m(pid=58357)[0m -min_cpu_micros             0
[2m[36m(pid=58357)[0m -min_params                 0
[2m[36m(pid=58357)[0m -min_float_ops              1
[2m[36m(pid=58357)[0m -min_occurrence             0
[2m[36m(pid=58357)[0m -step                       -1
[2m[36m(pid=58357)[0m -order_by                   float_ops
[2m[36m(pid=58357)[0m -account_type_regexes       .*
[2m[36m(pid=58357)[0m -start_name_regexes         .*
[2m[36m(pid=58357)[0m -trim_name_regexes          
[2m[36m(pid=58357)[0m -show_name_regexes          .*
[2m[36m(pid=58357)[0m -hide_name_regexes          
[2m[36m(pid=58357)[0m -account_displayed_op_only  true
[2m[36m(pid=58357)[0m -select                     float_ops
[2m[36m(pid=58357)[0m -output                     stdout:
[2m[36m(pid=58357)[0m 
[2m[36m(pid=58357)[0m ==================Model Analysis Report======================
[2m[36m(pid=58357)[0m 
[2m[36m(pid=58357)[0m Doc:
[2m[36m(pid=58357)[0m scope: The nodes in the model graph are organized by their names, which is hierarchical like filesystem.
[2m[36m(pid=58357)[0m flops: Number of float operations. Note: Please read the implementation for the math behind it.
[2m[36m(pid=58357)[0m 
[2m[36m(pid=58357)[0m Profile:
[2m[36m(pid=58357)[0m node name | # float_ops
[2m[36m(pid=58357)[0m _TFProfRoot (--/13.20m flops)
[2m[36m(pid=58357)[0m   dense/kernel/Initializer/random_uniform (6.42m/12.85m flops)
[2m[36m(pid=58357)[0m     dense/kernel/Initializer/random_uniform/mul (6.42m/6.42m flops)
[2m[36m(pid=58357)[0m     dense/kernel/Initializer/random_uniform/sub (1/1 flops)
[2m[36m(pid=58357)[0m   dense_1/kernel/Initializer/random_uniform (126.98k/253.95k flops)
[2m[36m(pid=58357)[0m     dense_1/kernel/Initializer/random_uniform/mul (126.98k/126.98k flops)
[2m[36m(pid=58357)[0m     dense_1/kernel/Initializer/random_uniform/sub (1/1 flops)
[2m[36m(pid=58357)[0m   conv2d_1/kernel/Initializer/random_uniform (51.20k/102.40k flops)
[2m[36m(pid=58357)[0m     conv2d_1/kernel/Initializer/random_uniform/mul (51.20k/51.20k flops)
[2m[36m(pid=58357)[0m     conv2d_1/kernel/Initializer/random_uniform/sub (1/1 flops)
[2m[36m(pid=58357)[0m   conv2d/kernel/Initializer/random_uniform (800/1.60k flops)
[2m[36m(pid=58357)[0m     conv2d/kernel/Initializer/random_uniform/mul (800/800 flops)
[2m[36m(pid=58357)[0m     conv2d/kernel/Initializer/random_uniform/sub (1/1 flops)
[2m[36m(pid=58357)[0m   gradients/sparse_softmax_cross_entropy_loss/value_grad/Neg (1/1 flops)
[2m[36m(pid=58357)[0m   gradients/sparse_softmax_cross_entropy_loss/value_grad/mul (1/1 flops)
[2m[36m(pid=58357)[0m   sparse_softmax_cross_entropy_loss/num_present/Equal (1/1 flops)
[2m[36m(pid=58357)[0m 
[2m[36m(pid=58357)[0m ======================End of Report==========================
[2m[36m(pid=58346)[0m Parsing Inputs...
[2m[36m(pid=58346)[0m 
[2m[36m(pid=58346)[0m =========================Options=============================
[2m[36m(pid=58346)[0m -max_depth                  10000
[2m[36m(pid=58346)[0m -min_bytes                  0
[2m[36m(pid=58346)[0m -min_peak_bytes             0
[2m[36m(pid=58346)[0m -min_residual_bytes         0
[2m[36m(pid=58346)[0m -min_output_bytes           0
[2m[36m(pid=58346)[0m -min_micros                 0
[2m[36m(pid=58346)[0m -min_accelerator_micros     0
[2m[36m(pid=58346)[0m -min_cpu_micros             0
[2m[36m(pid=58346)[0m -min_params                 0
[2m[36m(pid=58346)[0m -min_float_ops              1
[2m[36m(pid=58346)[0m -min_occurrence             0
[2m[36m(pid=58346)[0m -step                       -1
[2m[36m(pid=58346)[0m -order_by                   float_ops
[2m[36m(pid=58346)[0m -account_type_regexes       .*
[2m[36m(pid=58346)[0m -start_name_regexes         .*
[2m[36m(pid=58346)[0m -trim_name_regexes          
[2m[36m(pid=58346)[0m -show_name_regexes          .*
[2m[36m(pid=58346)[0m -hide_name_regexes          
[2m[36m(pid=58346)[0m -account_displayed_op_only  true
[2m[36m(pid=58346)[0m -select                     float_ops
[2m[36m(pid=58346)[0m -output                     stdout:
[2m[36m(pid=58346)[0m 
[2m[36m(pid=58346)[0m ==================Model Analysis Report======================
[2m[36m(pid=58346)[0m 
[2m[36m(pid=58346)[0m Doc:
[2m[36m(pid=58346)[0m scope: The nodes in the model graph are organized by their names, which is hierarchical like filesystem.
[2m[36m(pid=58346)[0m flops: Number of float operations. Note: Please read the implementation for the math behind it.
[2m[36m(pid=58346)[0m 
[2m[36m(pid=58346)[0m Profile:
[2m[36m(pid=58346)[0m node name | # float_ops
[2m[36m(pid=58346)[0m _TFProfRoot (--/13.20m flops)
[2m[36m(pid=58346)[0m   dense/kernel/Initializer/random_uniform (6.42m/12.85m flops)
[2m[36m(pid=58346)[0m     dense/kernel/Initializer/random_uniform/mul (6.42m/6.42m flops)
[2m[36m(pid=58346)[0m     dense/kernel/Initializer/random_uniform/sub (1/1 flops)
[2m[36m(pid=58346)[0m   dense_1/kernel/Initializer/random_uniform (126.98k/253.95k flops)
[2m[36m(pid=58346)[0m     dense_1/kernel/Initializer/random_uniform/mul (126.98k/126.98k flops)
[2m[36m(pid=58346)[0m     dense_1/kernel/Initializer/random_uniform/sub (1/1 flops)
[2m[36m(pid=58346)[0m   conv2d_1/kernel/Initializer/random_uniform (51.20k/102.40k flops)
[2m[36m(pid=58346)[0m     conv2d_1/kernel/Initializer/random_uniform/mul (51.20k/51.20k flops)
[2m[36m(pid=58346)[0m     conv2d_1/kernel/Initializer/random_uniform/sub (1/1 flops)
[2m[36m(pid=58346)[0m   conv2d/kernel/Initializer/random_uniform (800/1.60k flops)
[2m[36m(pid=58346)[0m     conv2d/kernel/Initializer/random_uniform/mul (800/800 flops)
[2m[36m(pid=58346)[0m     conv2d/kernel/Initializer/random_uniform/sub (1/1 flops)
[2m[36m(pid=58346)[0m   gradients/sparse_softmax_cross_entropy_loss/value_grad/Neg (1/1 flops)
[2m[36m(pid=58346)[0m   gradients/sparse_softmax_cross_entropy_loss/value_grad/mul (1/1 flops)
[2m[36m(pid=58346)[0m   sparse_softmax_cross_entropy_loss/num_present/Equal (1/1 flops)
[2m[36m(pid=58346)[0m 
[2m[36m(pid=58346)[0m ======================End of Report==========================
[2m[36m(pid=58351)[0m Parsing Inputs...
[2m[36m(pid=58351)[0m 
[2m[36m(pid=58351)[0m =========================Options=============================
[2m[36m(pid=58351)[0m -max_depth                  10000
[2m[36m(pid=58351)[0m -min_bytes                  0
[2m[36m(pid=58351)[0m -min_peak_bytes             0
[2m[36m(pid=58351)[0m -min_residual_bytes         0
[2m[36m(pid=58351)[0m -min_output_bytes           0
[2m[36m(pid=58351)[0m -min_micros                 0
[2m[36m(pid=58351)[0m -min_accelerator_micros     0
[2m[36m(pid=58351)[0m -min_cpu_micros             0
[2m[36m(pid=58351)[0m -min_params                 0
[2m[36m(pid=58351)[0m -min_float_ops              1
[2m[36m(pid=58351)[0m -min_occurrence             0
[2m[36m(pid=58351)[0m -step                       -1
[2m[36m(pid=58351)[0m -order_by                   float_ops
[2m[36m(pid=58351)[0m -account_type_regexes       .*
[2m[36m(pid=58351)[0m -start_name_regexes         .*
[2m[36m(pid=58351)[0m -trim_name_regexes          
[2m[36m(pid=58351)[0m -show_name_regexes          .*
[2m[36m(pid=58351)[0m -hide_name_regexes          
[2m[36m(pid=58351)[0m -account_displayed_op_only  true
[2m[36m(pid=58351)[0m -select                     float_ops
[2m[36m(pid=58351)[0m -output                     stdout:
[2m[36m(pid=58351)[0m 
[2m[36m(pid=58351)[0m ==================Model Analysis Report======================
[2m[36m(pid=58351)[0m 
[2m[36m(pid=58351)[0m Doc:
[2m[36m(pid=58351)[0m scope: The nodes in the model graph are organized by their names, which is hierarchical like filesystem.
[2m[36m(pid=58351)[0m flops: Number of float operations. Note: Please read the implementation for the math behind it.
[2m[36m(pid=58351)[0m 
[2m[36m(pid=58351)[0m Profile:
[2m[36m(pid=58351)[0m node name | # float_ops
[2m[36m(pid=58351)[0m _TFProfRoot (--/13.20m flops)
[2m[36m(pid=58351)[0m   dense/kernel/Initializer/random_uniform (6.42m/12.85m flops)
[2m[36m(pid=58351)[0m     dense/kernel/Initializer/random_uniform/mul (6.42m/6.42m flops)
[2m[36m(pid=58351)[0m     dense/kernel/Initializer/random_uniform/sub (1/1 flops)
[2m[36m(pid=58351)[0m   dense_1/kernel/Initializer/random_uniform (126.98k/253.95k flops)
[2m[36m(pid=58351)[0m     dense_1/kernel/Initializer/random_uniform/mul (126.98k/126.98k flops)
[2m[36m(pid=58351)[0m     dense_1/kernel/Initializer/random_uniform/sub (1/1 flops)
[2m[36m(pid=58351)[0m   conv2d_1/kernel/Initializer/random_uniform (51.20k/102.40k flops)
[2m[36m(pid=58351)[0m     conv2d_1/kernel/Initializer/random_uniform/mul (51.20k/51.20k flops)
[2m[36m(pid=58351)[0m     conv2d_1/kernel/Initializer/random_uniform/sub (1/1 flops)
[2m[36m(pid=58351)[0m   conv2d/kernel/Initializer/random_uniform (800/1.60k flops)
[2m[36m(pid=58351)[0m     conv2d/kernel/Initializer/random_uniform/mul (800/800 flops)
[2m[36m(pid=58351)[0m     conv2d/kernel/Initializer/random_uniform/sub (1/1 flops)
[2m[36m(pid=58351)[0m   gradients/sparse_softmax_cross_entropy_loss/value_grad/Neg (1/1 flops)
[2m[36m(pid=58351)[0m   gradients/sparse_softmax_cross_entropy_loss/value_grad/mul (1/1 flops)
[2m[36m(pid=58351)[0m   sparse_softmax_cross_entropy_loss/num_present/Equal (1/1 flops)
[2m[36m(pid=58351)[0m 
[2m[36m(pid=58351)[0m ======================End of Report==========================
Clients in Total: 194
--- Random Initialization ---
[2m[36m(pid=58331)[0m Parsing Inputs...
[2m[36m(pid=58331)[0m 
[2m[36m(pid=58331)[0m =========================Options=============================
[2m[36m(pid=58331)[0m -max_depth                  10000
[2m[36m(pid=58331)[0m -min_bytes                  0
[2m[36m(pid=58331)[0m -min_peak_bytes             0
[2m[36m(pid=58331)[0m -min_residual_bytes         0
[2m[36m(pid=58331)[0m -min_output_bytes           0
[2m[36m(pid=58331)[0m -min_micros                 0
[2m[36m(pid=58331)[0m -min_accelerator_micros     0
[2m[36m(pid=58331)[0m -min_cpu_micros             0
[2m[36m(pid=58331)[0m -min_params                 0
[2m[36m(pid=58331)[0m -min_float_ops              1
[2m[36m(pid=58331)[0m -min_occurrence             0
[2m[36m(pid=58331)[0m -step                       -1
[2m[36m(pid=58331)[0m -order_by                   float_ops
[2m[36m(pid=58331)[0m -account_type_regexes       .*
[2m[36m(pid=58331)[0m -start_name_regexes         .*
[2m[36m(pid=58331)[0m -trim_name_regexes          
[2m[36m(pid=58331)[0m -show_name_regexes          .*
[2m[36m(pid=58331)[0m -hide_name_regexes          
[2m[36m(pid=58331)[0m -account_displayed_op_only  true
[2m[36m(pid=58331)[0m -select                     float_ops
[2m[36m(pid=58331)[0m -output                     stdout:
[2m[36m(pid=58331)[0m 
[2m[36m(pid=58331)[0m ==================Model Analysis Report======================
[2m[36m(pid=58331)[0m 
[2m[36m(pid=58331)[0m Doc:
[2m[36m(pid=58331)[0m scope: The nodes in the model graph are organized by their names, which is hierarchical like filesystem.
[2m[36m(pid=58331)[0m flops: Number of float operations. Note: Please read the implementation for the math behind it.
[2m[36m(pid=58331)[0m 
[2m[36m(pid=58331)[0m Profile:
[2m[36m(pid=58331)[0m node name | # float_ops
[2m[36m(pid=58331)[0m _TFProfRoot (--/13.20m flops)
[2m[36m(pid=58331)[0m   dense/kernel/Initializer/random_uniform (6.42m/12.85m flops)
[2m[36m(pid=58331)[0m     dense/kernel/Initializer/random_uniform/mul (6.42m/6.42m flops)
[2m[36m(pid=58331)[0m     dense/kernel/Initializer/random_uniform/sub (1/1 flops)
[2m[36m(pid=58331)[0m   dense_1/kernel/Initializer/random_uniform (126.98k/253.95k flops)
[2m[36m(pid=58331)[0m     dense_1/kernel/Initializer/random_uniform/mul (126.98k/126.98k flops)
[2m[36m(pid=58331)[0m     dense_1/kernel/Initializer/random_uniform/sub (1/1 flops)
[2m[36m(pid=58331)[0m   conv2d_1/kernel/Initializer/random_uniform (51.20k/102.40k flops)
[2m[36m(pid=58331)[0m     conv2d_1/kernel/Initializer/random_uniform/mul (51.20k/51.20k flops)
[2m[36m(pid=58331)[0m     conv2d_1/kernel/Initializer/random_uniform/sub (1/1 flops)
[2m[36m(pid=58331)[0m   conv2d/kernel/Initializer/random_uniform (800/1.60k flops)
[2m[36m(pid=58331)[0m     conv2d/kernel/Initializer/random_uniform/mul (800/800 flops)
[2m[36m(pid=58331)[0m     conv2d/kernel/Initializer/random_uniform/sub (1/1 flops)
[2m[36m(pid=58331)[0m   gradients/sparse_softmax_cross_entropy_loss/value_grad/Neg (1/1 flops)
[2m[36m(pid=58331)[0m   gradients/sparse_softmax_cross_entropy_loss/value_grad/mul (1/1 flops)
[2m[36m(pid=58331)[0m   sparse_softmax_cross_entropy_loss/num_present/Equal (1/1 flops)
[2m[36m(pid=58331)[0m 
[2m[36m(pid=58331)[0m ======================End of Report==========================
train_accuracy: 0.0112524, 10th percentile: 0, 50th percentile: 0.00653595, 90th percentile 0.0258454
train_loss: 4.12623, 10th percentile: 4.11601, 50th percentile: 4.12783, 90th percentile 4.13381
test_accuracy: 0.0121363, 10th percentile: 0, 50th percentile: 0, 90th percentile 0.05
test_loss: 4.12714, 10th percentile: 4.10003, 50th percentile: 4.12803, 90th percentile 4.15842
--- Round 1 of 80: Training 2 Clients ---
[2m[36m(pid=58342)[0m Client id: f1613_27 flops: [5.94135675e+09 5.94135675e+09 5.94135675e+09 5.94135675e+09
[2m[36m(pid=58342)[0m  5.94135675e+09 5.94135675e+09 5.94135675e+09 5.94135675e+09
[2m[36m(pid=58342)[0m  5.94135675e+09 5.94135675e+09 5.94135675e+09 5.94135675e+09
[2m[36m(pid=58342)[0m  5.94135675e+09 5.94135675e+09 5.94135675e+09 5.94135675e+09
[2m[36m(pid=58342)[0m  5.94135675e+09 5.94135675e+09 5.94135675e+09 5.94135675e+09
[2m[36m(pid=58342)[0m  5.94135675e+09 5.94135675e+09 5.94135675e+09 5.94135675e+09
[2m[36m(pid=58342)[0m  5.94135675e+09 5.94135675e+09 5.94135675e+09 5.94135675e+09
[2m[36m(pid=58342)[0m  5.94135675e+09 5.94135675e+09 5.94135675e+09 5.94135675e+09]
[2m[36m(pid=58351)[0m Client id: f3778_23 flops: [9.90226125e+09 9.90226125e+09 9.90226125e+09 9.90226125e+09
[2m[36m(pid=58351)[0m  9.90226125e+09 9.90226125e+09 9.90226125e+09 9.90226125e+09
[2m[36m(pid=58351)[0m  9.90226125e+09 9.90226125e+09 9.90226125e+09 9.90226125e+09
[2m[36m(pid=58351)[0m  9.90226125e+09 9.90226125e+09 9.90226125e+09 9.90226125e+09
[2m[36m(pid=58351)[0m  9.90226125e+09 9.90226125e+09 9.90226125e+09 9.90226125e+09
[2m[36m(pid=58351)[0m  9.90226125e+09 9.90226125e+09 9.90226125e+09 9.90226125e+09
[2m[36m(pid=58351)[0m  9.90226125e+09 9.90226125e+09 9.90226125e+09 9.90226125e+09
[2m[36m(pid=58351)[0m  9.90226125e+09 9.90226125e+09 9.90226125e+09 9.90226125e+09]
[2m[36m(pid=58346)[0m Client id: f2261_76 flops: [9.90226125e+09 9.90226125e+09 9.90226125e+09 9.90226125e+09
[2m[36m(pid=58346)[0m  9.90226125e+09 9.90226125e+09 9.90226125e+09 9.90226125e+09
[2m[36m(pid=58346)[0m  9.90226125e+09 9.90226125e+09 9.90226125e+09 9.90226125e+09
[2m[36m(pid=58346)[0m  9.90226125e+09 9.90226125e+09 9.90226125e+09 9.90226125e+09
[2m[36m(pid=58346)[0m  9.90226125e+09 9.90226125e+09 9.90226125e+09 9.90226125e+09
[2m[36m(pid=58346)[0m  9.90226125e+09 9.90226125e+09 9.90226125e+09 9.90226125e+09
[2m[36m(pid=58346)[0m  9.90226125e+09 9.90226125e+09 9.90226125e+09 9.90226125e+09
[2m[36m(pid=58346)[0m  9.90226125e+09 9.90226125e+09 9.90226125e+09 9.90226125e+09]
[2m[36m(pid=58342)[0m Client id: f1994_21 flops: [9.2421105e+09 9.2421105e+09 9.2421105e+09 9.2421105e+09 9.2421105e+09
[2m[36m(pid=58342)[0m  9.2421105e+09 9.2421105e+09 9.2421105e+09 9.2421105e+09 9.2421105e+09
[2m[36m(pid=58342)[0m  9.2421105e+09 9.2421105e+09 9.2421105e+09 9.2421105e+09 9.2421105e+09
[2m[36m(pid=58342)[0m  9.2421105e+09 9.2421105e+09 9.2421105e+09 9.2421105e+09 9.2421105e+09
[2m[36m(pid=58342)[0m  9.2421105e+09 9.2421105e+09 9.2421105e+09 9.2421105e+09 9.2421105e+09
[2m[36m(pid=58342)[0m  9.2421105e+09 9.2421105e+09 9.2421105e+09 9.2421105e+09 9.2421105e+09
[2m[36m(pid=58342)[0m  9.2421105e+09 9.2421105e+09]
[2m[36m(pid=58357)[0m Client id: f0140_09 flops: [1.65037687e+10 1.65037687e+10 1.65037687e+10 1.65037688e+10
[2m[36m(pid=58357)[0m  1.65037687e+10 1.65037688e+10 1.65037688e+10 1.65037688e+10
[2m[36m(pid=58357)[0m  1.65037688e+10 1.65037687e+10 1.65037687e+10 1.65037688e+10
[2m[36m(pid=58357)[0m  1.65037687e+10 1.65037687e+10 1.65037688e+10 1.65037688e+10
[2m[36m(pid=58357)[0m  1.65037688e+10 1.65037688e+10 1.65037688e+10 1.65037687e+10
[2m[36m(pid=58357)[0m  1.65037687e+10 1.65037688e+10 1.65037688e+10 1.65037688e+10
[2m[36m(pid=58357)[0m  1.65037687e+10 1.65037687e+10 1.65037688e+10 1.65037687e+10
[2m[36m(pid=58357)[0m  1.65037687e+10 1.65037687e+10 1.65037687e+10 1.65037687e+10]
[2m[36m(pid=58351)[0m Client id: f3856_34 flops: [9.2421105e+09 9.2421105e+09 9.2421105e+09 9.2421105e+09 9.2421105e+09
[2m[36m(pid=58351)[0m  9.2421105e+09 9.2421105e+09 9.2421105e+09 9.2421105e+09 9.2421105e+09
[2m[36m(pid=58351)[0m  9.2421105e+09 9.2421105e+09 9.2421105e+09 9.2421105e+09 9.2421105e+09
[2m[36m(pid=58351)[0m  9.2421105e+09 9.2421105e+09 9.2421105e+09 9.2421105e+09 9.2421105e+09
[2m[36m(pid=58351)[0m  9.2421105e+09 9.2421105e+09 9.2421105e+09 9.2421105e+09 9.2421105e+09
[2m[36m(pid=58351)[0m  9.2421105e+09 9.2421105e+09 9.2421105e+09 9.2421105e+09 9.2421105e+09
[2m[36m(pid=58351)[0m  9.2421105e+09 9.2421105e+09]
[2m[36m(pid=58346)[0m Client id: f3183_15 flops: [1.0562412e+10 1.0562412e+10 1.0562412e+10 1.0562412e+10 1.0562412e+10
[2m[36m(pid=58346)[0m  1.0562412e+10 1.0562412e+10 1.0562412e+10 1.0562412e+10 1.0562412e+10
[2m[36m(pid=58346)[0m  1.0562412e+10 1.0562412e+10 1.0562412e+10 1.0562412e+10 1.0562412e+10
[2m[36m(pid=58346)[0m  1.0562412e+10 1.0562412e+10 1.0562412e+10 1.0562412e+10 1.0562412e+10
[2m[36m(pid=58346)[0m  1.0562412e+10 1.0562412e+10 1.0562412e+10 1.0562412e+10 1.0562412e+10
[2m[36m(pid=58346)[0m  1.0562412e+10 1.0562412e+10 1.0562412e+10 1.0562412e+10 1.0562412e+10
[2m[36m(pid=58346)[0m  1.0562412e+10 1.0562412e+10]
[2m[36m(pid=58331)[0m Client id: f0766_01 flops: [2.1124824e+10 2.1124824e+10 2.1124824e+10 2.1124824e+10 2.1124824e+10
[2m[36m(pid=58331)[0m  2.1124824e+10 2.1124824e+10 2.1124824e+10 2.1124824e+10 2.1124824e+10
[2m[36m(pid=58331)[0m  2.1124824e+10 2.1124824e+10 2.1124824e+10 2.1124824e+10 2.1124824e+10
[2m[36m(pid=58331)[0m  2.1124824e+10 2.1124824e+10 2.1124824e+10 2.1124824e+10 2.1124824e+10
[2m[36m(pid=58331)[0m  2.1124824e+10 2.1124824e+10 2.1124824e+10 2.1124824e+10 2.1124824e+10
[2m[36m(pid=58331)[0m  2.1124824e+10 2.1124824e+10 2.1124824e+10 2.1124824e+10 2.1124824e+10
[2m[36m(pid=58331)[0m  2.1124824e+10 2.1124824e+10]
[2m[36m(pid=58357)[0m Client id: f0502_09 flops: [2.31052762e+10 2.31052763e+10 2.31052762e+10 2.31052763e+10
[2m[36m(pid=58357)[0m  2.31052762e+10 2.31052763e+10 2.31052763e+10 2.31052763e+10
[2m[36m(pid=58357)[0m  2.31052763e+10 2.31052763e+10 2.31052762e+10 2.31052763e+10
[2m[36m(pid=58357)[0m  2.31052762e+10 2.31052763e+10 2.31052763e+10 2.31052763e+10
[2m[36m(pid=58357)[0m  2.31052763e+10 2.31052763e+10 2.31052763e+10 2.31052762e+10
[2m[36m(pid=58357)[0m  2.31052762e+10 2.31052763e+10 2.31052763e+10 2.31052763e+10
[2m[36m(pid=58357)[0m  2.31052763e+10 2.31052763e+10 2.31052763e+10 2.31052762e+10
[2m[36m(pid=58357)[0m  2.31052763e+10 2.31052762e+10 2.31052762e+10 2.31052762e+10]
[2m[36m(pid=58331)[0m Client id: f1246_39 flops: [1.8484221e+10 1.8484221e+10 1.8484221e+10 1.8484221e+10 1.8484221e+10
[2m[36m(pid=58331)[0m  1.8484221e+10 1.8484221e+10 1.8484221e+10 1.8484221e+10 1.8484221e+10
[2m[36m(pid=58331)[0m  1.8484221e+10 1.8484221e+10 1.8484221e+10 1.8484221e+10 1.8484221e+10
[2m[36m(pid=58331)[0m  1.8484221e+10 1.8484221e+10 1.8484221e+10 1.8484221e+10 1.8484221e+10
[2m[36m(pid=58331)[0m  1.8484221e+10 1.8484221e+10 1.8484221e+10 1.8484221e+10 1.8484221e+10
[2m[36m(pid=58331)[0m  1.8484221e+10 1.8484221e+10 1.8484221e+10 1.8484221e+10 1.8484221e+10
[2m[36m(pid=58331)[0m  1.8484221e+10 1.8484221e+10]
Traceback (most recent call last):
  File "main.py", line 268, in <module>
    main()
  File "main.py", line 116, in main
    server.update_model()
  File "/global/u2/a/arissa/RayLeaf/leaf/models/server.py", line 79, in update_model
    client_model, flops = self.sketcher.uncompress(compressed_update)
ValueError: too many values to unpack (expected 2)
